<?xml version="1.0" encoding="UTF-8"?>
<testsuite name="com.lsken.lskenapp.LskenappApplicationTests" tests="1" skipped="0" failures="0" errors="0" timestamp="2017-10-23T13:27:25" hostname="hiromix222mbp.local" time="0.06">
  <properties/>
  <testcase name="contextLoads" classname="com.lsken.lskenapp.LskenappApplicationTests" time="0.06"/>
  <system-out><![CDATA[22:27:05.617 [Test worker] DEBUG org.springframework.test.context.junit4.SpringJUnit4ClassRunner - SpringJUnit4ClassRunner constructor called with [class com.lsken.lskenapp.LskenappApplicationTests]
22:27:05.654 [Test worker] DEBUG org.springframework.test.context.BootstrapUtils - Instantiating CacheAwareContextLoaderDelegate from class [org.springframework.test.context.cache.DefaultCacheAwareContextLoaderDelegate]
22:27:05.678 [Test worker] DEBUG org.springframework.test.context.BootstrapUtils - Instantiating BootstrapContext using constructor [public org.springframework.test.context.support.DefaultBootstrapContext(java.lang.Class,org.springframework.test.context.CacheAwareContextLoaderDelegate)]
22:27:05.704 [Test worker] DEBUG org.springframework.test.context.BootstrapUtils - Instantiating TestContextBootstrapper for test class [com.lsken.lskenapp.LskenappApplicationTests] from class [org.springframework.boot.test.context.SpringBootTestContextBootstrapper]
22:27:05.752 [Test worker] INFO org.springframework.boot.test.context.SpringBootTestContextBootstrapper - Neither @ContextConfiguration nor @ContextHierarchy found for test class [com.lsken.lskenapp.LskenappApplicationTests], using SpringBootContextLoader
22:27:05.756 [Test worker] DEBUG org.springframework.test.context.support.AbstractContextLoader - Did not detect default resource location for test class [com.lsken.lskenapp.LskenappApplicationTests]: class path resource [com/lsken/lskenapp/LskenappApplicationTests-context.xml] does not exist
22:27:05.757 [Test worker] DEBUG org.springframework.test.context.support.AbstractContextLoader - Did not detect default resource location for test class [com.lsken.lskenapp.LskenappApplicationTests]: class path resource [com/lsken/lskenapp/LskenappApplicationTestsContext.groovy] does not exist
22:27:05.758 [Test worker] INFO org.springframework.test.context.support.AbstractContextLoader - Could not detect default resource locations for test class [com.lsken.lskenapp.LskenappApplicationTests]: no resource found for suffixes {-context.xml, Context.groovy}.
22:27:05.759 [Test worker] INFO org.springframework.test.context.support.AnnotationConfigContextLoaderUtils - Could not detect default configuration classes for test class [com.lsken.lskenapp.LskenappApplicationTests]: LskenappApplicationTests does not declare any static, non-private, non-final, nested classes annotated with @Configuration.
22:27:05.810 [Test worker] DEBUG org.springframework.test.context.support.ActiveProfilesUtils - Could not find an 'annotation declaring class' for annotation type [org.springframework.test.context.ActiveProfiles] and class [com.lsken.lskenapp.LskenappApplicationTests]
22:27:05.825 [Test worker] DEBUG org.springframework.core.env.StandardEnvironment - Adding PropertySource 'systemProperties' with lowest search precedence
22:27:05.828 [Test worker] DEBUG org.springframework.core.env.StandardEnvironment - Adding PropertySource 'systemEnvironment' with lowest search precedence
22:27:05.829 [Test worker] DEBUG org.springframework.core.env.StandardEnvironment - Initialized StandardEnvironment with PropertySources [MapPropertySource@1876337127 {name='systemProperties', properties={java.runtime.name=Java(TM) SE Runtime Environment, sun.boot.library.path=/Library/Java/JavaVirtualMachines/jdk1.8.0_91.jdk/Contents/Home/jre/lib, java.vm.version=25.91-b14, gopherProxySet=false, java.vm.vendor=Oracle Corporation, java.vendor.url=http://java.oracle.com/, path.separator=:, java.vm.name=Java HotSpot(TM) 64-Bit Server VM, file.encoding.pkg=sun.io, sun.java.launcher=SUN_STANDARD, user.country=JP, sun.os.patch.level=unknown, java.vm.specification.name=Java Virtual Machine Specification, user.dir=/Users/hiromitakahashi/oper/gradle/lskenapp, java.runtime.version=1.8.0_91-b14, java.awt.graphicsenv=sun.awt.CGraphicsEnvironment, java.endorsed.dirs=/Library/Java/JavaVirtualMachines/jdk1.8.0_91.jdk/Contents/Home/jre/lib/endorsed, os.arch=x86_64, java.io.tmpdir=/var/folders/1m/v_pnk3kd3hj0558d1z3nsnzh0000gn/T/, line.separator=
, java.vm.specification.vendor=Oracle Corporation, user.variant=, os.name=Mac OS X, sun.jnu.encoding=UTF-8, java.library.path=/Users/hiromitakahashi/Library/Java/Extensions:/Library/Java/Extensions:/Network/Library/Java/Extensions:/System/Library/Java/Extensions:/usr/lib/java:., java.specification.name=Java Platform API Specification, java.class.version=52.0, sun.management.compiler=HotSpot 64-Bit Tiered Compilers, os.version=10.12.6, http.nonProxyHosts=local|*.local|169.254/16|*.169.254/16, user.home=/Users/hiromitakahashi, user.timezone=Asia/Tokyo, java.awt.printerjob=sun.lwawt.macosx.CPrinterJob, file.encoding=UTF-8, java.specification.version=1.8, java.class.path=/Users/hiromitakahashi/oper/gradle/lskenapp/build/classes/test:/Users/hiromitakahashi/oper/gradle/lskenapp/build/resources/test:/Users/hiromitakahashi/oper/gradle/lskenapp/build/classes/main:/Users/hiromitakahashi/oper/gradle/lskenapp/build/resources/main:/Users/hiromitakahashi/.gradle/caches/modules-2/files-2.1/org.springframework.boot/spring-boot-starter-thymeleaf/1.5.8.RELEASE/255b749537ca0fa48adeb0c15cf48734b9ffcf5e/spring-boot-starter-thymeleaf-1.5.8.RELEASE.jar:/Users/hiromitakahashi/.gradle/caches/modules-2/files-2.1/net.sourceforge.nekohtml/nekohtml/1.9.22/4f54af68ecb345f2453fb6884672ad08414154e3/nekohtml-1.9.22.jar:/Users/hiromitakahashi/.gradle/caches/modules-2/files-2.1/org.springframework.boot/spring-boot-starter-actuator/1.5.8.RELEASE/927c40a1af518dc240dfdf7aaf0a9673c3a127c5/spring-boot-starter-actuator-1.5.8.RELEASE.jar:/Users/hiromitakahashi/.gradle/caches/modules-2/files-2.1/org.springframework.boot/spring-boot-starter-data-jpa/1.5.8.RELEASE/55bb5e8aea5707f79ee9888ad75261a7b7df4654/spring-boot-starter-data-jpa-1.5.8.RELEASE.jar:/Users/hiromitakahashi/.gradle/caches/modules-2/files-2.1/org.lazyluke/log4jdbc-remix/0.2.7/3125bf52887910bbcd52dcebf8c443640f3ff709/log4jdbc-remix-0.2.7.jar:/Users/hiromitakahashi/.gradle/caches/modules-2/files-2.1/org.springframework.boot/spring-boot-devtools/1.5.8.RELEASE/ea212262e3ae47e76fa176358fcf9ee2780b80da/spring-boot-devtools-1.5.8.RELEASE.jar:/Users/hiromitakahashi/.gradle/caches/modules-2/files-2.1/com.h2database/h2/1.4.196/dd0034398d593aa3588c6773faac429bbd9aea0e/h2-1.4.196.jar:/Users/hiromitakahashi/.gradle/caches/modules-2/files-2.1/org.springframework.boot/spring-boot-starter-test/1.5.8.RELEASE/20b767f594924b32950286f1236ab7d68ff861f9/spring-boot-starter-test-1.5.8.RELEASE.jar:/Users/hiromitakahashi/.gradle/caches/modules-2/files-2.1/org.springframework.boot/spring-boot-starter/1.5.8.RELEASE/18048efe1f06569022a53cc3fb2fe9c0162935a3/spring-boot-starter-1.5.8.RELEASE.jar:/Users/hiromitakahashi/.gradle/caches/modules-2/files-2.1/org.springframework.boot/spring-boot-starter-web/1.5.8.RELEASE/7e0dc79e3b47be4539ad3c033639133ae6b7a17e/spring-boot-starter-web-1.5.8.RELEASE.jar:/Users/hiromitakahashi/.gradle/caches/modules-2/files-2.1/org.thymeleaf/thymeleaf-spring4/2.1.5.RELEASE/74cb9028e99597b5d71a98e919fd531a7fc290b4/thymeleaf-spring4-2.1.5.RELEASE.jar:/Users/hiromitakahashi/.gradle/caches/modules-2/files-2.1/nz.net.ultraq.thymeleaf/thymeleaf-layout-dialect/1.4.0/8d7810c069ed1534b9631fb1e85c35973546086/thymeleaf-layout-dialect-1.4.0.jar:/Users/hiromitakahashi/.gradle/caches/modules-2/files-2.1/xerces/xercesImpl/2.11.0/9bb329db1cfc4e22462c9d6b43a8432f5850e92c/xercesImpl-2.11.0.jar:/Users/hiromitakahashi/.gradle/caches/modules-2/files-2.1/org.springframework.boot/spring-boot-actuator/1.5.8.RELEASE/aac530fe877ed91c92831019755c49f29b08e6/spring-boot-actuator-1.5.8.RELEASE.jar:/Users/hiromitakahashi/.gradle/caches/modules-2/files-2.1/org.springframework.boot/spring-boot-starter-aop/1.5.8.RELEASE/9bc9a40e0718726ed48f6becc509b2d186f1ebcc/spring-boot-starter-aop-1.5.8.RELEASE.jar:/Users/hiromitakahashi/.gradle/caches/modules-2/files-2.1/org.springframework.boot/spring-boot-starter-jdbc/1.5.8.RELEASE/fc98631eba9817c920b9ac1c5845214f49637a33/spring-boot-starter-jdbc-1.5.8.RELEASE.jar:/Users/hiromitakahashi/.gradle/caches/modules-2/files-2.1/org.hibernate/hibernate-core/5.0.12.Final/e58bf1c660e6706d8e2cbb53bae110f574366102/hibernate-core-5.0.12.Final.jar:/Users/hiromitakahashi/.gradle/caches/modules-2/files-2.1/org.hibernate/hibernate-entitymanager/5.0.12.Final/302a526f5058290e9cbd719a5caf9f248d344719/hibernate-entitymanager-5.0.12.Final.jar:/Users/hiromitakahashi/.gradle/caches/modules-2/files-2.1/javax.transaction/javax.transaction-api/1.2/d81aff979d603edd90dcd8db2abc1f4ce6479e3e/javax.transaction-api-1.2.jar:/Users/hiromitakahashi/.gradle/caches/modules-2/files-2.1/org.springframework.data/spring-data-jpa/1.11.8.RELEASE/d674b8407de3d2998c106557fd6a6665de2bc217/spring-data-jpa-1.11.8.RELEASE.jar:/Users/hiromitakahashi/.gradle/caches/modules-2/files-2.1/org.springframework/spring-aspects/4.3.12.RELEASE/b0002bfdd0d58f09fc178afc5f2d0553ff117840/spring-aspects-4.3.12.RELEASE.jar:/Users/hiromitakahashi/.gradle/caches/modules-2/files-2.1/junit/junit/4.12/2973d150c0dc1fefe998f834810d68f278ea58ec/junit-4.12.jar:/Users/hiromitakahashi/.gradle/caches/modules-2/files-2.1/org.slf4j/slf4j-api/1.7.25/da76ca59f6a57ee3102f8f9bd9cee742973efa8a/slf4j-api-1.7.25.jar:/Users/hiromitakahashi/.gradle/caches/modules-2/files-2.1/org.springframework.boot/spring-boot/1.5.8.RELEASE/748ebde51761e12627ad23d064024f342b18f9b4/spring-boot-1.5.8.RELEASE.jar:/Users/hiromitakahashi/.gradle/caches/modules-2/files-2.1/org.springframework.boot/spring-boot-autoconfigure/1.5.8.RELEASE/e4f2efa4c319f4e3613d94fbccfdb5ccda6873e3/spring-boot-autoconfigure-1.5.8.RELEASE.jar:/Users/hiromitakahashi/.gradle/caches/modules-2/files-2.1/org.springframework.boot/spring-boot-test/1.5.8.RELEASE/17dedee86d1a9e9bd409d715fd90650ca1049659/spring-boot-test-1.5.8.RELEASE.jar:/Users/hiromitakahashi/.gradle/caches/modules-2/files-2.1/org.springframework.boot/spring-boot-test-autoconfigure/1.5.8.RELEASE/a8f986cc4b6ecef1417fe50c20984f12f54d15cc/spring-boot-test-autoconfigure-1.5.8.RELEASE.jar:/Users/hiromitakahashi/.gradle/caches/modules-2/files-2.1/com.jayway.jsonpath/json-path/2.2.0/22290d17944bd239fabf5ac69005a60a7ecbbbcb/json-path-2.2.0.jar:/Users/hiromitakahashi/.gradle/caches/modules-2/files-2.1/org.assertj/assertj-core/2.6.0/b532c3fc4f66bcfee4989a3514f1cd56203a33ad/assertj-core-2.6.0.jar:/Users/hiromitakahashi/.gradle/caches/modules-2/files-2.1/org.mockito/mockito-core/1.10.19/e8546f5bef4e061d8dd73895b4e8f40e3fe6effe/mockito-core-1.10.19.jar:/Users/hiromitakahashi/.gradle/caches/modules-2/files-2.1/org.hamcrest/hamcrest-core/1.3/42a25dc3219429f0e5d060061f71acb49bf010a0/hamcrest-core-1.3.jar:/Users/hiromitakahashi/.gradle/caches/modules-2/files-2.1/org.hamcrest/hamcrest-library/1.3/4785a3c21320980282f9f33d0d1264a69040538f/hamcrest-library-1.3.jar:/Users/hiromitakahashi/.gradle/caches/modules-2/files-2.1/org.skyscreamer/jsonassert/1.4.0/9cdbb373a06f6513e51e8c545ee6a5e981463edb/jsonassert-1.4.0.jar:/Users/hiromitakahashi/.gradle/caches/modules-2/files-2.1/org.springframework/spring-core/4.3.12.RELEASE/4cebc69478c6d350dbd5af28e3db7d5694f416e3/spring-core-4.3.12.RELEASE.jar:/Users/hiromitakahashi/.gradle/caches/modules-2/files-2.1/org.springframework/spring-test/4.3.12.RELEASE/825a7ac1014528db722a6cc94cceaef2410cb314/spring-test-4.3.12.RELEASE.jar:/Users/hiromitakahashi/.gradle/caches/modules-2/files-2.1/org.springframework.boot/spring-boot-starter-logging/1.5.8.RELEASE/ebc00a0e46753d90431fdcc5e3d6b9fd3bf1564a/spring-boot-starter-logging-1.5.8.RELEASE.jar:/Users/hiromitakahashi/.gradle/caches/modules-2/files-2.1/org.yaml/snakeyaml/1.17/7a27ea250c5130b2922b86dea63cbb1cc10a660c/snakeyaml-1.17.jar:/Users/hiromitakahashi/.gradle/caches/modules-2/files-2.1/org.springframework.boot/spring-boot-starter-tomcat/1.5.8.RELEASE/cf3b7eb7e192a60ab1dd09e4f8bce82710a5feb0/spring-boot-starter-tomcat-1.5.8.RELEASE.jar:/Users/hiromitakahashi/.gradle/caches/modules-2/files-2.1/org.hibernate/hibernate-validator/5.3.5.Final/622a9bcef2eed6d41b5b8e0662c36212009e375/hibernate-validator-5.3.5.Final.jar:/Users/hiromitakahashi/.gradle/caches/modules-2/files-2.1/com.fasterxml.jackson.core/jackson-databind/2.8.10/f7b83cb2bc4b88d53961e749e1ad32f49ef017b7/jackson-databind-2.8.10.jar:/Users/hiromitakahashi/.gradle/caches/modules-2/files-2.1/org.springframework/spring-web/4.3.12.RELEASE/86c29588cca74d0fc848b194cb13fcdfd12bc990/spring-web-4.3.12.RELEASE.jar:/Users/hiromitakahashi/.gradle/caches/modules-2/files-2.1/org.springframework/spring-webmvc/4.3.12.RELEASE/986e5dcd4435e780f6be64f8185eaa51523cf851/spring-webmvc-4.3.12.RELEASE.jar:/Users/hiromitakahashi/.gradle/caches/modules-2/files-2.1/org.thymeleaf/thymeleaf/2.1.5.RELEASE/513bffa3daaac277460c1a0a2dccb228fa40569e/thymeleaf-2.1.5.RELEASE.jar:/Users/hiromitakahashi/.gradle/caches/modules-2/files-2.1/org.codehaus.groovy/groovy/2.4.12/a43be367110c491787219f1c128b5b5fc54f1e70/groovy-2.4.12.jar:/Users/hiromitakahashi/.gradle/caches/modules-2/files-2.1/xml-apis/xml-apis/1.4.01/3789d9fada2d3d458c4ba2de349d48780f381ee3/xml-apis-1.4.01.jar:/Users/hiromitakahashi/.gradle/caches/modules-2/files-2.1/org.springframework/spring-context/4.3.12.RELEASE/5e6d26f36636f36b7efec1d6a0c5991284fbd95b/spring-context-4.3.12.RELEASE.jar:/Users/hiromitakahashi/.gradle/caches/modules-2/files-2.1/org.springframework/spring-aop/4.3.12.RELEASE/b3fef085902993c2ef874c45c7bfd79296d5a5a4/spring-aop-4.3.12.RELEASE.jar:/Users/hiromitakahashi/.gradle/caches/modules-2/files-2.1/org.aspectj/aspectjweaver/1.8.11/9807e0e13c8a295f15882721db50fa3d142c44a9/aspectjweaver-1.8.11.jar:/Users/hiromitakahashi/.gradle/caches/modules-2/files-2.1/org.apache.tomcat/tomcat-jdbc/8.5.23/6036400a8f2d90dd3ae3a4d09e5136c56002887b/tomcat-jdbc-8.5.23.jar:/Users/hiromitakahashi/.gradle/caches/modules-2/files-2.1/org.springframework/spring-jdbc/4.3.12.RELEASE/5c840abbdc1a1dfd0f79c4a4c25eac0c98e6af22/spring-jdbc-4.3.12.RELEASE.jar:/Users/hiromitakahashi/.gradle/caches/modules-2/files-2.1/org.jboss.logging/jboss-logging/3.3.1.Final/c46217ab74b532568c0ed31dc599db3048bd1b67/jboss-logging-3.3.1.Final.jar:/Users/hiromitakahashi/.gradle/caches/modules-2/files-2.1/org.hibernate.javax.persistence/hibernate-jpa-2.1-api/1.0.0.Final/5e731d961297e5a07290bfaf3db1fbc8bbbf405a/hibernate-jpa-2.1-api-1.0.0.Final.jar:/Users/hiromitakahashi/.gradle/caches/modules-2/files-2.1/org.javassist/javassist/3.21.0-GA/598244f595db5c5fb713731eddbb1c91a58d959b/javassist-3.21.0-GA.jar:/Users/hiromitakahashi/.gradle/caches/modules-2/files-2.1/antlr/antlr/2.7.7/83cd2cd674a217ade95a4bb83a8a14f351f48bd0/antlr-2.7.7.jar:/Users/hiromitakahashi/.gradle/caches/modules-2/files-2.1/org.jboss/jandex/2.0.0.Final/3e899258936f94649c777193e1be846387ed54b3/jandex-2.0.0.Final.jar:/Users/hiromitakahashi/.gradle/caches/modules-2/files-2.1/dom4j/dom4j/1.6.1/5d3ccc056b6f056dbf0dddfdf43894b9065a8f94/dom4j-1.6.1.jar:/Users/hiromitakahashi/.gradle/caches/modules-2/files-2.1/org.hibernate.common/hibernate-commons-annotations/5.0.1.Final/71e1cff3fcb20d3b3af4f3363c3ddb24d33c6879/hibernate-commons-annotations-5.0.1.Final.jar:/Users/hiromitakahashi/.gradle/caches/modules-2/files-2.1/org.springframework.data/spring-data-commons/1.13.8.RELEASE/2853e3c38e02d42529f6c8b247d7bace40c25642/spring-data-commons-1.13.8.RELEASE.jar:/Users/hiromitakahashi/.gradle/caches/modules-2/files-2.1/org.springframework/spring-orm/4.3.12.RELEASE/47bbe35a92944aeedf06a388098581272f8db9bd/spring-orm-4.3.12.RELEASE.jar:/Users/hiromitakahashi/.gradle/caches/modules-2/files-2.1/org.springframework/spring-tx/4.3.12.RELEASE/7147b6839b2bf9db3621b79c73b4dddbe69572b6/spring-tx-4.3.12.RELEASE.jar:/Users/hiromitakahashi/.gradle/caches/modules-2/files-2.1/org.springframework/spring-beans/4.3.12.RELEASE/547dd432d47d0f01d9ccbedc4b705f9f7c1240a/spring-beans-4.3.12.RELEASE.jar:/Users/hiromitakahashi/.gradle/caches/modules-2/files-2.1/org.slf4j/jcl-over-slf4j/1.7.25/f8c32b13ff142a513eeb5b6330b1588dcb2c0461/jcl-over-slf4j-1.7.25.jar:/Users/hiromitakahashi/.gradle/caches/modules-2/files-2.1/net.minidev/json-smart/2.2.1/5b9e5df7a62d1279b70dc882b041d249c4f0b002/json-smart-2.2.1.jar:/Users/hiromitakahashi/.gradle/caches/modules-2/files-2.1/org.objenesis/objenesis/2.1/87c0ea803b69252868d09308b4618f766f135a96/objenesis-2.1.jar:/Users/hiromitakahashi/.gradle/caches/modules-2/files-2.1/com.vaadin.external.google/android-json/0.0.20131108.vaadin1/fa26d351fe62a6a17f5cda1287c1c6110dec413f/android-json-0.0.20131108.vaadin1.jar:/Users/hiromitakahashi/.gradle/caches/modules-2/files-2.1/ch.qos.logback/logback-classic/1.1.11/ccedfbacef4a6515d2983e3f89ed753d5d4fb665/logback-classic-1.1.11.jar:/Users/hiromitakahashi/.gradle/caches/modules-2/files-2.1/org.slf4j/jul-to-slf4j/1.7.25/af5364cd6679bfffb114f0dec8a157aaa283b76/jul-to-slf4j-1.7.25.jar:/Users/hiromitakahashi/.gradle/caches/modules-2/files-2.1/org.slf4j/log4j-over-slf4j/1.7.25/a87bb47468f47ee7aabbd54f93e133d4215769c3/log4j-over-slf4j-1.7.25.jar:/Users/hiromitakahashi/.gradle/caches/modules-2/files-2.1/org.apache.tomcat.embed/tomcat-embed-core/8.5.23/79261793a47f507890ee08f749b9d81774e4f7f0/tomcat-embed-core-8.5.23.jar:/Users/hiromitakahashi/.gradle/caches/modules-2/files-2.1/org.apache.tomcat.embed/tomcat-embed-el/8.5.23/98d979cde444dffa6d434c8377d0123b2dfa614c/tomcat-embed-el-8.5.23.jar:/Users/hiromitakahashi/.gradle/caches/modules-2/files-2.1/org.apache.tomcat.embed/tomcat-embed-websocket/8.5.23/52f07abcae10dc7e1764304b0877def175c2c833/tomcat-embed-websocket-8.5.23.jar:/Users/hiromitakahashi/.gradle/caches/modules-2/files-2.1/javax.validation/validation-api/1.1.0.Final/8613ae82954779d518631e05daa73a6a954817d5/validation-api-1.1.0.Final.jar:/Users/hiromitakahashi/.gradle/caches/modules-2/files-2.1/com.fasterxml/classmate/1.3.4/3d5f48f10bbe4eb7bd862f10c0583be2e0053c6/classmate-1.3.4.jar:/Users/hiromitakahashi/.gradle/caches/modules-2/files-2.1/com.fasterxml.jackson.core/jackson-annotations/2.8.0/45b426f7796b741035581a176744d91090e2e6fb/jackson-annotations-2.8.0.jar:/Users/hiromitakahashi/.gradle/caches/modules-2/files-2.1/com.fasterxml.jackson.core/jackson-core/2.8.10/eb21a035c66ad307e66ec8fce37f5d50fd62d039/jackson-core-2.8.10.jar:/Users/hiromitakahashi/.gradle/caches/modules-2/files-2.1/org.springframework/spring-expression/4.3.12.RELEASE/790f69f6ad7f9da8d4a92c603ad7244c398c8309/spring-expression-4.3.12.RELEASE.jar:/Users/hiromitakahashi/.gradle/caches/modules-2/files-2.1/ognl/ognl/3.0.8/37e1aebfde7eb7baebc9ad4f85116ef9009c5fc5/ognl-3.0.8.jar:/Users/hiromitakahashi/.gradle/caches/modules-2/files-2.1/org.unbescape/unbescape/1.1.0.RELEASE/ab0db4fe0a6fa89fb8da2a40008a4e63a7f3f5b9/unbescape-1.1.0.RELEASE.jar:/Users/hiromitakahashi/.gradle/caches/modules-2/files-2.1/org.apache.tomcat/tomcat-juli/8.5.23/98e7f0610b7b2fb8303f11be0210e3f5a56a7d55/tomcat-juli-8.5.23.jar:/Users/hiromitakahashi/.gradle/caches/modules-2/files-2.1/net.minidev/accessors-smart/1.1/a527213f2fea112a04c9bdf0ec0264e34104cd08/accessors-smart-1.1.jar:/Users/hiromitakahashi/.gradle/caches/modules-2/files-2.1/ch.qos.logback/logback-core/1.1.11/88b8df40340eed549fb07e2613879bf6b006704d/logback-core-1.1.11.jar:/Users/hiromitakahashi/.gradle/caches/modules-2/files-2.1/org.apache.tomcat/tomcat-annotations-api/8.5.23/aaf17df9fe0240e9e9d5375d24d5f177174b73d9/tomcat-annotations-api-8.5.23.jar:/Users/hiromitakahashi/.gradle/caches/modules-2/files-2.1/org.ow2.asm/asm/5.0.3/dcc2193db20e19e1feca8b1240dbbc4e190824fa/asm-5.0.3.jar, user.name=hiromitakahashi, java.vm.specification.version=1.8, sun.java.command=worker.org.gradle.process.internal.worker.GradleWorkerMain 'Gradle Test Executor 1', java.home=/Library/Java/JavaVirtualMachines/jdk1.8.0_91.jdk/Contents/Home/jre, sun.arch.data.model=64, user.language=ja, java.specification.vendor=Oracle Corporation, awt.toolkit=sun.lwawt.macosx.LWCToolkit, java.vm.info=mixed mode, java.version=1.8.0_91, java.ext.dirs=/Users/hiromitakahashi/Library/Java/Extensions:/Library/Java/JavaVirtualMachines/jdk1.8.0_91.jdk/Contents/Home/jre/lib/ext:/Library/Java/Extensions:/Network/Library/Java/Extensions:/System/Library/Java/Extensions:/usr/lib/java, sun.boot.class.path=/Library/Java/JavaVirtualMachines/jdk1.8.0_91.jdk/Contents/Home/jre/lib/resources.jar:/Library/Java/JavaVirtualMachines/jdk1.8.0_91.jdk/Contents/Home/jre/lib/rt.jar:/Library/Java/JavaVirtualMachines/jdk1.8.0_91.jdk/Contents/Home/jre/lib/sunrsasign.jar:/Library/Java/JavaVirtualMachines/jdk1.8.0_91.jdk/Contents/Home/jre/lib/jsse.jar:/Library/Java/JavaVirtualMachines/jdk1.8.0_91.jdk/Contents/Home/jre/lib/jce.jar:/Library/Java/JavaVirtualMachines/jdk1.8.0_91.jdk/Contents/Home/jre/lib/charsets.jar:/Library/Java/JavaVirtualMachines/jdk1.8.0_91.jdk/Contents/Home/jre/lib/jfr.jar:/Library/Java/JavaVirtualMachines/jdk1.8.0_91.jdk/Contents/Home/jre/classes, java.vendor=Oracle Corporation, org.gradle.test.worker=1, file.separator=/, java.vendor.url.bug=http://bugreport.sun.com/bugreport/, sun.io.unicode.encoding=UnicodeBig, sun.cpu.endian=little, socksNonProxyHosts=local|*.local|169.254/16|*.169.254/16, ftp.nonProxyHosts=local|*.local|169.254/16|*.169.254/16, sun.cpu.isalist=}}, SystemEnvironmentPropertySource@1973271612 {name='systemEnvironment', properties={PATH=/usr/bin:/bin:/usr/sbin:/sbin, SHELL=/bin/bash, APP_ICON_620=../Resources/sts.icns, JAVA_STARTED_ON_FIRST_THREAD_620=1, USER=hiromitakahashi, APP_ICON_481=../Resources/sts.icns, JAVA_STARTED_ON_FIRST_THREAD_617=1, TMPDIR=/var/folders/1m/v_pnk3kd3hj0558d1z3nsnzh0000gn/T/, SSH_AUTH_SOCK=/private/tmp/com.apple.launchd.n7TB1JXrQg/Listeners, JAVA_MAIN_CLASS_4815=worker.org.gradle.process.internal.worker.GradleWorkerMain, XPC_FLAGS=0x0, JAVA_STARTED_ON_FIRST_THREAD_481=1, __CF_USER_TEXT_ENCODING=0x1F5:0x1:0xE, Apple_PubSub_Socket_Render=/private/tmp/com.apple.launchd.KHORkXevdy/Render, LOGNAME=hiromitakahashi, APP_ICON_617=../Resources/sts.icns, XPC_SERVICE_NAME=0, HOME=/Users/hiromitakahashi}}]
22:27:05.863 [Test worker] DEBUG org.springframework.core.io.support.PathMatchingResourcePatternResolver - Resolved classpath location [com/lsken/lskenapp/] to resources [URL [file:/Users/hiromitakahashi/oper/gradle/lskenapp/build/classes/test/com/lsken/lskenapp/], URL [file:/Users/hiromitakahashi/oper/gradle/lskenapp/build/classes/main/com/lsken/lskenapp/]]
22:27:05.864 [Test worker] DEBUG org.springframework.core.io.support.PathMatchingResourcePatternResolver - Looking for matching resources in directory tree [/Users/hiromitakahashi/oper/gradle/lskenapp/build/classes/test/com/lsken/lskenapp]
22:27:05.866 [Test worker] DEBUG org.springframework.core.io.support.PathMatchingResourcePatternResolver - Searching directory [/Users/hiromitakahashi/oper/gradle/lskenapp/build/classes/test/com/lsken/lskenapp] for files matching pattern [/Users/hiromitakahashi/oper/gradle/lskenapp/build/classes/test/com/lsken/lskenapp/*.class]
22:27:05.870 [Test worker] DEBUG org.springframework.core.io.support.PathMatchingResourcePatternResolver - Looking for matching resources in directory tree [/Users/hiromitakahashi/oper/gradle/lskenapp/build/classes/main/com/lsken/lskenapp]
22:27:05.872 [Test worker] DEBUG org.springframework.core.io.support.PathMatchingResourcePatternResolver - Searching directory [/Users/hiromitakahashi/oper/gradle/lskenapp/build/classes/main/com/lsken/lskenapp] for files matching pattern [/Users/hiromitakahashi/oper/gradle/lskenapp/build/classes/main/com/lsken/lskenapp/*.class]
22:27:05.873 [Test worker] DEBUG org.springframework.core.io.support.PathMatchingResourcePatternResolver - Resolved location pattern [classpath*:com/lsken/lskenapp/*.class] to resources [file [/Users/hiromitakahashi/oper/gradle/lskenapp/build/classes/test/com/lsken/lskenapp/LskenappApplicationTests.class], file [/Users/hiromitakahashi/oper/gradle/lskenapp/build/classes/main/com/lsken/lskenapp/LskenappApplication.class], file [/Users/hiromitakahashi/oper/gradle/lskenapp/build/classes/main/com/lsken/lskenapp/MainConfig.class]]
22:27:05.989 [Test worker] DEBUG org.springframework.context.annotation.ClassPathScanningCandidateComponentProvider - Identified candidate component class: file [/Users/hiromitakahashi/oper/gradle/lskenapp/build/classes/main/com/lsken/lskenapp/LskenappApplication.class]
22:27:05.991 [Test worker] INFO org.springframework.boot.test.context.SpringBootTestContextBootstrapper - Found @SpringBootConfiguration com.lsken.lskenapp.LskenappApplication for test class com.lsken.lskenapp.LskenappApplicationTests
22:27:05.996 [Test worker] DEBUG org.springframework.boot.test.context.SpringBootTestContextBootstrapper - @TestExecutionListeners is not present for class [com.lsken.lskenapp.LskenappApplicationTests]: using defaults.
22:27:06.003 [Test worker] INFO org.springframework.boot.test.context.SpringBootTestContextBootstrapper - Loaded default TestExecutionListener class names from location [META-INF/spring.factories]: [org.springframework.boot.test.mock.mockito.MockitoTestExecutionListener, org.springframework.boot.test.mock.mockito.ResetMocksTestExecutionListener, org.springframework.boot.test.autoconfigure.restdocs.RestDocsTestExecutionListener, org.springframework.boot.test.autoconfigure.web.client.MockRestServiceServerResetTestExecutionListener, org.springframework.boot.test.autoconfigure.web.servlet.MockMvcPrintOnlyOnFailureTestExecutionListener, org.springframework.boot.test.autoconfigure.web.servlet.WebDriverTestExecutionListener, org.springframework.test.context.web.ServletTestExecutionListener, org.springframework.test.context.support.DirtiesContextBeforeModesTestExecutionListener, org.springframework.test.context.support.DependencyInjectionTestExecutionListener, org.springframework.test.context.support.DirtiesContextTestExecutionListener, org.springframework.test.context.transaction.TransactionalTestExecutionListener, org.springframework.test.context.jdbc.SqlScriptsTestExecutionListener]
22:27:06.049 [Test worker] INFO org.springframework.boot.test.context.SpringBootTestContextBootstrapper - Using TestExecutionListeners: [org.springframework.test.context.web.ServletTestExecutionListener@4b283892, org.springframework.test.context.support.DirtiesContextBeforeModesTestExecutionListener@6adbbf82, org.springframework.boot.test.autoconfigure.SpringBootDependencyInjectionTestExecutionListener@6bdec474, org.springframework.test.context.support.DirtiesContextTestExecutionListener@7a2edd6e, org.springframework.test.context.transaction.TransactionalTestExecutionListener@70c89611, org.springframework.test.context.jdbc.SqlScriptsTestExecutionListener@47d81025, org.springframework.boot.test.mock.mockito.ResetMocksTestExecutionListener@5a3881ce, org.springframework.boot.test.autoconfigure.web.servlet.WebDriverTestExecutionListener@56f1e24a, org.springframework.boot.test.autoconfigure.restdocs.RestDocsTestExecutionListener@62bd8e9b, org.springframework.boot.test.mock.mockito.MockitoTestExecutionListener@6563e3d1, org.springframework.boot.test.autoconfigure.web.servlet.MockMvcPrintOnlyOnFailureTestExecutionListener@7bcb3842, org.springframework.boot.test.autoconfigure.web.client.MockRestServiceServerResetTestExecutionListener@22f166c3]
22:27:06.052 [Test worker] DEBUG org.springframework.test.annotation.ProfileValueUtils - Retrieved @ProfileValueSourceConfiguration [null] for test class [com.lsken.lskenapp.LskenappApplicationTests]
22:27:06.053 [Test worker] DEBUG org.springframework.test.annotation.ProfileValueUtils - Retrieved ProfileValueSource type [class org.springframework.test.annotation.SystemProfileValueSource] for class [com.lsken.lskenapp.LskenappApplicationTests]
22:27:06.054 [Test worker] DEBUG org.springframework.test.annotation.ProfileValueUtils - Retrieved @ProfileValueSourceConfiguration [null] for test class [com.lsken.lskenapp.LskenappApplicationTests]
22:27:06.055 [Test worker] DEBUG org.springframework.test.annotation.ProfileValueUtils - Retrieved ProfileValueSource type [class org.springframework.test.annotation.SystemProfileValueSource] for class [com.lsken.lskenapp.LskenappApplicationTests]
22:27:06.062 [Test worker] DEBUG org.springframework.test.context.support.AbstractDirtiesContextTestExecutionListener - Before test class: context [DefaultTestContext@25cd841b testClass = LskenappApplicationTests, testInstance = [null], testMethod = [null], testException = [null], mergedContextConfiguration = [WebMergedContextConfiguration@3f11829c testClass = LskenappApplicationTests, locations = '{}', classes = '{class com.lsken.lskenapp.LskenappApplication}', contextInitializerClasses = '[]', activeProfiles = '{}', propertySourceLocations = '{}', propertySourceProperties = '{org.springframework.boot.test.context.SpringBootTestContextBootstrapper=true}', contextCustomizers = set[org.springframework.boot.test.context.SpringBootTestContextCustomizer@19bb3c2c, org.springframework.boot.test.context.filter.ExcludeFilterContextCustomizer@5738bf1e, org.springframework.boot.test.json.DuplicateJsonObjectContextCustomizerFactory$DuplicateJsonObjectContextCustomizer@72256ad7, org.springframework.boot.test.mock.mockito.MockitoContextCustomizer@0, org.springframework.boot.test.autoconfigure.properties.PropertyMappingContextCustomizer@0, org.springframework.boot.test.autoconfigure.web.servlet.WebDriverContextCustomizerFactory$Customizer@2db54ad0], resourceBasePath = 'src/main/webapp', contextLoader = 'org.springframework.boot.test.context.SpringBootContextLoader', parent = [null]]], class annotated with @DirtiesContext [false] with mode [null].
22:27:06.063 [Test worker] DEBUG org.springframework.test.annotation.ProfileValueUtils - Retrieved @ProfileValueSourceConfiguration [null] for test class [com.lsken.lskenapp.LskenappApplicationTests]
22:27:06.064 [Test worker] DEBUG org.springframework.test.annotation.ProfileValueUtils - Retrieved ProfileValueSource type [class org.springframework.test.annotation.SystemProfileValueSource] for class [com.lsken.lskenapp.LskenappApplicationTests]
22:27:06.192 [Test worker] DEBUG org.springframework.core.env.StandardEnvironment - Adding PropertySource 'systemProperties' with lowest search precedence
22:27:06.192 [Test worker] DEBUG org.springframework.core.env.StandardEnvironment - Adding PropertySource 'systemEnvironment' with lowest search precedence
22:27:06.193 [Test worker] DEBUG org.springframework.core.env.StandardEnvironment - Initialized StandardEnvironment with PropertySources [MapPropertySource@33238557 {name='systemProperties', properties={java.runtime.name=Java(TM) SE Runtime Environment, sun.boot.library.path=/Library/Java/JavaVirtualMachines/jdk1.8.0_91.jdk/Contents/Home/jre/lib, java.vm.version=25.91-b14, gopherProxySet=false, java.vm.vendor=Oracle Corporation, java.vendor.url=http://java.oracle.com/, path.separator=:, java.vm.name=Java HotSpot(TM) 64-Bit Server VM, file.encoding.pkg=sun.io, sun.java.launcher=SUN_STANDARD, user.country=JP, sun.os.patch.level=unknown, java.vm.specification.name=Java Virtual Machine Specification, user.dir=/Users/hiromitakahashi/oper/gradle/lskenapp, java.runtime.version=1.8.0_91-b14, java.awt.graphicsenv=sun.awt.CGraphicsEnvironment, java.endorsed.dirs=/Library/Java/JavaVirtualMachines/jdk1.8.0_91.jdk/Contents/Home/jre/lib/endorsed, os.arch=x86_64, java.io.tmpdir=/var/folders/1m/v_pnk3kd3hj0558d1z3nsnzh0000gn/T/, line.separator=
, java.vm.specification.vendor=Oracle Corporation, user.variant=, os.name=Mac OS X, sun.jnu.encoding=UTF-8, java.library.path=/Users/hiromitakahashi/Library/Java/Extensions:/Library/Java/Extensions:/Network/Library/Java/Extensions:/System/Library/Java/Extensions:/usr/lib/java:., java.specification.name=Java Platform API Specification, java.class.version=52.0, sun.management.compiler=HotSpot 64-Bit Tiered Compilers, os.version=10.12.6, http.nonProxyHosts=local|*.local|169.254/16|*.169.254/16, user.home=/Users/hiromitakahashi, user.timezone=Asia/Tokyo, java.awt.printerjob=sun.lwawt.macosx.CPrinterJob, file.encoding=UTF-8, java.specification.version=1.8, java.class.path=/Users/hiromitakahashi/oper/gradle/lskenapp/build/classes/test:/Users/hiromitakahashi/oper/gradle/lskenapp/build/resources/test:/Users/hiromitakahashi/oper/gradle/lskenapp/build/classes/main:/Users/hiromitakahashi/oper/gradle/lskenapp/build/resources/main:/Users/hiromitakahashi/.gradle/caches/modules-2/files-2.1/org.springframework.boot/spring-boot-starter-thymeleaf/1.5.8.RELEASE/255b749537ca0fa48adeb0c15cf48734b9ffcf5e/spring-boot-starter-thymeleaf-1.5.8.RELEASE.jar:/Users/hiromitakahashi/.gradle/caches/modules-2/files-2.1/net.sourceforge.nekohtml/nekohtml/1.9.22/4f54af68ecb345f2453fb6884672ad08414154e3/nekohtml-1.9.22.jar:/Users/hiromitakahashi/.gradle/caches/modules-2/files-2.1/org.springframework.boot/spring-boot-starter-actuator/1.5.8.RELEASE/927c40a1af518dc240dfdf7aaf0a9673c3a127c5/spring-boot-starter-actuator-1.5.8.RELEASE.jar:/Users/hiromitakahashi/.gradle/caches/modules-2/files-2.1/org.springframework.boot/spring-boot-starter-data-jpa/1.5.8.RELEASE/55bb5e8aea5707f79ee9888ad75261a7b7df4654/spring-boot-starter-data-jpa-1.5.8.RELEASE.jar:/Users/hiromitakahashi/.gradle/caches/modules-2/files-2.1/org.lazyluke/log4jdbc-remix/0.2.7/3125bf52887910bbcd52dcebf8c443640f3ff709/log4jdbc-remix-0.2.7.jar:/Users/hiromitakahashi/.gradle/caches/modules-2/files-2.1/org.springframework.boot/spring-boot-devtools/1.5.8.RELEASE/ea212262e3ae47e76fa176358fcf9ee2780b80da/spring-boot-devtools-1.5.8.RELEASE.jar:/Users/hiromitakahashi/.gradle/caches/modules-2/files-2.1/com.h2database/h2/1.4.196/dd0034398d593aa3588c6773faac429bbd9aea0e/h2-1.4.196.jar:/Users/hiromitakahashi/.gradle/caches/modules-2/files-2.1/org.springframework.boot/spring-boot-starter-test/1.5.8.RELEASE/20b767f594924b32950286f1236ab7d68ff861f9/spring-boot-starter-test-1.5.8.RELEASE.jar:/Users/hiromitakahashi/.gradle/caches/modules-2/files-2.1/org.springframework.boot/spring-boot-starter/1.5.8.RELEASE/18048efe1f06569022a53cc3fb2fe9c0162935a3/spring-boot-starter-1.5.8.RELEASE.jar:/Users/hiromitakahashi/.gradle/caches/modules-2/files-2.1/org.springframework.boot/spring-boot-starter-web/1.5.8.RELEASE/7e0dc79e3b47be4539ad3c033639133ae6b7a17e/spring-boot-starter-web-1.5.8.RELEASE.jar:/Users/hiromitakahashi/.gradle/caches/modules-2/files-2.1/org.thymeleaf/thymeleaf-spring4/2.1.5.RELEASE/74cb9028e99597b5d71a98e919fd531a7fc290b4/thymeleaf-spring4-2.1.5.RELEASE.jar:/Users/hiromitakahashi/.gradle/caches/modules-2/files-2.1/nz.net.ultraq.thymeleaf/thymeleaf-layout-dialect/1.4.0/8d7810c069ed1534b9631fb1e85c35973546086/thymeleaf-layout-dialect-1.4.0.jar:/Users/hiromitakahashi/.gradle/caches/modules-2/files-2.1/xerces/xercesImpl/2.11.0/9bb329db1cfc4e22462c9d6b43a8432f5850e92c/xercesImpl-2.11.0.jar:/Users/hiromitakahashi/.gradle/caches/modules-2/files-2.1/org.springframework.boot/spring-boot-actuator/1.5.8.RELEASE/aac530fe877ed91c92831019755c49f29b08e6/spring-boot-actuator-1.5.8.RELEASE.jar:/Users/hiromitakahashi/.gradle/caches/modules-2/files-2.1/org.springframework.boot/spring-boot-starter-aop/1.5.8.RELEASE/9bc9a40e0718726ed48f6becc509b2d186f1ebcc/spring-boot-starter-aop-1.5.8.RELEASE.jar:/Users/hiromitakahashi/.gradle/caches/modules-2/files-2.1/org.springframework.boot/spring-boot-starter-jdbc/1.5.8.RELEASE/fc98631eba9817c920b9ac1c5845214f49637a33/spring-boot-starter-jdbc-1.5.8.RELEASE.jar:/Users/hiromitakahashi/.gradle/caches/modules-2/files-2.1/org.hibernate/hibernate-core/5.0.12.Final/e58bf1c660e6706d8e2cbb53bae110f574366102/hibernate-core-5.0.12.Final.jar:/Users/hiromitakahashi/.gradle/caches/modules-2/files-2.1/org.hibernate/hibernate-entitymanager/5.0.12.Final/302a526f5058290e9cbd719a5caf9f248d344719/hibernate-entitymanager-5.0.12.Final.jar:/Users/hiromitakahashi/.gradle/caches/modules-2/files-2.1/javax.transaction/javax.transaction-api/1.2/d81aff979d603edd90dcd8db2abc1f4ce6479e3e/javax.transaction-api-1.2.jar:/Users/hiromitakahashi/.gradle/caches/modules-2/files-2.1/org.springframework.data/spring-data-jpa/1.11.8.RELEASE/d674b8407de3d2998c106557fd6a6665de2bc217/spring-data-jpa-1.11.8.RELEASE.jar:/Users/hiromitakahashi/.gradle/caches/modules-2/files-2.1/org.springframework/spring-aspects/4.3.12.RELEASE/b0002bfdd0d58f09fc178afc5f2d0553ff117840/spring-aspects-4.3.12.RELEASE.jar:/Users/hiromitakahashi/.gradle/caches/modules-2/files-2.1/junit/junit/4.12/2973d150c0dc1fefe998f834810d68f278ea58ec/junit-4.12.jar:/Users/hiromitakahashi/.gradle/caches/modules-2/files-2.1/org.slf4j/slf4j-api/1.7.25/da76ca59f6a57ee3102f8f9bd9cee742973efa8a/slf4j-api-1.7.25.jar:/Users/hiromitakahashi/.gradle/caches/modules-2/files-2.1/org.springframework.boot/spring-boot/1.5.8.RELEASE/748ebde51761e12627ad23d064024f342b18f9b4/spring-boot-1.5.8.RELEASE.jar:/Users/hiromitakahashi/.gradle/caches/modules-2/files-2.1/org.springframework.boot/spring-boot-autoconfigure/1.5.8.RELEASE/e4f2efa4c319f4e3613d94fbccfdb5ccda6873e3/spring-boot-autoconfigure-1.5.8.RELEASE.jar:/Users/hiromitakahashi/.gradle/caches/modules-2/files-2.1/org.springframework.boot/spring-boot-test/1.5.8.RELEASE/17dedee86d1a9e9bd409d715fd90650ca1049659/spring-boot-test-1.5.8.RELEASE.jar:/Users/hiromitakahashi/.gradle/caches/modules-2/files-2.1/org.springframework.boot/spring-boot-test-autoconfigure/1.5.8.RELEASE/a8f986cc4b6ecef1417fe50c20984f12f54d15cc/spring-boot-test-autoconfigure-1.5.8.RELEASE.jar:/Users/hiromitakahashi/.gradle/caches/modules-2/files-2.1/com.jayway.jsonpath/json-path/2.2.0/22290d17944bd239fabf5ac69005a60a7ecbbbcb/json-path-2.2.0.jar:/Users/hiromitakahashi/.gradle/caches/modules-2/files-2.1/org.assertj/assertj-core/2.6.0/b532c3fc4f66bcfee4989a3514f1cd56203a33ad/assertj-core-2.6.0.jar:/Users/hiromitakahashi/.gradle/caches/modules-2/files-2.1/org.mockito/mockito-core/1.10.19/e8546f5bef4e061d8dd73895b4e8f40e3fe6effe/mockito-core-1.10.19.jar:/Users/hiromitakahashi/.gradle/caches/modules-2/files-2.1/org.hamcrest/hamcrest-core/1.3/42a25dc3219429f0e5d060061f71acb49bf010a0/hamcrest-core-1.3.jar:/Users/hiromitakahashi/.gradle/caches/modules-2/files-2.1/org.hamcrest/hamcrest-library/1.3/4785a3c21320980282f9f33d0d1264a69040538f/hamcrest-library-1.3.jar:/Users/hiromitakahashi/.gradle/caches/modules-2/files-2.1/org.skyscreamer/jsonassert/1.4.0/9cdbb373a06f6513e51e8c545ee6a5e981463edb/jsonassert-1.4.0.jar:/Users/hiromitakahashi/.gradle/caches/modules-2/files-2.1/org.springframework/spring-core/4.3.12.RELEASE/4cebc69478c6d350dbd5af28e3db7d5694f416e3/spring-core-4.3.12.RELEASE.jar:/Users/hiromitakahashi/.gradle/caches/modules-2/files-2.1/org.springframework/spring-test/4.3.12.RELEASE/825a7ac1014528db722a6cc94cceaef2410cb314/spring-test-4.3.12.RELEASE.jar:/Users/hiromitakahashi/.gradle/caches/modules-2/files-2.1/org.springframework.boot/spring-boot-starter-logging/1.5.8.RELEASE/ebc00a0e46753d90431fdcc5e3d6b9fd3bf1564a/spring-boot-starter-logging-1.5.8.RELEASE.jar:/Users/hiromitakahashi/.gradle/caches/modules-2/files-2.1/org.yaml/snakeyaml/1.17/7a27ea250c5130b2922b86dea63cbb1cc10a660c/snakeyaml-1.17.jar:/Users/hiromitakahashi/.gradle/caches/modules-2/files-2.1/org.springframework.boot/spring-boot-starter-tomcat/1.5.8.RELEASE/cf3b7eb7e192a60ab1dd09e4f8bce82710a5feb0/spring-boot-starter-tomcat-1.5.8.RELEASE.jar:/Users/hiromitakahashi/.gradle/caches/modules-2/files-2.1/org.hibernate/hibernate-validator/5.3.5.Final/622a9bcef2eed6d41b5b8e0662c36212009e375/hibernate-validator-5.3.5.Final.jar:/Users/hiromitakahashi/.gradle/caches/modules-2/files-2.1/com.fasterxml.jackson.core/jackson-databind/2.8.10/f7b83cb2bc4b88d53961e749e1ad32f49ef017b7/jackson-databind-2.8.10.jar:/Users/hiromitakahashi/.gradle/caches/modules-2/files-2.1/org.springframework/spring-web/4.3.12.RELEASE/86c29588cca74d0fc848b194cb13fcdfd12bc990/spring-web-4.3.12.RELEASE.jar:/Users/hiromitakahashi/.gradle/caches/modules-2/files-2.1/org.springframework/spring-webmvc/4.3.12.RELEASE/986e5dcd4435e780f6be64f8185eaa51523cf851/spring-webmvc-4.3.12.RELEASE.jar:/Users/hiromitakahashi/.gradle/caches/modules-2/files-2.1/org.thymeleaf/thymeleaf/2.1.5.RELEASE/513bffa3daaac277460c1a0a2dccb228fa40569e/thymeleaf-2.1.5.RELEASE.jar:/Users/hiromitakahashi/.gradle/caches/modules-2/files-2.1/org.codehaus.groovy/groovy/2.4.12/a43be367110c491787219f1c128b5b5fc54f1e70/groovy-2.4.12.jar:/Users/hiromitakahashi/.gradle/caches/modules-2/files-2.1/xml-apis/xml-apis/1.4.01/3789d9fada2d3d458c4ba2de349d48780f381ee3/xml-apis-1.4.01.jar:/Users/hiromitakahashi/.gradle/caches/modules-2/files-2.1/org.springframework/spring-context/4.3.12.RELEASE/5e6d26f36636f36b7efec1d6a0c5991284fbd95b/spring-context-4.3.12.RELEASE.jar:/Users/hiromitakahashi/.gradle/caches/modules-2/files-2.1/org.springframework/spring-aop/4.3.12.RELEASE/b3fef085902993c2ef874c45c7bfd79296d5a5a4/spring-aop-4.3.12.RELEASE.jar:/Users/hiromitakahashi/.gradle/caches/modules-2/files-2.1/org.aspectj/aspectjweaver/1.8.11/9807e0e13c8a295f15882721db50fa3d142c44a9/aspectjweaver-1.8.11.jar:/Users/hiromitakahashi/.gradle/caches/modules-2/files-2.1/org.apache.tomcat/tomcat-jdbc/8.5.23/6036400a8f2d90dd3ae3a4d09e5136c56002887b/tomcat-jdbc-8.5.23.jar:/Users/hiromitakahashi/.gradle/caches/modules-2/files-2.1/org.springframework/spring-jdbc/4.3.12.RELEASE/5c840abbdc1a1dfd0f79c4a4c25eac0c98e6af22/spring-jdbc-4.3.12.RELEASE.jar:/Users/hiromitakahashi/.gradle/caches/modules-2/files-2.1/org.jboss.logging/jboss-logging/3.3.1.Final/c46217ab74b532568c0ed31dc599db3048bd1b67/jboss-logging-3.3.1.Final.jar:/Users/hiromitakahashi/.gradle/caches/modules-2/files-2.1/org.hibernate.javax.persistence/hibernate-jpa-2.1-api/1.0.0.Final/5e731d961297e5a07290bfaf3db1fbc8bbbf405a/hibernate-jpa-2.1-api-1.0.0.Final.jar:/Users/hiromitakahashi/.gradle/caches/modules-2/files-2.1/org.javassist/javassist/3.21.0-GA/598244f595db5c5fb713731eddbb1c91a58d959b/javassist-3.21.0-GA.jar:/Users/hiromitakahashi/.gradle/caches/modules-2/files-2.1/antlr/antlr/2.7.7/83cd2cd674a217ade95a4bb83a8a14f351f48bd0/antlr-2.7.7.jar:/Users/hiromitakahashi/.gradle/caches/modules-2/files-2.1/org.jboss/jandex/2.0.0.Final/3e899258936f94649c777193e1be846387ed54b3/jandex-2.0.0.Final.jar:/Users/hiromitakahashi/.gradle/caches/modules-2/files-2.1/dom4j/dom4j/1.6.1/5d3ccc056b6f056dbf0dddfdf43894b9065a8f94/dom4j-1.6.1.jar:/Users/hiromitakahashi/.gradle/caches/modules-2/files-2.1/org.hibernate.common/hibernate-commons-annotations/5.0.1.Final/71e1cff3fcb20d3b3af4f3363c3ddb24d33c6879/hibernate-commons-annotations-5.0.1.Final.jar:/Users/hiromitakahashi/.gradle/caches/modules-2/files-2.1/org.springframework.data/spring-data-commons/1.13.8.RELEASE/2853e3c38e02d42529f6c8b247d7bace40c25642/spring-data-commons-1.13.8.RELEASE.jar:/Users/hiromitakahashi/.gradle/caches/modules-2/files-2.1/org.springframework/spring-orm/4.3.12.RELEASE/47bbe35a92944aeedf06a388098581272f8db9bd/spring-orm-4.3.12.RELEASE.jar:/Users/hiromitakahashi/.gradle/caches/modules-2/files-2.1/org.springframework/spring-tx/4.3.12.RELEASE/7147b6839b2bf9db3621b79c73b4dddbe69572b6/spring-tx-4.3.12.RELEASE.jar:/Users/hiromitakahashi/.gradle/caches/modules-2/files-2.1/org.springframework/spring-beans/4.3.12.RELEASE/547dd432d47d0f01d9ccbedc4b705f9f7c1240a/spring-beans-4.3.12.RELEASE.jar:/Users/hiromitakahashi/.gradle/caches/modules-2/files-2.1/org.slf4j/jcl-over-slf4j/1.7.25/f8c32b13ff142a513eeb5b6330b1588dcb2c0461/jcl-over-slf4j-1.7.25.jar:/Users/hiromitakahashi/.gradle/caches/modules-2/files-2.1/net.minidev/json-smart/2.2.1/5b9e5df7a62d1279b70dc882b041d249c4f0b002/json-smart-2.2.1.jar:/Users/hiromitakahashi/.gradle/caches/modules-2/files-2.1/org.objenesis/objenesis/2.1/87c0ea803b69252868d09308b4618f766f135a96/objenesis-2.1.jar:/Users/hiromitakahashi/.gradle/caches/modules-2/files-2.1/com.vaadin.external.google/android-json/0.0.20131108.vaadin1/fa26d351fe62a6a17f5cda1287c1c6110dec413f/android-json-0.0.20131108.vaadin1.jar:/Users/hiromitakahashi/.gradle/caches/modules-2/files-2.1/ch.qos.logback/logback-classic/1.1.11/ccedfbacef4a6515d2983e3f89ed753d5d4fb665/logback-classic-1.1.11.jar:/Users/hiromitakahashi/.gradle/caches/modules-2/files-2.1/org.slf4j/jul-to-slf4j/1.7.25/af5364cd6679bfffb114f0dec8a157aaa283b76/jul-to-slf4j-1.7.25.jar:/Users/hiromitakahashi/.gradle/caches/modules-2/files-2.1/org.slf4j/log4j-over-slf4j/1.7.25/a87bb47468f47ee7aabbd54f93e133d4215769c3/log4j-over-slf4j-1.7.25.jar:/Users/hiromitakahashi/.gradle/caches/modules-2/files-2.1/org.apache.tomcat.embed/tomcat-embed-core/8.5.23/79261793a47f507890ee08f749b9d81774e4f7f0/tomcat-embed-core-8.5.23.jar:/Users/hiromitakahashi/.gradle/caches/modules-2/files-2.1/org.apache.tomcat.embed/tomcat-embed-el/8.5.23/98d979cde444dffa6d434c8377d0123b2dfa614c/tomcat-embed-el-8.5.23.jar:/Users/hiromitakahashi/.gradle/caches/modules-2/files-2.1/org.apache.tomcat.embed/tomcat-embed-websocket/8.5.23/52f07abcae10dc7e1764304b0877def175c2c833/tomcat-embed-websocket-8.5.23.jar:/Users/hiromitakahashi/.gradle/caches/modules-2/files-2.1/javax.validation/validation-api/1.1.0.Final/8613ae82954779d518631e05daa73a6a954817d5/validation-api-1.1.0.Final.jar:/Users/hiromitakahashi/.gradle/caches/modules-2/files-2.1/com.fasterxml/classmate/1.3.4/3d5f48f10bbe4eb7bd862f10c0583be2e0053c6/classmate-1.3.4.jar:/Users/hiromitakahashi/.gradle/caches/modules-2/files-2.1/com.fasterxml.jackson.core/jackson-annotations/2.8.0/45b426f7796b741035581a176744d91090e2e6fb/jackson-annotations-2.8.0.jar:/Users/hiromitakahashi/.gradle/caches/modules-2/files-2.1/com.fasterxml.jackson.core/jackson-core/2.8.10/eb21a035c66ad307e66ec8fce37f5d50fd62d039/jackson-core-2.8.10.jar:/Users/hiromitakahashi/.gradle/caches/modules-2/files-2.1/org.springframework/spring-expression/4.3.12.RELEASE/790f69f6ad7f9da8d4a92c603ad7244c398c8309/spring-expression-4.3.12.RELEASE.jar:/Users/hiromitakahashi/.gradle/caches/modules-2/files-2.1/ognl/ognl/3.0.8/37e1aebfde7eb7baebc9ad4f85116ef9009c5fc5/ognl-3.0.8.jar:/Users/hiromitakahashi/.gradle/caches/modules-2/files-2.1/org.unbescape/unbescape/1.1.0.RELEASE/ab0db4fe0a6fa89fb8da2a40008a4e63a7f3f5b9/unbescape-1.1.0.RELEASE.jar:/Users/hiromitakahashi/.gradle/caches/modules-2/files-2.1/org.apache.tomcat/tomcat-juli/8.5.23/98e7f0610b7b2fb8303f11be0210e3f5a56a7d55/tomcat-juli-8.5.23.jar:/Users/hiromitakahashi/.gradle/caches/modules-2/files-2.1/net.minidev/accessors-smart/1.1/a527213f2fea112a04c9bdf0ec0264e34104cd08/accessors-smart-1.1.jar:/Users/hiromitakahashi/.gradle/caches/modules-2/files-2.1/ch.qos.logback/logback-core/1.1.11/88b8df40340eed549fb07e2613879bf6b006704d/logback-core-1.1.11.jar:/Users/hiromitakahashi/.gradle/caches/modules-2/files-2.1/org.apache.tomcat/tomcat-annotations-api/8.5.23/aaf17df9fe0240e9e9d5375d24d5f177174b73d9/tomcat-annotations-api-8.5.23.jar:/Users/hiromitakahashi/.gradle/caches/modules-2/files-2.1/org.ow2.asm/asm/5.0.3/dcc2193db20e19e1feca8b1240dbbc4e190824fa/asm-5.0.3.jar, user.name=hiromitakahashi, java.vm.specification.version=1.8, sun.java.command=worker.org.gradle.process.internal.worker.GradleWorkerMain 'Gradle Test Executor 1', java.home=/Library/Java/JavaVirtualMachines/jdk1.8.0_91.jdk/Contents/Home/jre, sun.arch.data.model=64, user.language=ja, java.specification.vendor=Oracle Corporation, awt.toolkit=sun.lwawt.macosx.LWCToolkit, java.vm.info=mixed mode, java.version=1.8.0_91, java.ext.dirs=/Users/hiromitakahashi/Library/Java/Extensions:/Library/Java/JavaVirtualMachines/jdk1.8.0_91.jdk/Contents/Home/jre/lib/ext:/Library/Java/Extensions:/Network/Library/Java/Extensions:/System/Library/Java/Extensions:/usr/lib/java, sun.boot.class.path=/Library/Java/JavaVirtualMachines/jdk1.8.0_91.jdk/Contents/Home/jre/lib/resources.jar:/Library/Java/JavaVirtualMachines/jdk1.8.0_91.jdk/Contents/Home/jre/lib/rt.jar:/Library/Java/JavaVirtualMachines/jdk1.8.0_91.jdk/Contents/Home/jre/lib/sunrsasign.jar:/Library/Java/JavaVirtualMachines/jdk1.8.0_91.jdk/Contents/Home/jre/lib/jsse.jar:/Library/Java/JavaVirtualMachines/jdk1.8.0_91.jdk/Contents/Home/jre/lib/jce.jar:/Library/Java/JavaVirtualMachines/jdk1.8.0_91.jdk/Contents/Home/jre/lib/charsets.jar:/Library/Java/JavaVirtualMachines/jdk1.8.0_91.jdk/Contents/Home/jre/lib/jfr.jar:/Library/Java/JavaVirtualMachines/jdk1.8.0_91.jdk/Contents/Home/jre/classes, java.vendor=Oracle Corporation, org.gradle.test.worker=1, file.separator=/, java.vendor.url.bug=http://bugreport.sun.com/bugreport/, sun.io.unicode.encoding=UnicodeBig, sun.cpu.endian=little, socksNonProxyHosts=local|*.local|169.254/16|*.169.254/16, ftp.nonProxyHosts=local|*.local|169.254/16|*.169.254/16, sun.cpu.isalist=}}, SystemEnvironmentPropertySource@1455919657 {name='systemEnvironment', properties={PATH=/usr/bin:/bin:/usr/sbin:/sbin, SHELL=/bin/bash, APP_ICON_620=../Resources/sts.icns, JAVA_STARTED_ON_FIRST_THREAD_620=1, USER=hiromitakahashi, APP_ICON_481=../Resources/sts.icns, JAVA_STARTED_ON_FIRST_THREAD_617=1, TMPDIR=/var/folders/1m/v_pnk3kd3hj0558d1z3nsnzh0000gn/T/, SSH_AUTH_SOCK=/private/tmp/com.apple.launchd.n7TB1JXrQg/Listeners, JAVA_MAIN_CLASS_4815=worker.org.gradle.process.internal.worker.GradleWorkerMain, XPC_FLAGS=0x0, JAVA_STARTED_ON_FIRST_THREAD_481=1, __CF_USER_TEXT_ENCODING=0x1F5:0x1:0xE, Apple_PubSub_Socket_Render=/private/tmp/com.apple.launchd.KHORkXevdy/Render, LOGNAME=hiromitakahashi, APP_ICON_617=../Resources/sts.icns, XPC_SERVICE_NAME=0, HOME=/Users/hiromitakahashi}}]
22:27:06.202 [Test worker] DEBUG org.springframework.core.env.MutablePropertySources - Adding PropertySource 'inline' with highest search precedence
22:27:06.211 [Test worker] DEBUG org.springframework.test.context.support.TestPropertySourceUtils - Adding inlined properties to environment: {spring.jmx.enabled=false, org.springframework.boot.test.context.SpringBootTestContextBootstrapper=true, server.port=-1}
22:27:06.213 [Test worker] DEBUG org.springframework.core.env.StandardEnvironment - Adding PropertySource 'Inlined Test Properties' with highest search precedence

  .   ____          _            __ _ _
 /\\ / ___'_ __ _ _(_)_ __  __ _ \ \ \ \
( ( )\___ | '_ | '_| | '_ \/ _` | \ \ \ \
 \\/  ___)| |_)| | | | | || (_| |  ) ) ) )
  '  |____| .__|_| |_|_| |_\__, | / / / /
 =========|_|==============|___/=/_/_/_/
 :: Spring Boot ::        (v1.5.8.RELEASE)

2017-10-23 22:27:16.999  INFO 4815 --- [    Test worker] c.l.lskenapp.LskenappApplicationTests    : Starting LskenappApplicationTests on hiromix222mbp.local with PID 4815 (started by hiromitakahashi in /Users/hiromitakahashi/oper/gradle/lskenapp)
2017-10-23 22:27:17.001  INFO 4815 --- [    Test worker] c.l.lskenapp.LskenappApplicationTests    : No active profile set, falling back to default profiles: default
2017-10-23 22:27:17.343  INFO 4815 --- [    Test worker] o.s.w.c.s.GenericWebApplicationContext   : Refreshing org.springframework.web.context.support.GenericWebApplicationContext@308c83cf: startup date [Mon Oct 23 22:27:17 JST 2017]; root of context hierarchy
2017-10-23 22:27:20.365  INFO 4815 --- [    Test worker] jdbc.connection                          : 1. Connection opened
2017-10-23 22:27:20.366  INFO 4815 --- [    Test worker] jdbc.audit                               : 1. Connection.new Connection returned 
2017-10-23 22:27:20.370  INFO 4815 --- [    Test worker] jdbc.connection                          : 2. Connection opened
2017-10-23 22:27:20.371  INFO 4815 --- [    Test worker] jdbc.audit                               : 2. Connection.new Connection returned 
2017-10-23 22:27:20.371  INFO 4815 --- [    Test worker] jdbc.connection                          : 3. Connection opened
2017-10-23 22:27:20.372  INFO 4815 --- [    Test worker] jdbc.audit                               : 3. Connection.new Connection returned 
2017-10-23 22:27:20.372  INFO 4815 --- [    Test worker] jdbc.connection                          : 4. Connection opened
2017-10-23 22:27:20.372  INFO 4815 --- [    Test worker] jdbc.audit                               : 4. Connection.new Connection returned 
2017-10-23 22:27:20.373  INFO 4815 --- [    Test worker] jdbc.connection                          : 5. Connection opened
2017-10-23 22:27:20.373  INFO 4815 --- [    Test worker] jdbc.audit                               : 5. Connection.new Connection returned 
2017-10-23 22:27:20.374  INFO 4815 --- [    Test worker] jdbc.connection                          : 6. Connection opened
2017-10-23 22:27:20.374  INFO 4815 --- [    Test worker] jdbc.audit                               : 6. Connection.new Connection returned 
2017-10-23 22:27:20.375  INFO 4815 --- [    Test worker] jdbc.connection                          : 7. Connection opened
2017-10-23 22:27:20.375  INFO 4815 --- [    Test worker] jdbc.audit                               : 7. Connection.new Connection returned 
2017-10-23 22:27:20.376  INFO 4815 --- [    Test worker] jdbc.connection                          : 8. Connection opened
2017-10-23 22:27:20.376  INFO 4815 --- [    Test worker] jdbc.audit                               : 8. Connection.new Connection returned 
2017-10-23 22:27:20.377  INFO 4815 --- [    Test worker] jdbc.connection                          : 9. Connection opened
2017-10-23 22:27:20.377  INFO 4815 --- [    Test worker] jdbc.audit                               : 9. Connection.new Connection returned 
2017-10-23 22:27:20.378  INFO 4815 --- [    Test worker] jdbc.connection                          : 10. Connection opened
2017-10-23 22:27:20.379  INFO 4815 --- [    Test worker] jdbc.audit                               : 10. Connection.new Connection returned 
2017-10-23 22:27:20.388  INFO 4815 --- [    Test worker] jdbc.audit                               : 10. Connection.getMetaData() returned dbMeta0: conn9: url=jdbc:h2:file:./target/db/testdb user=SA
2017-10-23 22:27:20.454  INFO 4815 --- [    Test worker] j.LocalContainerEntityManagerFactoryBean : Building JPA container EntityManagerFactory for persistence unit 'default'
2017-10-23 22:27:20.480  INFO 4815 --- [    Test worker] o.hibernate.jpa.internal.util.LogHelper  : HHH000204: Processing PersistenceUnitInfo [
	name: default
	...]
2017-10-23 22:27:20.706  INFO 4815 --- [    Test worker] org.hibernate.Version                    : HHH000412: Hibernate Core {5.0.12.Final}
2017-10-23 22:27:20.708  INFO 4815 --- [    Test worker] org.hibernate.cfg.Environment            : HHH000206: hibernate.properties not found
2017-10-23 22:27:20.710  INFO 4815 --- [    Test worker] org.hibernate.cfg.Environment            : HHH000021: Bytecode provider name : javassist
2017-10-23 22:27:20.784  INFO 4815 --- [    Test worker] o.hibernate.annotations.common.Version   : HCANN000001: Hibernate Commons Annotations {5.0.1.Final}
2017-10-23 22:27:20.912  INFO 4815 --- [    Test worker] jdbc.audit                               : 10. Connection.getMetaData() returned dbMeta1: conn9: url=jdbc:h2:file:./target/db/testdb user=SA
2017-10-23 22:27:20.934  INFO 4815 --- [    Test worker] org.hibernate.dialect.Dialect            : HHH000400: Using dialect: org.hibernate.dialect.H2Dialect
2017-10-23 22:27:21.572  INFO 4815 --- [    Test worker] org.hibernate.tool.hbm2ddl.SchemaUpdate  : HHH000228: Running hbm2ddl schema update
2017-10-23 22:27:21.580  INFO 4815 --- [    Test worker] jdbc.audit                               : 10. Statement.new Statement returned 
2017-10-23 22:27:21.580  INFO 4815 --- [    Test worker] jdbc.audit                               : 10. Connection.createStatement() returned net.sf.log4jdbc.StatementSpy@1669ba9a
2017-10-23 22:27:21.585  INFO 4815 --- [    Test worker] jdbc.sqlonly                             : select SEQUENCE_CATALOG, SEQUENCE_SCHEMA, SEQUENCE_NAME, INCREMENT from information_schema.sequences 

2017-10-23 22:27:21.587  INFO 4815 --- [    Test worker] jdbc.sqltiming                           : select SEQUENCE_CATALOG, SEQUENCE_SCHEMA, SEQUENCE_NAME, INCREMENT from information_schema.sequences 
 {executed in 1 msec}
2017-10-23 22:27:21.592  INFO 4815 --- [    Test worker] jdbc.resultset                           : 10. ResultSet.new ResultSet returned 
2017-10-23 22:27:21.593  INFO 4815 --- [    Test worker] jdbc.audit                               : 10. Statement.executeQuery(select SEQUENCE_CATALOG, SEQUENCE_SCHEMA, SEQUENCE_NAME, INCREMENT from information_schema.sequences) returned net.sf.log4jdbc.ResultSetSpy@1b2a776
2017-10-23 22:27:21.594  INFO 4815 --- [    Test worker] jdbc.resultset                           : 10. ResultSet.next() returned true
2017-10-23 22:27:21.595  INFO 4815 --- [    Test worker] jdbc.resultset                           : 10. ResultSet.getString(SEQUENCE_CATALOG) returned TESTDB
2017-10-23 22:27:21.596  INFO 4815 --- [    Test worker] jdbc.resultset                           : 10. ResultSet.getString(SEQUENCE_SCHEMA) returned PUBLIC
2017-10-23 22:27:21.596  INFO 4815 --- [    Test worker] jdbc.resultset                           : 10. ResultSet.getString(SEQUENCE_NAME) returned SYSTEM_SEQUENCE_3070C505_847D_42E1_A836_53B41B3C6447
2017-10-23 22:27:21.596  INFO 4815 --- [    Test worker] jdbc.resultset                           : 10. ResultSet.getInt(INCREMENT) returned 1
2017-10-23 22:27:21.598  INFO 4815 --- [    Test worker] jdbc.resultsettable                      : |-----------------|----------------|-----------------------------------------------------|----------|
2017-10-23 22:27:21.599  INFO 4815 --- [    Test worker] jdbc.resultsettable                      : |SEQUENCE_CATALOG |SEQUENCE_SCHEMA |SEQUENCE_NAME                                        |INCREMENT |
2017-10-23 22:27:21.602  INFO 4815 --- [    Test worker] jdbc.resultsettable                      : |-----------------|----------------|-----------------------------------------------------|----------|
2017-10-23 22:27:21.603  INFO 4815 --- [    Test worker] jdbc.resultsettable                      : |TESTDB           |PUBLIC          |SYSTEM_SEQUENCE_3070C505_847D_42E1_A836_53B41B3C6447 |1         |
2017-10-23 22:27:21.604  INFO 4815 --- [    Test worker] jdbc.resultsettable                      : |-----------------|----------------|-----------------------------------------------------|----------|
2017-10-23 22:27:21.605  INFO 4815 --- [    Test worker] jdbc.resultset                           : 10. ResultSet.next() returned false
2017-10-23 22:27:21.605  INFO 4815 --- [    Test worker] jdbc.resultset                           : 10. ResultSet.close() returned null
2017-10-23 22:27:21.605  INFO 4815 --- [    Test worker] jdbc.audit                               : 10. Statement.close() returned 
2017-10-23 22:27:21.606  INFO 4815 --- [    Test worker] jdbc.audit                               : 9. Connection.setAutoCommit(true) returned 
2017-10-23 22:27:21.606  INFO 4815 --- [    Test worker] jdbc.audit                               : 9. Statement.new Statement returned 
2017-10-23 22:27:21.606  INFO 4815 --- [    Test worker] jdbc.audit                               : 9. Connection.createStatement() returned net.sf.log4jdbc.StatementSpy@646f55ea
2017-10-23 22:27:21.608  INFO 4815 --- [    Test worker] jdbc.audit                               : 10. Connection.getMetaData() returned dbMeta3: conn9: url=jdbc:h2:file:./target/db/testdb user=SA
2017-10-23 22:27:21.641  INFO 4815 --- [    Test worker] jdbc.audit                               : 9. Statement.close() returned 
2017-10-23 22:27:21.692  INFO 4815 --- [    Test worker] j.LocalContainerEntityManagerFactoryBean : Initialized JPA EntityManagerFactory for persistence unit 'default'
2017-10-23 22:27:23.305  INFO 4815 --- [    Test worker] s.w.s.m.m.a.RequestMappingHandlerAdapter : Looking for @ControllerAdvice: org.springframework.web.context.support.GenericWebApplicationContext@308c83cf: startup date [Mon Oct 23 22:27:17 JST 2017]; root of context hierarchy
2017-10-23 22:27:23.447  INFO 4815 --- [    Test worker] s.w.s.m.m.a.RequestMappingHandlerMapping : Mapped "{[/],methods=[GET]}" onto public java.lang.String com.lsken.lskenapp.LskenappApplication.home(java.lang.String[])
2017-10-23 22:27:23.452  INFO 4815 --- [    Test worker] s.w.s.m.m.a.RequestMappingHandlerMapping : Mapped "{[/groups/{id}],methods=[GET]}" onto com.lsken.lskenapp.domain.Group com.lsken.lskenapp.api.GroupRestController.getGroup(java.lang.String)
2017-10-23 22:27:23.453  INFO 4815 --- [    Test worker] s.w.s.m.m.a.RequestMappingHandlerMapping : Mapped "{[/groups],methods=[GET]}" onto java.util.List<com.lsken.lskenapp.domain.Group> com.lsken.lskenapp.api.GroupRestController.getGroups()
2017-10-23 22:27:23.453  INFO 4815 --- [    Test worker] s.w.s.m.m.a.RequestMappingHandlerMapping : Mapped "{[/groups],methods=[POST]}" onto com.lsken.lskenapp.domain.Group com.lsken.lskenapp.api.GroupRestController.postGroup(com.lsken.lskenapp.domain.Group)
2017-10-23 22:27:23.455  INFO 4815 --- [    Test worker] s.w.s.m.m.a.RequestMappingHandlerMapping : Mapped "{[/messages/{id}],methods=[GET]}" onto com.lsken.lskenapp.domain.Message com.lsken.lskenapp.api.MessageRestController.getMessage(java.lang.Integer)
2017-10-23 22:27:23.456  INFO 4815 --- [    Test worker] s.w.s.m.m.a.RequestMappingHandlerMapping : Mapped "{[/messages],methods=[GET]}" onto java.util.List<com.lsken.lskenapp.domain.Message> com.lsken.lskenapp.api.MessageRestController.getMessages()
2017-10-23 22:27:23.457  INFO 4815 --- [    Test worker] s.w.s.m.m.a.RequestMappingHandlerMapping : Mapped "{[/messages],methods=[POST]}" onto com.lsken.lskenapp.domain.Message com.lsken.lskenapp.api.MessageRestController.postMessage(com.lsken.lskenapp.domain.Message)
2017-10-23 22:27:23.459  INFO 4815 --- [    Test worker] s.w.s.m.m.a.RequestMappingHandlerMapping : Mapped "{[/stamps/{id}],methods=[GET]}" onto com.lsken.lskenapp.domain.Stamp com.lsken.lskenapp.api.StampRestController.getStamps(java.lang.String)
2017-10-23 22:27:23.459  INFO 4815 --- [    Test worker] s.w.s.m.m.a.RequestMappingHandlerMapping : Mapped "{[/stamps],methods=[GET]}" onto java.util.List<com.lsken.lskenapp.domain.Stamp> com.lsken.lskenapp.api.StampRestController.getStamps()
2017-10-23 22:27:23.460  INFO 4815 --- [    Test worker] s.w.s.m.m.a.RequestMappingHandlerMapping : Mapped "{[/stamps],methods=[POST]}" onto com.lsken.lskenapp.domain.Stamp com.lsken.lskenapp.api.StampRestController.postStamp(com.lsken.lskenapp.domain.Stamp)
2017-10-23 22:27:23.462  INFO 4815 --- [    Test worker] s.w.s.m.m.a.RequestMappingHandlerMapping : Mapped "{[/users/{id}],methods=[GET]}" onto com.lsken.lskenapp.domain.User com.lsken.lskenapp.api.UserRestController.getUser(java.lang.String)
2017-10-23 22:27:23.462  INFO 4815 --- [    Test worker] s.w.s.m.m.a.RequestMappingHandlerMapping : Mapped "{[/users],methods=[GET]}" onto java.util.List<com.lsken.lskenapp.domain.User> com.lsken.lskenapp.api.UserRestController.getUsers()
2017-10-23 22:27:23.463  INFO 4815 --- [    Test worker] s.w.s.m.m.a.RequestMappingHandlerMapping : Mapped "{[/users],methods=[POST]}" onto com.lsken.lskenapp.domain.User com.lsken.lskenapp.api.UserRestController.postUser(com.lsken.lskenapp.domain.User)
2017-10-23 22:27:23.465  INFO 4815 --- [    Test worker] s.w.s.m.m.a.RequestMappingHandlerMapping : Mapped "{[/messagelist]}" onto public java.lang.String com.lsken.lskenapp.web.MessageListController.index(org.springframework.ui.Model)
2017-10-23 22:27:23.470  INFO 4815 --- [    Test worker] s.w.s.m.m.a.RequestMappingHandlerMapping : Mapped "{[/error]}" onto public org.springframework.http.ResponseEntity<java.util.Map<java.lang.String, java.lang.Object>> org.springframework.boot.autoconfigure.web.BasicErrorController.error(javax.servlet.http.HttpServletRequest)
2017-10-23 22:27:23.472  INFO 4815 --- [    Test worker] s.w.s.m.m.a.RequestMappingHandlerMapping : Mapped "{[/error],produces=[text/html]}" onto public org.springframework.web.servlet.ModelAndView org.springframework.boot.autoconfigure.web.BasicErrorController.errorHtml(javax.servlet.http.HttpServletRequest,javax.servlet.http.HttpServletResponse)
2017-10-23 22:27:23.529  INFO 4815 --- [    Test worker] o.s.w.s.handler.SimpleUrlHandlerMapping  : Mapped URL path [/webjars/**] onto handler of type [class org.springframework.web.servlet.resource.ResourceHttpRequestHandler]
2017-10-23 22:27:23.532  INFO 4815 --- [    Test worker] o.s.w.s.handler.SimpleUrlHandlerMapping  : Mapped URL path [/**] onto handler of type [class org.springframework.web.servlet.resource.ResourceHttpRequestHandler]
2017-10-23 22:27:23.598  INFO 4815 --- [    Test worker] o.s.w.s.handler.SimpleUrlHandlerMapping  : Mapped URL path [/**/favicon.ico] onto handler of type [class org.springframework.web.servlet.resource.ResourceHttpRequestHandler]
2017-10-23 22:27:24.517  INFO 4815 --- [    Test worker] o.s.b.a.e.mvc.EndpointHandlerMapping     : Mapped "{[/metrics/{name:.*}],methods=[GET],produces=[application/vnd.spring-boot.actuator.v1+json || application/json]}" onto public java.lang.Object org.springframework.boot.actuate.endpoint.mvc.MetricsMvcEndpoint.value(java.lang.String)
2017-10-23 22:27:24.517  INFO 4815 --- [    Test worker] o.s.b.a.e.mvc.EndpointHandlerMapping     : Mapped "{[/metrics || /metrics.json],methods=[GET],produces=[application/vnd.spring-boot.actuator.v1+json || application/json]}" onto public java.lang.Object org.springframework.boot.actuate.endpoint.mvc.EndpointMvcAdapter.invoke()
2017-10-23 22:27:24.519  INFO 4815 --- [    Test worker] o.s.b.a.e.mvc.EndpointHandlerMapping     : Mapped "{[/dump || /dump.json],methods=[GET],produces=[application/vnd.spring-boot.actuator.v1+json || application/json]}" onto public java.lang.Object org.springframework.boot.actuate.endpoint.mvc.EndpointMvcAdapter.invoke()
2017-10-23 22:27:24.521  INFO 4815 --- [    Test worker] o.s.b.a.e.mvc.EndpointHandlerMapping     : Mapped "{[/heapdump || /heapdump.json],methods=[GET],produces=[application/octet-stream]}" onto public void org.springframework.boot.actuate.endpoint.mvc.HeapdumpMvcEndpoint.invoke(boolean,javax.servlet.http.HttpServletRequest,javax.servlet.http.HttpServletResponse) throws java.io.IOException,javax.servlet.ServletException
2017-10-23 22:27:24.522  INFO 4815 --- [    Test worker] o.s.b.a.e.mvc.EndpointHandlerMapping     : Mapped "{[/beans || /beans.json],methods=[GET],produces=[application/vnd.spring-boot.actuator.v1+json || application/json]}" onto public java.lang.Object org.springframework.boot.actuate.endpoint.mvc.EndpointMvcAdapter.invoke()
2017-10-23 22:27:24.524  INFO 4815 --- [    Test worker] o.s.b.a.e.mvc.EndpointHandlerMapping     : Mapped "{[/configprops || /configprops.json],methods=[GET],produces=[application/vnd.spring-boot.actuator.v1+json || application/json]}" onto public java.lang.Object org.springframework.boot.actuate.endpoint.mvc.EndpointMvcAdapter.invoke()
2017-10-23 22:27:24.530  INFO 4815 --- [    Test worker] o.s.b.a.e.mvc.EndpointHandlerMapping     : Mapped "{[/loggers/{name:.*}],methods=[GET],produces=[application/vnd.spring-boot.actuator.v1+json || application/json]}" onto public java.lang.Object org.springframework.boot.actuate.endpoint.mvc.LoggersMvcEndpoint.get(java.lang.String)
2017-10-23 22:27:24.531  INFO 4815 --- [    Test worker] o.s.b.a.e.mvc.EndpointHandlerMapping     : Mapped "{[/loggers/{name:.*}],methods=[POST],consumes=[application/vnd.spring-boot.actuator.v1+json || application/json],produces=[application/vnd.spring-boot.actuator.v1+json || application/json]}" onto public java.lang.Object org.springframework.boot.actuate.endpoint.mvc.LoggersMvcEndpoint.set(java.lang.String,java.util.Map<java.lang.String, java.lang.String>)
2017-10-23 22:27:24.533  INFO 4815 --- [    Test worker] o.s.b.a.e.mvc.EndpointHandlerMapping     : Mapped "{[/loggers || /loggers.json],methods=[GET],produces=[application/vnd.spring-boot.actuator.v1+json || application/json]}" onto public java.lang.Object org.springframework.boot.actuate.endpoint.mvc.EndpointMvcAdapter.invoke()
2017-10-23 22:27:24.536  INFO 4815 --- [    Test worker] o.s.b.a.e.mvc.EndpointHandlerMapping     : Mapped "{[/health || /health.json],methods=[GET],produces=[application/vnd.spring-boot.actuator.v1+json || application/json]}" onto public java.lang.Object org.springframework.boot.actuate.endpoint.mvc.HealthMvcEndpoint.invoke(javax.servlet.http.HttpServletRequest,java.security.Principal)
2017-10-23 22:27:24.537  INFO 4815 --- [    Test worker] o.s.b.a.e.mvc.EndpointHandlerMapping     : Mapped "{[/autoconfig || /autoconfig.json],methods=[GET],produces=[application/vnd.spring-boot.actuator.v1+json || application/json]}" onto public java.lang.Object org.springframework.boot.actuate.endpoint.mvc.EndpointMvcAdapter.invoke()
2017-10-23 22:27:24.539  INFO 4815 --- [    Test worker] o.s.b.a.e.mvc.EndpointHandlerMapping     : Mapped "{[/trace || /trace.json],methods=[GET],produces=[application/vnd.spring-boot.actuator.v1+json || application/json]}" onto public java.lang.Object org.springframework.boot.actuate.endpoint.mvc.EndpointMvcAdapter.invoke()
2017-10-23 22:27:24.540  INFO 4815 --- [    Test worker] o.s.b.a.e.mvc.EndpointHandlerMapping     : Mapped "{[/env/{name:.*}],methods=[GET],produces=[application/vnd.spring-boot.actuator.v1+json || application/json]}" onto public java.lang.Object org.springframework.boot.actuate.endpoint.mvc.EnvironmentMvcEndpoint.value(java.lang.String)
2017-10-23 22:27:24.541  INFO 4815 --- [    Test worker] o.s.b.a.e.mvc.EndpointHandlerMapping     : Mapped "{[/env || /env.json],methods=[GET],produces=[application/vnd.spring-boot.actuator.v1+json || application/json]}" onto public java.lang.Object org.springframework.boot.actuate.endpoint.mvc.EndpointMvcAdapter.invoke()
2017-10-23 22:27:24.542  INFO 4815 --- [    Test worker] o.s.b.a.e.mvc.EndpointHandlerMapping     : Mapped "{[/mappings || /mappings.json],methods=[GET],produces=[application/vnd.spring-boot.actuator.v1+json || application/json]}" onto public java.lang.Object org.springframework.boot.actuate.endpoint.mvc.EndpointMvcAdapter.invoke()
2017-10-23 22:27:24.543  INFO 4815 --- [    Test worker] o.s.b.a.e.mvc.EndpointHandlerMapping     : Mapped "{[/info || /info.json],methods=[GET],produces=[application/vnd.spring-boot.actuator.v1+json || application/json]}" onto public java.lang.Object org.springframework.boot.actuate.endpoint.mvc.EndpointMvcAdapter.invoke()
2017-10-23 22:27:24.544  INFO 4815 --- [    Test worker] o.s.b.a.e.mvc.EndpointHandlerMapping     : Mapped "{[/auditevents || /auditevents.json],methods=[GET],produces=[application/vnd.spring-boot.actuator.v1+json || application/json]}" onto public org.springframework.http.ResponseEntity<?> org.springframework.boot.actuate.endpoint.mvc.AuditEventsMvcEndpoint.findByPrincipalAndAfterAndType(java.lang.String,java.util.Date,java.lang.String)
2017-10-23 22:27:25.007  INFO 4815 --- [    Test worker] jdbc.audit                               : 10. Connection.getAutoCommit() returned true
2017-10-23 22:27:25.008  INFO 4815 --- [    Test worker] jdbc.audit                               : 10. Connection.setAutoCommit(false) returned 
2017-10-23 22:27:25.033  INFO 4815 --- [    Test worker] jdbc.audit                               : 10. PreparedStatement.new PreparedStatement returned 
2017-10-23 22:27:25.033  INFO 4815 --- [    Test worker] jdbc.audit                               : 10. Connection.prepareStatement(select message0_.message_id as message_1_1_0_, message0_.from_user_id as from_use2_1_0_, message0_.group_id as group_id3_1_0_, message0_.message_detail as message_4_1_0_, message0_.post_date as post_dat5_1_0_, message0_.type as type6_1_0_ from messages message0_ where message0_.message_id=?) returned net.sf.log4jdbc.PreparedStatementSpy@6a869c33
2017-10-23 22:27:25.047  INFO 4815 --- [    Test worker] jdbc.audit                               : 10. PreparedStatement.setInt(1, 2) returned 
2017-10-23 22:27:25.049  INFO 4815 --- [    Test worker] jdbc.audit                               : 10. PreparedStatement.isWrapperFor(java.sql.CallableStatement) returned false
2017-10-23 22:27:25.050  INFO 4815 --- [    Test worker] jdbc.sqlonly                             : select message0_.message_id as message_1_1_0_, message0_.from_user_id as from_use2_1_0_, message0_.group_id 
as group_id3_1_0_, message0_.message_detail as message_4_1_0_, message0_.post_date as post_dat5_1_0_, 
message0_.type as type6_1_0_ from messages message0_ where message0_.message_id=2 
2017-10-23 22:27:25.051  INFO 4815 --- [    Test worker] jdbc.sqltiming                           : select message0_.message_id as message_1_1_0_, message0_.from_user_id as from_use2_1_0_, message0_.group_id 
as group_id3_1_0_, message0_.message_detail as message_4_1_0_, message0_.post_date as post_dat5_1_0_, 
message0_.type as type6_1_0_ from messages message0_ where message0_.message_id=2  {executed in 1 msec}
2017-10-23 22:27:25.051  INFO 4815 --- [    Test worker] jdbc.resultset                           : 10. ResultSet.new ResultSet returned 
2017-10-23 22:27:25.051  INFO 4815 --- [    Test worker] jdbc.audit                               : 10. PreparedStatement.executeQuery() returned net.sf.log4jdbc.ResultSetSpy@2a6300ce
2017-10-23 22:27:25.051  INFO 4815 --- [    Test worker] jdbc.resultset                           : 10. ResultSet.next() returned true
2017-10-23 22:27:25.063  INFO 4815 --- [    Test worker] jdbc.resultset                           : 10. ResultSet.getString(from_use2_1_0_) returned u001
2017-10-23 22:27:25.064  INFO 4815 --- [    Test worker] jdbc.resultset                           : 10. ResultSet.wasNull() returned false
2017-10-23 22:27:25.064  INFO 4815 --- [    Test worker] jdbc.resultset                           : 10. ResultSet.getString(group_id3_1_0_) returned g001
2017-10-23 22:27:25.064  INFO 4815 --- [    Test worker] jdbc.resultset                           : 10. ResultSet.wasNull() returned false
2017-10-23 22:27:25.065  INFO 4815 --- [    Test worker] jdbc.resultset                           : 10. ResultSet.getString(message_4_1_0_) returned hello hello
2017-10-23 22:27:25.065  INFO 4815 --- [    Test worker] jdbc.resultset                           : 10. ResultSet.wasNull() returned false
2017-10-23 22:27:25.068  INFO 4815 --- [    Test worker] jdbc.resultset                           : 10. ResultSet.getTimestamp(post_dat5_1_0_) returned 2017-10-20 18:24:26.664
2017-10-23 22:27:25.068  INFO 4815 --- [    Test worker] jdbc.resultset                           : 10. ResultSet.wasNull() returned false
2017-10-23 22:27:25.068  INFO 4815 --- [    Test worker] jdbc.resultset                           : 10. ResultSet.getString(type6_1_0_) returned text
2017-10-23 22:27:25.068  INFO 4815 --- [    Test worker] jdbc.resultset                           : 10. ResultSet.wasNull() returned false
2017-10-23 22:27:25.071  INFO 4815 --- [    Test worker] jdbc.resultsettable                      : |-----------|-------------|---------|---------------|------------------------|-----|
2017-10-23 22:27:25.072  INFO 4815 --- [    Test worker] jdbc.resultsettable                      : |MESSAGE_ID |FROM_USER_ID |GROUP_ID |MESSAGE_DETAIL |POST_DATE               |TYPE |
2017-10-23 22:27:25.073  INFO 4815 --- [    Test worker] jdbc.resultsettable                      : |-----------|-------------|---------|---------------|------------------------|-----|
2017-10-23 22:27:25.074  INFO 4815 --- [    Test worker] jdbc.resultsettable                      : |[unread]   |u001         |g001     |hello hello    |2017-10-20 18:24:26.664 |text |
2017-10-23 22:27:25.075  INFO 4815 --- [    Test worker] jdbc.resultsettable                      : |-----------|-------------|---------|---------------|------------------------|-----|
2017-10-23 22:27:25.075  INFO 4815 --- [    Test worker] jdbc.resultset                           : 10. ResultSet.next() returned false
2017-10-23 22:27:25.079  INFO 4815 --- [    Test worker] jdbc.resultset                           : 10. ResultSet.close() returned null
2017-10-23 22:27:25.080  INFO 4815 --- [    Test worker] jdbc.audit                               : 10. PreparedStatement.getMaxRows() returned 0
2017-10-23 22:27:25.082  INFO 4815 --- [    Test worker] jdbc.audit                               : 10. PreparedStatement.getQueryTimeout() returned 0
2017-10-23 22:27:25.082  INFO 4815 --- [    Test worker] jdbc.audit                               : 10. PreparedStatement.close() returned 
2017-10-23 22:27:25.106  INFO 4815 --- [    Test worker] jdbc.audit                               : 10. PreparedStatement.new PreparedStatement returned 
2017-10-23 22:27:25.106  INFO 4815 --- [    Test worker] jdbc.audit                               : 10. Connection.prepareStatement(update messages set from_user_id=?, group_id=?, message_detail=?, post_date=?, type=? where message_id=?) returned net.sf.log4jdbc.PreparedStatementSpy@4b4f9e73
2017-10-23 22:27:25.107  INFO 4815 --- [    Test worker] jdbc.audit                               : 10. PreparedStatement.setString(1, "u001") returned 
2017-10-23 22:27:25.108  INFO 4815 --- [    Test worker] jdbc.audit                               : 10. PreparedStatement.setString(2, "g001") returned 
2017-10-23 22:27:25.108  INFO 4815 --- [    Test worker] jdbc.audit                               : 10. PreparedStatement.setString(3, "hello hello") returned 
2017-10-23 22:27:25.110  INFO 4815 --- [    Test worker] jdbc.audit                               : 10. PreparedStatement.setTimestamp(4, 2017-10-23 22:27:24.993) returned 
2017-10-23 22:27:25.110  INFO 4815 --- [    Test worker] jdbc.audit                               : 10. PreparedStatement.setString(5, "text") returned 
2017-10-23 22:27:25.111  INFO 4815 --- [    Test worker] jdbc.audit                               : 10. PreparedStatement.setInt(6, 2) returned 
2017-10-23 22:27:25.111  INFO 4815 --- [    Test worker] jdbc.sqlonly                             : update messages set from_user_id='u001', group_id='g001', message_detail='hello hello', post_date='10/23/2017 
22:27:24.993', type='text' where message_id=2 
2017-10-23 22:27:25.113  INFO 4815 --- [    Test worker] jdbc.sqltiming                           : update messages set from_user_id='u001', group_id='g001', message_detail='hello hello', post_date='10/23/2017 
22:27:24.993', type='text' where message_id=2  {executed in 2 msec}
2017-10-23 22:27:25.114  INFO 4815 --- [    Test worker] jdbc.audit                               : 10. PreparedStatement.executeUpdate() returned 1
2017-10-23 22:27:25.114  INFO 4815 --- [    Test worker] jdbc.audit                               : 10. PreparedStatement.getMaxRows() returned 0
2017-10-23 22:27:25.115  INFO 4815 --- [    Test worker] jdbc.audit                               : 10. PreparedStatement.getQueryTimeout() returned 0
2017-10-23 22:27:25.115  INFO 4815 --- [    Test worker] jdbc.audit                               : 10. PreparedStatement.close() returned 
2017-10-23 22:27:25.117  INFO 4815 --- [    Test worker] jdbc.audit                               : 10. Connection.commit() returned 
2017-10-23 22:27:25.118  INFO 4815 --- [    Test worker] jdbc.audit                               : 10. Connection.setAutoCommit(true) returned 
2017-10-23 22:27:25.120  INFO 4815 --- [    Test worker] jdbc.audit                               : 10. Connection.getWarnings() returned null
2017-10-23 22:27:25.121  INFO 4815 --- [    Test worker] jdbc.audit                               : 10. Connection.clearWarnings() returned 
2017-10-23 22:27:25.123  INFO 4815 --- [    Test worker] jdbc.audit                               : 10. Connection.getAutoCommit() returned true
2017-10-23 22:27:25.123  INFO 4815 --- [    Test worker] jdbc.audit                               : 10. Connection.setAutoCommit(false) returned 
2017-10-23 22:27:25.124  INFO 4815 --- [    Test worker] jdbc.audit                               : 10. PreparedStatement.new PreparedStatement returned 
[...]
2017-10-23 22:27:25.146  INFO 4815 --- [    Test worker] jdbc.audit                               : 10. PreparedStatement.setString(1, "u001") returned 
2017-10-23 22:27:25.149  INFO 4815 --- [    Test worker] jdbc.audit                               : 10. PreparedStatement.setString(2, "g001") returned 
2017-10-23 22:27:25.150  INFO 4815 --- [    Test worker] jdbc.audit                               : 10. PreparedStatement.setString(3, "hello hello") returned 
2017-10-23 22:27:25.151  INFO 4815 --- [    Test worker] jdbc.audit                               : 10. PreparedStatement.setTimestamp(4, 2017-10-23 22:27:24.993) returned 
2017-10-23 22:27:25.151  INFO 4815 --- [    Test worker] jdbc.audit                               : 10. PreparedStatement.setString(5, "text") returned 
2017-10-23 22:27:25.152  INFO 4815 --- [    Test worker] jdbc.audit                               : 10. PreparedStatement.setInt(6, 3) returned 
2017-10-23 22:27:25.152  INFO 4815 --- [    Test worker] jdbc.sqlonly                             : update messages set from_user_id='u001', group_id='g001', message_detail='hello hello', post_date='10/23/2017 
22:27:24.993', type='text' where message_id=3 
2017-10-23 22:27:25.154  INFO 4815 --- [    Test worker] jdbc.sqltiming                           : update messages set from_user_id='u001', group_id='g001', message_detail='hello hello', post_date='10/23/2017 
22:27:24.993', type='text' where message_id=3  {executed in 1 msec}
2017-10-23 22:27:25.155  INFO 4815 --- [    Test worker] jdbc.audit                               : 10. PreparedStatement.executeUpdate() returned 1
2017-10-23 22:27:25.156  INFO 4815 --- [    Test worker] jdbc.audit                               : 10. PreparedStatement.getMaxRows() returned 0
2017-10-23 22:27:25.159  INFO 4815 --- [    Test worker] jdbc.audit                               : 10. PreparedStatement.getQueryTimeout() returned 0
2017-10-23 22:27:25.160  INFO 4815 --- [    Test worker] jdbc.audit                               : 10. PreparedStatement.close() returned 
2017-10-23 22:27:25.162  INFO 4815 --- [    Test worker] jdbc.audit                               : 10. Connection.commit() returned 
2017-10-23 22:27:25.164  INFO 4815 --- [    Test worker] jdbc.audit                               : 10. Connection.setAutoCommit(true) returned 
2017-10-23 22:27:25.165  INFO 4815 --- [    Test worker] jdbc.audit                               : 10. Connection.getWarnings() returned null
2017-10-23 22:27:25.166  INFO 4815 --- [    Test worker] jdbc.audit                               : 10. Connection.clearWarnings() returned 
2017-10-23 22:27:25.167  INFO 4815 --- [    Test worker] jdbc.audit                               : 10. Connection.getAutoCommit() returned true
2017-10-23 22:27:25.168  INFO 4815 --- [    Test worker] jdbc.audit                               : 10. Connection.setAutoCommit(false) returned 
2017-10-23 22:27:25.169  INFO 4815 --- [    Test worker] jdbc.audit                               : 10. PreparedStatement.new PreparedStatement returned 
2017-10-23 22:27:25.170  INFO 4815 --- [    Test worker] jdbc.audit                               : 10. Connection.prepareStatement(select message0_.message_id as message_1_1_0_, message0_.from_user_id as from_use2_1_0_, message0_.group_id as group_id3_1_0_, message0_.message_detail as message_4_1_0_, message0_.post_date as post_dat5_1_0_, message0_.type as type6_1_0_ from messages message0_ where message0_.message_id=?) returned net.sf.log4jdbc.PreparedStatementSpy@1b8a7dc7
2017-10-23 22:27:25.171  INFO 4815 --- [    Test worker] jdbc.audit                               : 10. PreparedStatement.setInt(1, 4) returned 
2017-10-23 22:27:25.172  INFO 4815 --- [    Test worker] jdbc.audit                               : 10. PreparedStatement.isWrapperFor(java.sql.CallableStatement) returned false
2017-10-23 22:27:25.173  INFO 4815 --- [    Test worker] jdbc.sqlonly                             : select message0_.message_id as message_1_1_0_, message0_.from_user_id as from_use2_1_0_, message0_.group_id 
as group_id3_1_0_, message0_.message_detail as message_4_1_0_, message0_.post_date as post_dat5_1_0_, 
message0_.type as type6_1_0_ from messages message0_ where message0_.message_id=4 
2017-10-23 22:27:25.175  INFO 4815 --- [    Test worker] jdbc.sqltiming                           : select message0_.message_id as message_1_1_0_, message0_.from_user_id as from_use2_1_0_, message0_.group_id 
as group_id3_1_0_, message0_.message_detail as message_4_1_0_, message0_.post_date as post_dat5_1_0_, 
message0_.type as type6_1_0_ from messages message0_ where message0_.message_id=4  {executed in 1 msec}
2017-10-23 22:27:25.175  INFO 4815 --- [    Test worker] jdbc.resultset                           : 10. ResultSet.new ResultSet returned 
2017-10-23 22:27:25.175  INFO 4815 --- [    Test worker] jdbc.audit                               : 10. PreparedStatement.executeQuery() returned net.sf.log4jdbc.ResultSetSpy@209b6eb7
2017-10-23 22:27:25.176  INFO 4815 --- [    Test worker] jdbc.resultset                           : 10. ResultSet.next() returned true
2017-10-23 22:27:25.177  INFO 4815 --- [    Test worker] jdbc.resultset                           : 10. ResultSet.getString(from_use2_1_0_) returned u001
2017-10-23 22:27:25.178  INFO 4815 --- [    Test worker] jdbc.resultset                           : 10. ResultSet.wasNull() returned false
2017-10-23 22:27:25.179  INFO 4815 --- [    Test worker] jdbc.resultset                           : 10. ResultSet.getString(group_id3_1_0_) returned g001
2017-10-23 22:27:25.179  INFO 4815 --- [    Test worker] jdbc.resultset                           : 10. ResultSet.wasNull() returned false
2017-10-23 22:27:25.179  INFO 4815 --- [    Test worker] jdbc.resultset                           : 10. ResultSet.getString(message_4_1_0_) returned hello hello
2017-10-23 22:27:25.179  INFO 4815 --- [    Test worker] jdbc.resultset                           : 10. ResultSet.wasNull() returned false
2017-10-23 22:27:25.179  INFO 4815 --- [    Test worker] jdbc.resultset                           : 10. ResultSet.getTimestamp(post_dat5_1_0_) returned 2017-10-20 18:24:26.664
2017-10-23 22:27:25.179  INFO 4815 --- [    Test worker] jdbc.resultset                           : 10. ResultSet.wasNull() returned false
2017-10-23 22:27:25.179  INFO 4815 --- [    Test worker] jdbc.resultset                           : 10. ResultSet.getString(type6_1_0_) returned text
2017-10-23 22:27:25.179  INFO 4815 --- [    Test worker] jdbc.resultset                           : 10. ResultSet.wasNull() returned false
2017-10-23 22:27:25.180  INFO 4815 --- [    Test worker] jdbc.resultsettable                      : |-----------|-------------|---------|---------------|------------------------|-----|
2017-10-23 22:27:25.180  INFO 4815 --- [    Test worker] jdbc.resultsettable                      : |MESSAGE_ID |FROM_USER_ID |GROUP_ID |MESSAGE_DETAIL |POST_DATE               |TYPE |
2017-10-23 22:27:25.180  INFO 4815 --- [    Test worker] jdbc.resultsettable                      : |-----------|-------------|---------|---------------|------------------------|-----|
2017-10-23 22:27:25.180  INFO 4815 --- [    Test worker] jdbc.resultsettable                      : |[unread]   |u001         |g001     |hello hello    |2017-10-20 18:24:26.664 |text |
2017-10-23 22:27:25.180  INFO 4815 --- [    Test worker] jdbc.resultsettable                      : |-----------|-------------|---------|---------------|------------------------|-----|
2017-10-23 22:27:25.180  INFO 4815 --- [    Test worker] jdbc.resultset                           : 10. ResultSet.next() returned false
2017-10-23 22:27:25.181  INFO 4815 --- [    Test worker] jdbc.resultset                           : 10. ResultSet.close() returned null
2017-10-23 22:27:25.181  INFO 4815 --- [    Test worker] jdbc.audit                               : 10. PreparedStatement.getMaxRows() returned 0
2017-10-23 22:27:25.181  INFO 4815 --- [    Test worker] jdbc.audit                               : 10. PreparedStatement.getQueryTimeout() returned 0
2017-10-23 22:27:25.181  INFO 4815 --- [    Test worker] jdbc.audit                               : 10. PreparedStatement.close() returned 
2017-10-23 22:27:25.182  INFO 4815 --- [    Test worker] jdbc.audit                               : 10. PreparedStatement.new PreparedStatement returned 
2017-10-23 22:27:25.182  INFO 4815 --- [    Test worker] jdbc.audit                               : 10. Connection.prepareStatement(update messages set from_user_id=?, group_id=?, message_detail=?, post_date=?, type=? where message_id=?) returned net.sf.log4jdbc.PreparedStatementSpy@4168bf2
2017-10-23 22:27:25.182  INFO 4815 --- [    Test worker] jdbc.audit                               : 10. PreparedStatement.setString(1, "u001") returned 
2017-10-23 22:27:25.183  INFO 4815 --- [    Test worker] jdbc.audit                               : 10. PreparedStatement.setString(2, "g001") returned 
2017-10-23 22:27:25.183  INFO 4815 --- [    Test worker] jdbc.audit                               : 10. PreparedStatement.setString(3, "hello hello") returned 
2017-10-23 22:27:25.184  INFO 4815 --- [    Test worker] jdbc.audit                               : 10. PreparedStatement.setTimestamp(4, 2017-10-23 22:27:24.993) returned 
2017-10-23 22:27:25.184  INFO 4815 --- [    Test worker] jdbc.audit                               : 10. PreparedStatement.setString(5, "text") returned 
2017-10-23 22:27:25.185  INFO 4815 --- [    Test worker] jdbc.audit                               : 10. PreparedStatement.setInt(6, 4) returned 
2017-10-23 22:27:25.185  INFO 4815 --- [    Test worker] jdbc.sqlonly                             : update messages set from_user_id='u001', group_id='g001', message_detail='hello hello', post_date='10/23/2017 
22:27:24.993', type='text' where message_id=4 
2017-10-23 22:27:25.185  INFO 4815 --- [    Test worker] jdbc.sqltiming                           : update messages set from_user_id='u001', group_id='g001', message_detail='hello hello', post_date='10/23/2017 
22:27:24.993', type='text' where message_id=4  {executed in 0 msec}
2017-10-23 22:27:25.185  INFO 4815 --- [    Test worker] jdbc.audit                               : 10. PreparedStatement.executeUpdate() returned 1
2017-10-23 22:27:25.186  INFO 4815 --- [    Test worker] jdbc.audit                               : 10. PreparedStatement.getMaxRows() returned 0
2017-10-23 22:27:25.187  INFO 4815 --- [    Test worker] jdbc.audit                               : 10. PreparedStatement.getQueryTimeout() returned 0
2017-10-23 22:27:25.188  INFO 4815 --- [    Test worker] jdbc.audit                               : 10. PreparedStatement.close() returned 
2017-10-23 22:27:25.189  INFO 4815 --- [    Test worker] jdbc.audit                               : 10. Connection.commit() returned 
2017-10-23 22:27:25.189  INFO 4815 --- [    Test worker] jdbc.audit                               : 10. Connection.setAutoCommit(true) returned 
2017-10-23 22:27:25.189  INFO 4815 --- [    Test worker] jdbc.audit                               : 10. Connection.getWarnings() returned null
2017-10-23 22:27:25.189  INFO 4815 --- [    Test worker] jdbc.audit                               : 10. Connection.clearWarnings() returned 
2017-10-23 22:27:25.191  INFO 4815 --- [    Test worker] jdbc.audit                               : 10. Connection.getAutoCommit() returned true
2017-10-23 22:27:25.191  INFO 4815 --- [    Test worker] jdbc.audit                               : 10. Connection.setAutoCommit(false) returned 
2017-10-23 22:27:25.194  INFO 4815 --- [    Test worker] jdbc.audit                               : 10. PreparedStatement.new PreparedStatement returned 
2017-10-23 22:27:25.194  INFO 4815 --- [    Test worker] jdbc.audit                               : 10. Connection.prepareStatement(select group0_.group_id as group_id1_0_0_, group0_.group_name as group_na2_0_0_ from groups group0_ where group0_.group_id=?) returned net.sf.log4jdbc.PreparedStatementSpy@67d05fe8
2017-10-23 22:27:25.194  INFO 4815 --- [    Test worker] jdbc.audit                               : 10. PreparedStatement.setString(1, "g001") returned 
2017-10-23 22:27:25.195  INFO 4815 --- [    Test worker] jdbc.audit                               : 10. PreparedStatement.isWrapperFor(java.sql.CallableStatement) returned false
2017-10-23 22:27:25.195  INFO 4815 --- [    Test worker] jdbc.sqlonly                             : select group0_.group_id as group_id1_0_0_, group0_.group_name as group_na2_0_0_ from groups 
group0_ where group0_.group_id='g001' 
2017-10-23 22:27:25.196  INFO 4815 --- [    Test worker] jdbc.sqltiming                           : select group0_.group_id as group_id1_0_0_, group0_.group_name as group_na2_0_0_ from groups 
group0_ where group0_.group_id='g001'  {executed in 0 msec}
2017-10-23 22:27:25.196  INFO 4815 --- [    Test worker] jdbc.resultset                           : 10. ResultSet.new ResultSet returned 
2017-10-23 22:27:25.196  INFO 4815 --- [    Test worker] jdbc.audit                               : 10. PreparedStatement.executeQuery() returned net.sf.log4jdbc.ResultSetSpy@18ab3867
2017-10-23 22:27:25.196  INFO 4815 --- [    Test worker] jdbc.resultset                           : 10. ResultSet.next() returned true
2017-10-23 22:27:25.196  INFO 4815 --- [    Test worker] jdbc.resultset                           : 10. ResultSet.getString(group_na2_0_0_) returned LS-007
2017-10-23 22:27:25.196  INFO 4815 --- [    Test worker] jdbc.resultset                           : 10. ResultSet.wasNull() returned false
2017-10-23 22:27:25.196  INFO 4815 --- [    Test worker] jdbc.resultsettable                      : |---------|-----------|
2017-10-23 22:27:25.196  INFO 4815 --- [    Test worker] jdbc.resultsettable                      : |GROUP_ID |GROUP_NAME |
2017-10-23 22:27:25.197  INFO 4815 --- [    Test worker] jdbc.resultsettable                      : |---------|-----------|
2017-10-23 22:27:25.197  INFO 4815 --- [    Test worker] jdbc.resultsettable                      : |[unread] |LS-007     |
2017-10-23 22:27:25.197  INFO 4815 --- [    Test worker] jdbc.resultsettable                      : |---------|-----------|
2017-10-23 22:27:25.197  INFO 4815 --- [    Test worker] jdbc.resultset                           : 10. ResultSet.next() returned false
2017-10-23 22:27:25.197  INFO 4815 --- [    Test worker] jdbc.resultset                           : 10. ResultSet.close() returned null
2017-10-23 22:27:25.197  INFO 4815 --- [    Test worker] jdbc.audit                               : 10. PreparedStatement.getMaxRows() returned 0
2017-10-23 22:27:25.197  INFO 4815 --- [    Test worker] jdbc.audit                               : 10. PreparedStatement.getQueryTimeout() returned 0
2017-10-23 22:27:25.197  INFO 4815 --- [    Test worker] jdbc.audit                               : 10. PreparedStatement.close() returned 
2017-10-23 22:27:25.198  INFO 4815 --- [    Test worker] jdbc.audit                               : 10. Connection.commit() returned 
2017-10-23 22:27:25.199  INFO 4815 --- [    Test worker] jdbc.audit                               : 10. Connection.setAutoCommit(true) returned 
2017-10-23 22:27:25.199  INFO 4815 --- [    Test worker] jdbc.audit                               : 10. Connection.getWarnings() returned null
2017-10-23 22:27:25.199  INFO 4815 --- [    Test worker] jdbc.audit                               : 10. Connection.clearWarnings() returned 
2017-10-23 22:27:25.200  INFO 4815 --- [    Test worker] jdbc.audit                               : 10. Connection.getAutoCommit() returned true
2017-10-23 22:27:25.200  INFO 4815 --- [    Test worker] jdbc.audit                               : 10. Connection.setAutoCommit(false) returned 
2017-10-23 22:27:25.204  INFO 4815 --- [    Test worker] jdbc.audit                               : 10. PreparedStatement.new PreparedStatement returned 
2017-10-23 22:27:25.205  INFO 4815 --- [    Test worker] jdbc.audit                               : 10. Connection.prepareStatement(select user0_.user_id as user_id1_3_0_, user0_.user_name as user_nam2_3_0_ from users user0_ where user0_.user_id=?) returned net.sf.log4jdbc.PreparedStatementSpy@7f5b5061
2017-10-23 22:27:25.205  INFO 4815 --- [    Test worker] jdbc.audit                               : 10. PreparedStatement.setString(1, "u001") returned 
2017-10-23 22:27:25.205  INFO 4815 --- [    Test worker] jdbc.audit                               : 10. PreparedStatement.isWrapperFor(java.sql.CallableStatement) returned false
2017-10-23 22:27:25.205  INFO 4815 --- [    Test worker] jdbc.sqlonly                             : select user0_.user_id as user_id1_3_0_, user0_.user_name as user_nam2_3_0_ from users user0_ 
where user0_.user_id='u001' 
2017-10-23 22:27:25.205  INFO 4815 --- [    Test worker] jdbc.sqltiming                           : select user0_.user_id as user_id1_3_0_, user0_.user_name as user_nam2_3_0_ from users user0_ 
where user0_.user_id='u001'  {executed in 0 msec}
2017-10-23 22:27:25.206  INFO 4815 --- [    Test worker] jdbc.resultset                           : 10. ResultSet.new ResultSet returned 
2017-10-23 22:27:25.206  INFO 4815 --- [    Test worker] jdbc.audit                               : 10. PreparedStatement.executeQuery() returned net.sf.log4jdbc.ResultSetSpy@7b877b55
2017-10-23 22:27:25.206  INFO 4815 --- [    Test worker] jdbc.resultset                           : 10. ResultSet.next() returned true
2017-10-23 22:27:25.206  INFO 4815 --- [    Test worker] jdbc.resultset                           : 10. ResultSet.getString(user_nam2_3_0_) returned takahashi
2017-10-23 22:27:25.206  INFO 4815 --- [    Test worker] jdbc.resultset                           : 10. ResultSet.wasNull() returned false
2017-10-23 22:27:25.206  INFO 4815 --- [    Test worker] jdbc.resultsettable                      : |---------|----------|
2017-10-23 22:27:25.207  INFO 4815 --- [    Test worker] jdbc.resultsettable                      : |USER_ID  |USER_NAME |
2017-10-23 22:27:25.207  INFO 4815 --- [    Test worker] jdbc.resultsettable                      : |---------|----------|
2017-10-23 22:27:25.207  INFO 4815 --- [    Test worker] jdbc.resultsettable                      : |[unread] |takahashi |
2017-10-23 22:27:25.207  INFO 4815 --- [    Test worker] jdbc.resultsettable                      : |---------|----------|
2017-10-23 22:27:25.207  INFO 4815 --- [    Test worker] jdbc.resultset                           : 10. ResultSet.next() returned false
2017-10-23 22:27:25.207  INFO 4815 --- [    Test worker] jdbc.resultset                           : 10. ResultSet.close() returned null
2017-10-23 22:27:25.207  INFO 4815 --- [    Test worker] jdbc.audit                               : 10. PreparedStatement.getMaxRows() returned 0
2017-10-23 22:27:25.207  INFO 4815 --- [    Test worker] jdbc.audit                               : 10. PreparedStatement.getQueryTimeout() returned 0
2017-10-23 22:27:25.207  INFO 4815 --- [    Test worker] jdbc.audit                               : 10. PreparedStatement.close() returned 
2017-10-23 22:27:25.208  INFO 4815 --- [    Test worker] jdbc.audit                               : 10. Connection.commit() returned 
2017-10-23 22:27:25.208  INFO 4815 --- [    Test worker] jdbc.audit                               : 10. Connection.setAutoCommit(true) returned 
2017-10-23 22:27:25.208  INFO 4815 --- [    Test worker] jdbc.audit                               : 10. Connection.getWarnings() returned null
2017-10-23 22:27:25.208  INFO 4815 --- [    Test worker] jdbc.audit                               : 10. Connection.clearWarnings() returned 
2017-10-23 22:27:25.211  INFO 4815 --- [    Test worker] c.l.lskenapp.LskenappApplicationTests    : Started LskenappApplicationTests in 18.968 seconds (JVM running for 20.825)
]]></system-out>
  <system-err><![CDATA[]]></system-err>
</testsuite>
