<?xml version="1.0" encoding="UTF-8"?>
<testsuite name="com.lsken.lskenapp.LskenappApplicationTests" tests="1" skipped="0" failures="0" errors="0" timestamp="2017-11-15T16:49:39" hostname="hiromix222mbp.local" time="0.07">
  <properties/>
  <testcase name="contextLoads" classname="com.lsken.lskenapp.LskenappApplicationTests" time="0.07"/>
  <system-out><![CDATA[01:49:24.890 [Test worker] DEBUG org.springframework.test.context.junit4.SpringJUnit4ClassRunner - SpringJUnit4ClassRunner constructor called with [class com.lsken.lskenapp.LskenappApplicationTests]
01:49:24.896 [Test worker] DEBUG org.springframework.test.context.BootstrapUtils - Instantiating CacheAwareContextLoaderDelegate from class [org.springframework.test.context.cache.DefaultCacheAwareContextLoaderDelegate]
01:49:24.905 [Test worker] DEBUG org.springframework.test.context.BootstrapUtils - Instantiating BootstrapContext using constructor [public org.springframework.test.context.support.DefaultBootstrapContext(java.lang.Class,org.springframework.test.context.CacheAwareContextLoaderDelegate)]
01:49:24.928 [Test worker] DEBUG org.springframework.test.context.BootstrapUtils - Instantiating TestContextBootstrapper for test class [com.lsken.lskenapp.LskenappApplicationTests] from class [org.springframework.boot.test.context.SpringBootTestContextBootstrapper]
01:49:24.943 [Test worker] INFO org.springframework.boot.test.context.SpringBootTestContextBootstrapper - Neither @ContextConfiguration nor @ContextHierarchy found for test class [com.lsken.lskenapp.LskenappApplicationTests], using SpringBootContextLoader
01:49:24.946 [Test worker] DEBUG org.springframework.test.context.support.AbstractContextLoader - Did not detect default resource location for test class [com.lsken.lskenapp.LskenappApplicationTests]: class path resource [com/lsken/lskenapp/LskenappApplicationTests-context.xml] does not exist
01:49:24.947 [Test worker] DEBUG org.springframework.test.context.support.AbstractContextLoader - Did not detect default resource location for test class [com.lsken.lskenapp.LskenappApplicationTests]: class path resource [com/lsken/lskenapp/LskenappApplicationTestsContext.groovy] does not exist
01:49:24.947 [Test worker] INFO org.springframework.test.context.support.AbstractContextLoader - Could not detect default resource locations for test class [com.lsken.lskenapp.LskenappApplicationTests]: no resource found for suffixes {-context.xml, Context.groovy}.
01:49:24.948 [Test worker] INFO org.springframework.test.context.support.AnnotationConfigContextLoaderUtils - Could not detect default configuration classes for test class [com.lsken.lskenapp.LskenappApplicationTests]: LskenappApplicationTests does not declare any static, non-private, non-final, nested classes annotated with @Configuration.
01:49:24.994 [Test worker] DEBUG org.springframework.test.context.support.ActiveProfilesUtils - Could not find an 'annotation declaring class' for annotation type [org.springframework.test.context.ActiveProfiles] and class [com.lsken.lskenapp.LskenappApplicationTests]
01:49:25.002 [Test worker] DEBUG org.springframework.core.env.StandardEnvironment - Adding PropertySource 'systemProperties' with lowest search precedence
01:49:25.003 [Test worker] DEBUG org.springframework.core.env.StandardEnvironment - Adding PropertySource 'systemEnvironment' with lowest search precedence
01:49:25.004 [Test worker] DEBUG org.springframework.core.env.StandardEnvironment - Initialized StandardEnvironment with PropertySources [MapPropertySource@1507432863 {name='systemProperties', properties={java.runtime.name=Java(TM) SE Runtime Environment, sun.boot.library.path=/Library/Java/JavaVirtualMachines/jdk1.8.0_91.jdk/Contents/Home/jre/lib, java.vm.version=25.91-b14, gopherProxySet=false, java.vm.vendor=Oracle Corporation, java.vendor.url=http://java.oracle.com/, path.separator=:, java.vm.name=Java HotSpot(TM) 64-Bit Server VM, file.encoding.pkg=sun.io, sun.java.launcher=SUN_STANDARD, user.country=JP, sun.os.patch.level=unknown, java.vm.specification.name=Java Virtual Machine Specification, user.dir=/Users/hiromitakahashi/oper/gradle/lskenapp, java.runtime.version=1.8.0_91-b14, java.awt.graphicsenv=sun.awt.CGraphicsEnvironment, java.endorsed.dirs=/Library/Java/JavaVirtualMachines/jdk1.8.0_91.jdk/Contents/Home/jre/lib/endorsed, os.arch=x86_64, java.io.tmpdir=/var/folders/1m/v_pnk3kd3hj0558d1z3nsnzh0000gn/T/, line.separator=
, java.vm.specification.vendor=Oracle Corporation, user.variant=, os.name=Mac OS X, sun.jnu.encoding=UTF-8, java.library.path=/Users/hiromitakahashi/Library/Java/Extensions:/Library/Java/Extensions:/Network/Library/Java/Extensions:/System/Library/Java/Extensions:/usr/lib/java:., java.specification.name=Java Platform API Specification, java.class.version=52.0, sun.management.compiler=HotSpot 64-Bit Tiered Compilers, os.version=10.13.1, http.nonProxyHosts=local|*.local|169.254/16|*.169.254/16, user.home=/Users/hiromitakahashi, user.timezone=Asia/Tokyo, java.awt.printerjob=sun.lwawt.macosx.CPrinterJob, file.encoding=UTF-8, java.specification.version=1.8, java.class.path=/Users/hiromitakahashi/oper/gradle/lskenapp/build/classes/test:/Users/hiromitakahashi/oper/gradle/lskenapp/build/resources/test:/Users/hiromitakahashi/oper/gradle/lskenapp/build/classes/main:/Users/hiromitakahashi/oper/gradle/lskenapp/build/resources/main:/Users/hiromitakahashi/.gradle/caches/modules-2/files-2.1/org.springframework.boot/spring-boot-starter-thymeleaf/1.5.7.RELEASE/261807514511fb8c2732b25df6aba53eb0cf7981/spring-boot-starter-thymeleaf-1.5.7.RELEASE.jar:/Users/hiromitakahashi/.gradle/caches/modules-2/files-2.1/net.sourceforge.nekohtml/nekohtml/1.9.22/4f54af68ecb345f2453fb6884672ad08414154e3/nekohtml-1.9.22.jar:/Users/hiromitakahashi/.gradle/caches/modules-2/files-2.1/org.springframework.boot/spring-boot-starter-actuator/1.5.7.RELEASE/c8058080955524edbbacda602f25d1c5fdf2a3a9/spring-boot-starter-actuator-1.5.7.RELEASE.jar:/Users/hiromitakahashi/.gradle/caches/modules-2/files-2.1/org.springframework.boot/spring-boot-starter-data-jpa/1.5.7.RELEASE/ccdf14487724b7c1343e5d2605f7170c026e405/spring-boot-starter-data-jpa-1.5.7.RELEASE.jar:/Users/hiromitakahashi/.gradle/caches/modules-2/files-2.1/org.lazyluke/log4jdbc-remix/0.2.7/3125bf52887910bbcd52dcebf8c443640f3ff709/log4jdbc-remix-0.2.7.jar:/Users/hiromitakahashi/.gradle/caches/modules-2/files-2.1/org.springframework.cloud/spring-cloud-starter-sleuth/1.3.0.RC1/ef85e828badedcb6977044645aac643782f26df/spring-cloud-starter-sleuth-1.3.0.RC1.jar:/Users/hiromitakahashi/.gradle/caches/modules-2/files-2.1/org.springframework.boot/spring-boot-starter-security/1.5.7.RELEASE/e680aa1a8990a6e98e7a843c88f0a8bc378bb4d/spring-boot-starter-security-1.5.7.RELEASE.jar:/Users/hiromitakahashi/.gradle/caches/modules-2/files-2.1/org.springframework.boot/spring-boot-devtools/1.5.7.RELEASE/f433b9ba2fcf598624b5ae930096523f8a22119b/spring-boot-devtools-1.5.7.RELEASE.jar:/Users/hiromitakahashi/.gradle/caches/modules-2/files-2.1/com.h2database/h2/1.4.196/dd0034398d593aa3588c6773faac429bbd9aea0e/h2-1.4.196.jar:/Users/hiromitakahashi/.gradle/caches/modules-2/files-2.1/org.springframework.boot/spring-boot-starter-test/1.5.7.RELEASE/d23f37a72c2d4e46aba66bc69a649213f9cadeee/spring-boot-starter-test-1.5.7.RELEASE.jar:/Users/hiromitakahashi/.gradle/caches/modules-2/files-2.1/org.springframework.boot/spring-boot-starter/1.5.7.RELEASE/b42fe6962dd8b3be4ac8c1d7134d0ca2d0a35c7e/spring-boot-starter-1.5.7.RELEASE.jar:/Users/hiromitakahashi/.gradle/caches/modules-2/files-2.1/org.springframework.boot/spring-boot-starter-web/1.5.7.RELEASE/a862305be8b7512a41f6768d825ed37251ccbbe0/spring-boot-starter-web-1.5.7.RELEASE.jar:/Users/hiromitakahashi/.gradle/caches/modules-2/files-2.1/org.thymeleaf/thymeleaf-spring4/2.1.5.RELEASE/74cb9028e99597b5d71a98e919fd531a7fc290b4/thymeleaf-spring4-2.1.5.RELEASE.jar:/Users/hiromitakahashi/.gradle/caches/modules-2/files-2.1/nz.net.ultraq.thymeleaf/thymeleaf-layout-dialect/1.4.0/8d7810c069ed1534b9631fb1e85c35973546086/thymeleaf-layout-dialect-1.4.0.jar:/Users/hiromitakahashi/.gradle/caches/modules-2/files-2.1/xerces/xercesImpl/2.11.0/9bb329db1cfc4e22462c9d6b43a8432f5850e92c/xercesImpl-2.11.0.jar:/Users/hiromitakahashi/.gradle/caches/modules-2/files-2.1/org.springframework.boot/spring-boot-actuator/1.5.7.RELEASE/ff3124e2359be5e6c0d9cc501bf214413a329fee/spring-boot-actuator-1.5.7.RELEASE.jar:/Users/hiromitakahashi/.gradle/caches/modules-2/files-2.1/org.springframework.boot/spring-boot-starter-aop/1.5.7.RELEASE/189098a72ccc0cca07ea42d6715c10524b5a93d1/spring-boot-starter-aop-1.5.7.RELEASE.jar:/Users/hiromitakahashi/.gradle/caches/modules-2/files-2.1/org.springframework.boot/spring-boot-starter-jdbc/1.5.7.RELEASE/98c652a5461ccbec70b55fd0f7815d9c9a37a082/spring-boot-starter-jdbc-1.5.7.RELEASE.jar:/Users/hiromitakahashi/.gradle/caches/modules-2/files-2.1/org.hibernate/hibernate-core/5.0.12.Final/e58bf1c660e6706d8e2cbb53bae110f574366102/hibernate-core-5.0.12.Final.jar:/Users/hiromitakahashi/.gradle/caches/modules-2/files-2.1/org.hibernate/hibernate-entitymanager/5.0.12.Final/302a526f5058290e9cbd719a5caf9f248d344719/hibernate-entitymanager-5.0.12.Final.jar:/Users/hiromitakahashi/.gradle/caches/modules-2/files-2.1/javax.transaction/javax.transaction-api/1.2/d81aff979d603edd90dcd8db2abc1f4ce6479e3e/javax.transaction-api-1.2.jar:/Users/hiromitakahashi/.gradle/caches/modules-2/files-2.1/org.springframework.data/spring-data-jpa/1.11.7.RELEASE/587051cc7d7a3ddfac6098d623a658abb2f15865/spring-data-jpa-1.11.7.RELEASE.jar:/Users/hiromitakahashi/.gradle/caches/modules-2/files-2.1/org.springframework/spring-aspects/4.3.11.RELEASE/38ab744d37aef58762a03dbe7ab1479070ebadc6/spring-aspects-4.3.11.RELEASE.jar:/Users/hiromitakahashi/.gradle/caches/modules-2/files-2.1/junit/junit/4.12/2973d150c0dc1fefe998f834810d68f278ea58ec/junit-4.12.jar:/Users/hiromitakahashi/.gradle/caches/modules-2/files-2.1/org.slf4j/slf4j-api/1.7.25/da76ca59f6a57ee3102f8f9bd9cee742973efa8a/slf4j-api-1.7.25.jar:/Users/hiromitakahashi/.gradle/caches/modules-2/files-2.1/org.springframework.cloud/spring-cloud-starter/1.3.0.RC1/5d1a2b7743d5039689283e452e97fbacf706b7ee/spring-cloud-starter-1.3.0.RC1.jar:/Users/hiromitakahashi/.gradle/caches/modules-2/files-2.1/org.springframework.cloud/spring-cloud-sleuth-core/1.3.0.RC1/6edaa5700445e5eb8241c3f5ae344a4b9ca26660/spring-cloud-sleuth-core-1.3.0.RC1.jar:/Users/hiromitakahashi/.gradle/caches/modules-2/files-2.1/org.springframework/spring-aop/4.3.11.RELEASE/461d0bb58f1de30203d9331adf4b51de9554de5a/spring-aop-4.3.11.RELEASE.jar:/Users/hiromitakahashi/.gradle/caches/modules-2/files-2.1/org.springframework.security/spring-security-config/4.2.3.RELEASE/9f3771903616e33521836fd999d63efbfebf90d/spring-security-config-4.2.3.RELEASE.jar:/Users/hiromitakahashi/.gradle/caches/modules-2/files-2.1/org.springframework.security/spring-security-web/4.2.3.RELEASE/7a03e737484ca232d7146852f06d067ac21427ac/spring-security-web-4.2.3.RELEASE.jar:/Users/hiromitakahashi/.gradle/caches/modules-2/files-2.1/org.springframework.boot/spring-boot/1.5.7.RELEASE/1006870df7b3dc203df7ce84463c5dd7049fdaa4/spring-boot-1.5.7.RELEASE.jar:/Users/hiromitakahashi/.gradle/caches/modules-2/files-2.1/org.springframework.boot/spring-boot-autoconfigure/1.5.7.RELEASE/e83f1407ff991e9e7eb156f49fa19d868bb73289/spring-boot-autoconfigure-1.5.7.RELEASE.jar:/Users/hiromitakahashi/.gradle/caches/modules-2/files-2.1/org.springframework.boot/spring-boot-test/1.5.7.RELEASE/b8d77445d48f4320f404d8f13f4e5cb95bc36b30/spring-boot-test-1.5.7.RELEASE.jar:/Users/hiromitakahashi/.gradle/caches/modules-2/files-2.1/org.springframework.boot/spring-boot-test-autoconfigure/1.5.7.RELEASE/8bead16b97c9f1b5fe7c47f3e030dd9351a6974d/spring-boot-test-autoconfigure-1.5.7.RELEASE.jar:/Users/hiromitakahashi/.gradle/caches/modules-2/files-2.1/com.jayway.jsonpath/json-path/2.2.0/22290d17944bd239fabf5ac69005a60a7ecbbbcb/json-path-2.2.0.jar:/Users/hiromitakahashi/.gradle/caches/modules-2/files-2.1/org.assertj/assertj-core/3.8.0/b209d90ff2e279bee3e02547ee7b11349c52d0e3/assertj-core-3.8.0.jar:/Users/hiromitakahashi/.gradle/caches/modules-2/files-2.1/org.mockito/mockito-core/1.10.19/e8546f5bef4e061d8dd73895b4e8f40e3fe6effe/mockito-core-1.10.19.jar:/Users/hiromitakahashi/.gradle/caches/modules-2/files-2.1/org.hamcrest/hamcrest-core/1.3/42a25dc3219429f0e5d060061f71acb49bf010a0/hamcrest-core-1.3.jar:/Users/hiromitakahashi/.gradle/caches/modules-2/files-2.1/org.hamcrest/hamcrest-library/1.3/4785a3c21320980282f9f33d0d1264a69040538f/hamcrest-library-1.3.jar:/Users/hiromitakahashi/.gradle/caches/modules-2/files-2.1/org.skyscreamer/jsonassert/1.4.0/9cdbb373a06f6513e51e8c545ee6a5e981463edb/jsonassert-1.4.0.jar:/Users/hiromitakahashi/.gradle/caches/modules-2/files-2.1/org.springframework/spring-core/4.3.11.RELEASE/eb30ed093f628279d3aead068fd478fa343f1dad/spring-core-4.3.11.RELEASE.jar:/Users/hiromitakahashi/.gradle/caches/modules-2/files-2.1/org.springframework/spring-test/4.3.11.RELEASE/cf765b5d6d6bdc38c67522ecae3fe9549da43e1/spring-test-4.3.11.RELEASE.jar:/Users/hiromitakahashi/.gradle/caches/modules-2/files-2.1/org.springframework.boot/spring-boot-starter-logging/1.5.7.RELEASE/c84c4ea09d7f789a0d5e936a961471e5dbd9295e/spring-boot-starter-logging-1.5.7.RELEASE.jar:/Users/hiromitakahashi/.gradle/caches/modules-2/files-2.1/org.yaml/snakeyaml/1.17/7a27ea250c5130b2922b86dea63cbb1cc10a660c/snakeyaml-1.17.jar:/Users/hiromitakahashi/.gradle/caches/modules-2/files-2.1/org.springframework.boot/spring-boot-starter-tomcat/1.5.7.RELEASE/eae533e2a0111a51d812912acb3d3e2368736d1b/spring-boot-starter-tomcat-1.5.7.RELEASE.jar:/Users/hiromitakahashi/.gradle/caches/modules-2/files-2.1/org.hibernate/hibernate-validator/5.3.5.Final/622a9bcef2eed6d41b5b8e0662c36212009e375/hibernate-validator-5.3.5.Final.jar:/Users/hiromitakahashi/.gradle/caches/modules-2/files-2.1/com.fasterxml.jackson.core/jackson-databind/2.8.10/f7b83cb2bc4b88d53961e749e1ad32f49ef017b7/jackson-databind-2.8.10.jar:/Users/hiromitakahashi/.gradle/caches/modules-2/files-2.1/org.springframework/spring-web/4.3.11.RELEASE/50a3dfce550bdf9459dfb2c6282aa104b040258e/spring-web-4.3.11.RELEASE.jar:/Users/hiromitakahashi/.gradle/caches/modules-2/files-2.1/org.springframework/spring-webmvc/4.3.11.RELEASE/814f91ec4dc324e724bbe7cbc5045b234604c539/spring-webmvc-4.3.11.RELEASE.jar:/Users/hiromitakahashi/.gradle/caches/modules-2/files-2.1/org.thymeleaf/thymeleaf/2.1.5.RELEASE/513bffa3daaac277460c1a0a2dccb228fa40569e/thymeleaf-2.1.5.RELEASE.jar:/Users/hiromitakahashi/.gradle/caches/modules-2/files-2.1/org.codehaus.groovy/groovy/2.4.12/a43be367110c491787219f1c128b5b5fc54f1e70/groovy-2.4.12.jar:/Users/hiromitakahashi/.gradle/caches/modules-2/files-2.1/xml-apis/xml-apis/1.4.01/3789d9fada2d3d458c4ba2de349d48780f381ee3/xml-apis-1.4.01.jar:/Users/hiromitakahashi/.gradle/caches/modules-2/files-2.1/org.springframework/spring-context/4.3.11.RELEASE/3efec2d7c7469d49108a2b21c3f15831f7297569/spring-context-4.3.11.RELEASE.jar:/Users/hiromitakahashi/.gradle/caches/modules-2/files-2.1/org.aspectj/aspectjweaver/1.8.10/e198c5fee28988c355f74e06461614eae36b2032/aspectjweaver-1.8.10.jar:/Users/hiromitakahashi/.gradle/caches/modules-2/files-2.1/org.apache.tomcat/tomcat-jdbc/8.5.20/10d0d288d837ddfc92096920e4571054a3934160/tomcat-jdbc-8.5.20.jar:/Users/hiromitakahashi/.gradle/caches/modules-2/files-2.1/org.springframework/spring-jdbc/4.3.11.RELEASE/642ed7497d327f299caccb930af6b65e229864c4/spring-jdbc-4.3.11.RELEASE.jar:/Users/hiromitakahashi/.gradle/caches/modules-2/files-2.1/org.jboss.logging/jboss-logging/3.3.1.Final/c46217ab74b532568c0ed31dc599db3048bd1b67/jboss-logging-3.3.1.Final.jar:/Users/hiromitakahashi/.gradle/caches/modules-2/files-2.1/org.hibernate.javax.persistence/hibernate-jpa-2.1-api/1.0.0.Final/5e731d961297e5a07290bfaf3db1fbc8bbbf405a/hibernate-jpa-2.1-api-1.0.0.Final.jar:/Users/hiromitakahashi/.gradle/caches/modules-2/files-2.1/org.javassist/javassist/3.21.0-GA/598244f595db5c5fb713731eddbb1c91a58d959b/javassist-3.21.0-GA.jar:/Users/hiromitakahashi/.gradle/caches/modules-2/files-2.1/antlr/antlr/2.7.7/83cd2cd674a217ade95a4bb83a8a14f351f48bd0/antlr-2.7.7.jar:/Users/hiromitakahashi/.gradle/caches/modules-2/files-2.1/org.jboss/jandex/2.0.0.Final/3e899258936f94649c777193e1be846387ed54b3/jandex-2.0.0.Final.jar:/Users/hiromitakahashi/.gradle/caches/modules-2/files-2.1/dom4j/dom4j/1.6.1/5d3ccc056b6f056dbf0dddfdf43894b9065a8f94/dom4j-1.6.1.jar:/Users/hiromitakahashi/.gradle/caches/modules-2/files-2.1/org.hibernate.common/hibernate-commons-annotations/5.0.1.Final/71e1cff3fcb20d3b3af4f3363c3ddb24d33c6879/hibernate-commons-annotations-5.0.1.Final.jar:/Users/hiromitakahashi/.gradle/caches/modules-2/files-2.1/org.springframework.data/spring-data-commons/1.13.7.RELEASE/cf4538abda1f0a9cf2323d6e4204df0130aeec73/spring-data-commons-1.13.7.RELEASE.jar:/Users/hiromitakahashi/.gradle/caches/modules-2/files-2.1/org.springframework/spring-orm/4.3.11.RELEASE/7ba1b25ad62b29295aa90ae88f9f35e84861953c/spring-orm-4.3.11.RELEASE.jar:/Users/hiromitakahashi/.gradle/caches/modules-2/files-2.1/org.springframework/spring-tx/4.3.11.RELEASE/c931ee363d2269f03edfeb83d7d7fe23924ab8a1/spring-tx-4.3.11.RELEASE.jar:/Users/hiromitakahashi/.gradle/caches/modules-2/files-2.1/org.springframework/spring-beans/4.3.11.RELEASE/591cc35fd39292adae13f01aa13e978d0bb11936/spring-beans-4.3.11.RELEASE.jar:/Users/hiromitakahashi/.gradle/caches/modules-2/files-2.1/org.slf4j/jcl-over-slf4j/1.7.25/f8c32b13ff142a513eeb5b6330b1588dcb2c0461/jcl-over-slf4j-1.7.25.jar:/Users/hiromitakahashi/.gradle/caches/modules-2/files-2.1/org.springframework.cloud/spring-cloud-context/1.3.0.RC1/6beba80e55d51378b792b019ede03a98a753dabe/spring-cloud-context-1.3.0.RC1.jar:/Users/hiromitakahashi/.gradle/caches/modules-2/files-2.1/org.springframework.cloud/spring-cloud-commons/1.3.0.RC1/a7e14611add4d642fb59b1a5ab2109b603ea4a70/spring-cloud-commons-1.3.0.RC1.jar:/Users/hiromitakahashi/.gradle/caches/modules-2/files-2.1/org.springframework.security/spring-security-rsa/1.0.3.RELEASE/b0b1ee770597b5de1b51e9a889dfd2dc35d251b0/spring-security-rsa-1.0.3.RELEASE.jar:/Users/hiromitakahashi/.gradle/caches/modules-2/files-2.1/org.aspectj/aspectjrt/1.8.10/1a14fe9e912f6e8bdbb5429b78b4090d8b47bc1/aspectjrt-1.8.10.jar:/Users/hiromitakahashi/.gradle/caches/modules-2/files-2.1/org.springframework.security/spring-security-core/4.2.3.RELEASE/5c0e47a47036c94d6fdd02696bf52be6d1adbd4d/spring-security-core-4.2.3.RELEASE.jar:/Users/hiromitakahashi/.gradle/caches/modules-2/files-2.1/org.springframework/spring-expression/4.3.11.RELEASE/fca662a2fccdad90ec22b2aaecb021047dcbe249/spring-expression-4.3.11.RELEASE.jar:/Users/hiromitakahashi/.gradle/caches/modules-2/files-2.1/net.minidev/json-smart/2.2.1/5b9e5df7a62d1279b70dc882b041d249c4f0b002/json-smart-2.2.1.jar:/Users/hiromitakahashi/.gradle/caches/modules-2/files-2.1/org.objenesis/objenesis/2.1/87c0ea803b69252868d09308b4618f766f135a96/objenesis-2.1.jar:/Users/hiromitakahashi/.gradle/caches/modules-2/files-2.1/com.vaadin.external.google/android-json/0.0.20131108.vaadin1/fa26d351fe62a6a17f5cda1287c1c6110dec413f/android-json-0.0.20131108.vaadin1.jar:/Users/hiromitakahashi/.gradle/caches/modules-2/files-2.1/ch.qos.logback/logback-classic/1.1.11/ccedfbacef4a6515d2983e3f89ed753d5d4fb665/logback-classic-1.1.11.jar:/Users/hiromitakahashi/.gradle/caches/modules-2/files-2.1/org.slf4j/jul-to-slf4j/1.7.25/af5364cd6679bfffb114f0dec8a157aaa283b76/jul-to-slf4j-1.7.25.jar:/Users/hiromitakahashi/.gradle/caches/modules-2/files-2.1/org.slf4j/log4j-over-slf4j/1.7.25/a87bb47468f47ee7aabbd54f93e133d4215769c3/log4j-over-slf4j-1.7.25.jar:/Users/hiromitakahashi/.gradle/caches/modules-2/files-2.1/org.apache.tomcat.embed/tomcat-embed-core/8.5.20/b9026ee20f1f6a2b0fc3e51dd806d800901448b0/tomcat-embed-core-8.5.20.jar:/Users/hiromitakahashi/.gradle/caches/modules-2/files-2.1/org.apache.tomcat.embed/tomcat-embed-el/8.5.20/42960f481a8a80f4ffd3b865c2232820e3565bf1/tomcat-embed-el-8.5.20.jar:/Users/hiromitakahashi/.gradle/caches/modules-2/files-2.1/org.apache.tomcat.embed/tomcat-embed-websocket/8.5.20/4df9055507926a2651f691cc9964c50493a0ab29/tomcat-embed-websocket-8.5.20.jar:/Users/hiromitakahashi/.gradle/caches/modules-2/files-2.1/javax.validation/validation-api/1.1.0.Final/8613ae82954779d518631e05daa73a6a954817d5/validation-api-1.1.0.Final.jar:/Users/hiromitakahashi/.gradle/caches/modules-2/files-2.1/com.fasterxml/classmate/1.3.4/3d5f48f10bbe4eb7bd862f10c0583be2e0053c6/classmate-1.3.4.jar:/Users/hiromitakahashi/.gradle/caches/modules-2/files-2.1/com.fasterxml.jackson.core/jackson-annotations/2.8.0/45b426f7796b741035581a176744d91090e2e6fb/jackson-annotations-2.8.0.jar:/Users/hiromitakahashi/.gradle/caches/modules-2/files-2.1/com.fasterxml.jackson.core/jackson-core/2.8.10/eb21a035c66ad307e66ec8fce37f5d50fd62d039/jackson-core-2.8.10.jar:/Users/hiromitakahashi/.gradle/caches/modules-2/files-2.1/ognl/ognl/3.0.8/37e1aebfde7eb7baebc9ad4f85116ef9009c5fc5/ognl-3.0.8.jar:/Users/hiromitakahashi/.gradle/caches/modules-2/files-2.1/org.unbescape/unbescape/1.1.0.RELEASE/ab0db4fe0a6fa89fb8da2a40008a4e63a7f3f5b9/unbescape-1.1.0.RELEASE.jar:/Users/hiromitakahashi/.gradle/caches/modules-2/files-2.1/org.apache.tomcat/tomcat-juli/8.5.20/6c0579d329696059f377585d2a51455bf083d9ee/tomcat-juli-8.5.20.jar:/Users/hiromitakahashi/.gradle/caches/modules-2/files-2.1/org.springframework.security/spring-security-crypto/4.2.3.RELEASE/a5c850acc91bff1970fe751d7407df81c4bce3cc/spring-security-crypto-4.2.3.RELEASE.jar:/Users/hiromitakahashi/.gradle/caches/modules-2/files-2.1/org.apache.httpcomponents/httpclient/4.5.3/d1577ae15f01ef5438c5afc62162457c00a34713/httpclient-4.5.3.jar:/Users/hiromitakahashi/.gradle/caches/modules-2/files-2.1/org.bouncycastle/bcpkix-jdk15on/1.55/6392d8cba22b722c6570d660ca0b3921ff1bae4f/bcpkix-jdk15on-1.55.jar:/Users/hiromitakahashi/.gradle/caches/modules-2/files-2.1/net.minidev/accessors-smart/1.1/a527213f2fea112a04c9bdf0ec0264e34104cd08/accessors-smart-1.1.jar:/Users/hiromitakahashi/.gradle/caches/modules-2/files-2.1/ch.qos.logback/logback-core/1.1.11/88b8df40340eed549fb07e2613879bf6b006704d/logback-core-1.1.11.jar:/Users/hiromitakahashi/.gradle/caches/modules-2/files-2.1/org.apache.httpcomponents/httpcore/4.4.6/e3fd8ced1f52c7574af952e2e6da0df8df08eb82/httpcore-4.4.6.jar:/Users/hiromitakahashi/.gradle/caches/modules-2/files-2.1/commons-codec/commons-codec/1.10/4b95f4897fa13f2cd904aee711aeafc0c5295cd8/commons-codec-1.10.jar:/Users/hiromitakahashi/.gradle/caches/modules-2/files-2.1/org.bouncycastle/bcprov-jdk15on/1.55/935f2e57a00ec2c489cbd2ad830d4a399708f979/bcprov-jdk15on-1.55.jar:/Users/hiromitakahashi/.gradle/caches/modules-2/files-2.1/org.ow2.asm/asm/5.0.3/dcc2193db20e19e1feca8b1240dbbc4e190824fa/asm-5.0.3.jar, user.name=hiromitakahashi, java.vm.specification.version=1.8, sun.java.command=worker.org.gradle.process.internal.worker.GradleWorkerMain 'Gradle Test Executor 1', java.home=/Library/Java/JavaVirtualMachines/jdk1.8.0_91.jdk/Contents/Home/jre, sun.arch.data.model=64, user.language=ja, java.specification.vendor=Oracle Corporation, awt.toolkit=sun.lwawt.macosx.LWCToolkit, java.vm.info=mixed mode, java.version=1.8.0_91, java.ext.dirs=/Users/hiromitakahashi/Library/Java/Extensions:/Library/Java/JavaVirtualMachines/jdk1.8.0_91.jdk/Contents/Home/jre/lib/ext:/Library/Java/Extensions:/Network/Library/Java/Extensions:/System/Library/Java/Extensions:/usr/lib/java, sun.boot.class.path=/Library/Java/JavaVirtualMachines/jdk1.8.0_91.jdk/Contents/Home/jre/lib/resources.jar:/Library/Java/JavaVirtualMachines/jdk1.8.0_91.jdk/Contents/Home/jre/lib/rt.jar:/Library/Java/JavaVirtualMachines/jdk1.8.0_91.jdk/Contents/Home/jre/lib/sunrsasign.jar:/Library/Java/JavaVirtualMachines/jdk1.8.0_91.jdk/Contents/Home/jre/lib/jsse.jar:/Library/Java/JavaVirtualMachines/jdk1.8.0_91.jdk/Contents/Home/jre/lib/jce.jar:/Library/Java/JavaVirtualMachines/jdk1.8.0_91.jdk/Contents/Home/jre/lib/charsets.jar:/Library/Java/JavaVirtualMachines/jdk1.8.0_91.jdk/Contents/Home/jre/lib/jfr.jar:/Library/Java/JavaVirtualMachines/jdk1.8.0_91.jdk/Contents/Home/jre/classes, java.vendor=Oracle Corporation, org.gradle.test.worker=1, file.separator=/, java.vendor.url.bug=http://bugreport.sun.com/bugreport/, sun.io.unicode.encoding=UnicodeBig, sun.cpu.endian=little, socksNonProxyHosts=local|*.local|169.254/16|*.169.254/16, ftp.nonProxyHosts=local|*.local|169.254/16|*.169.254/16, sun.cpu.isalist=}}, SystemEnvironmentPropertySource@513550769 {name='systemEnvironment', properties={PYENV_SHELL=bash, PATH=/sw/bin:/sw/sbin:/Library/Java/JavaVirtualMachines/jdk1.8.0_91.jdk/Contents/Home/bin:/Users/hiromitakahashi/.sdkman/candidates/groovy/current/bin:/Users/hiromitakahashi/.sdkman/candidates/grails/current/bin:/Users/hiromitakahashi/.sdkman/candidates/gradle/current/bin:/Users/hiromitakahashi/.pyenv/shims:/Users/hiromitakahashi/.pyenv/bin:/Users/hiromitakahashi/.nodebrew/current/bin:/Users/hiromitakahashi/.nodebrew/node/v6.3.1/bin/:/Users/hiromitakahashi/apache-maven-3.3.9/bin:/usr/local/bin:/usr/bin:/bin:/usr/sbin:/sbin:/Users/hiromitakahashi/oper/, SDKMAN_VERSION=5.5.9+231, MANPATH=/sw/share/man/ja:/sw/share/man:/Library/Java/JavaVirtualMachines/jdk1.8.0_91.jdk/Contents/Home/man/ja_JP.UTF-8:/Library/Java/JavaVirtualMachines/jdk1.8.0_91.jdk/Contents/Home/man/ja:/Library/Java/JavaVirtualMachines/jdk1.8.0_91.jdk/Contents/Home/man:/usr/local/share/man:/usr/share/man:/Applications/Xcode.app/Contents/Developer/Platforms/MacOSX.platform/Developer/SDKs/MacOSX10.13.sdk/usr/share/man:/Applications/Xcode.app/Contents/Developer/usr/share/man:/Applications/Xcode.app/Contents/Developer/Toolchains/XcodeDefault.xctoolchain/usr/share/man:/sw/lib/perl5/5.18.2/man, GRAILS_HOME=/Users/hiromitakahashi/.sdkman/candidates/grails/current, JAVA_HOME=/Library/Java/JavaVirtualMachines/jdk1.8.0_91.jdk/Contents/Home, TERM=xterm-256color, LANG=ja_JP.UTF-8, GRADLE_HOME=/Users/hiromitakahashi/.sdkman/candidates/gradle/current, GROOVY_HOME=/Users/hiromitakahashi/.sdkman/candidates/groovy/current, JAVA_MAIN_CLASS_1829=org.gradle.launcher.GradleMain, SDKMAN_DIR=/Users/hiromitakahashi/.sdkman, LOGNAME=hiromitakahashi, M3_HOME=/Users/hiromitakahashi/apache-maven-3.3.9, XPC_SERVICE_NAME=0, PWD=/Users/hiromitakahashi/oper/gradle/lskenapp, TERM_PROGRAM_VERSION=400, APP_ICON_1829=/Users/hiromitakahashi/.sdkman/candidates/gradle/3.5/media/gradle.icns, INFOPATH=/sw/share/info:/sw/info:/usr/share/info, PERL5LIB=/sw/lib/perl5:/sw/lib/perl5/darwin, JAVA_MAIN_CLASS_1843=worker.org.gradle.process.internal.worker.GradleWorkerMain, SDKMAN_CANDIDATES_DIR=/Users/hiromitakahashi/.sdkman/candidates, SDKMAN_LEGACY_API=https://api.sdkman.io/1, SHELL=/bin/bash, TERM_PROGRAM=Apple_Terminal, SECURITYSESSIONID=186a7, SDKMAN_PLATFORM=Darwin, OLDPWD=/Users/hiromitakahashi/.sdkman/candidates/gradle/current, USER=hiromitakahashi, TMPDIR=/var/folders/1m/v_pnk3kd3hj0558d1z3nsnzh0000gn/T/, SSH_AUTH_SOCK=/private/tmp/com.apple.launchd.uFVrPRliR7/Listeners, APP_NAME_1829=Gradle, XPC_FLAGS=0x0, TERM_SESSION_ID=FE8465B8-DC83-40A9-B477-6FAA5422C530, __CF_USER_TEXT_ENCODING=0x1F5:0x1:0xE, Apple_PubSub_Socket_Render=/private/tmp/com.apple.launchd.Xbm1gCYYuN/Render, HOME=/Users/hiromitakahashi, SHLVL=1, SDKMAN_CURRENT_API=https://api.sdkman.io/2}}]
01:49:25.021 [Test worker] DEBUG org.springframework.core.io.support.PathMatchingResourcePatternResolver - Resolved classpath location [com/lsken/lskenapp/] to resources [URL [file:/Users/hiromitakahashi/oper/gradle/lskenapp/build/classes/test/com/lsken/lskenapp/], URL [file:/Users/hiromitakahashi/oper/gradle/lskenapp/build/classes/main/com/lsken/lskenapp/]]
01:49:25.022 [Test worker] DEBUG org.springframework.core.io.support.PathMatchingResourcePatternResolver - Looking for matching resources in directory tree [/Users/hiromitakahashi/oper/gradle/lskenapp/build/classes/test/com/lsken/lskenapp]
01:49:25.022 [Test worker] DEBUG org.springframework.core.io.support.PathMatchingResourcePatternResolver - Searching directory [/Users/hiromitakahashi/oper/gradle/lskenapp/build/classes/test/com/lsken/lskenapp] for files matching pattern [/Users/hiromitakahashi/oper/gradle/lskenapp/build/classes/test/com/lsken/lskenapp/*.class]
01:49:25.025 [Test worker] DEBUG org.springframework.core.io.support.PathMatchingResourcePatternResolver - Looking for matching resources in directory tree [/Users/hiromitakahashi/oper/gradle/lskenapp/build/classes/main/com/lsken/lskenapp]
01:49:25.025 [Test worker] DEBUG org.springframework.core.io.support.PathMatchingResourcePatternResolver - Searching directory [/Users/hiromitakahashi/oper/gradle/lskenapp/build/classes/main/com/lsken/lskenapp] for files matching pattern [/Users/hiromitakahashi/oper/gradle/lskenapp/build/classes/main/com/lsken/lskenapp/*.class]
01:49:25.026 [Test worker] DEBUG org.springframework.core.io.support.PathMatchingResourcePatternResolver - Resolved location pattern [classpath*:com/lsken/lskenapp/*.class] to resources [file [/Users/hiromitakahashi/oper/gradle/lskenapp/build/classes/test/com/lsken/lskenapp/LskenappApplicationTests.class], file [/Users/hiromitakahashi/oper/gradle/lskenapp/build/classes/main/com/lsken/lskenapp/LskenappApplication.class]]
01:49:25.085 [Test worker] DEBUG org.springframework.context.annotation.ClassPathScanningCandidateComponentProvider - Identified candidate component class: file [/Users/hiromitakahashi/oper/gradle/lskenapp/build/classes/main/com/lsken/lskenapp/LskenappApplication.class]
01:49:25.087 [Test worker] INFO org.springframework.boot.test.context.SpringBootTestContextBootstrapper - Found @SpringBootConfiguration com.lsken.lskenapp.LskenappApplication for test class com.lsken.lskenapp.LskenappApplicationTests
01:49:25.091 [Test worker] DEBUG org.springframework.boot.test.context.SpringBootTestContextBootstrapper - @TestExecutionListeners is not present for class [com.lsken.lskenapp.LskenappApplicationTests]: using defaults.
01:49:25.095 [Test worker] INFO org.springframework.boot.test.context.SpringBootTestContextBootstrapper - Loaded default TestExecutionListener class names from location [META-INF/spring.factories]: [org.springframework.boot.test.mock.mockito.MockitoTestExecutionListener, org.springframework.boot.test.mock.mockito.ResetMocksTestExecutionListener, org.springframework.boot.test.autoconfigure.restdocs.RestDocsTestExecutionListener, org.springframework.boot.test.autoconfigure.web.client.MockRestServiceServerResetTestExecutionListener, org.springframework.boot.test.autoconfigure.web.servlet.MockMvcPrintOnlyOnFailureTestExecutionListener, org.springframework.boot.test.autoconfigure.web.servlet.WebDriverTestExecutionListener, org.springframework.test.context.web.ServletTestExecutionListener, org.springframework.test.context.support.DirtiesContextBeforeModesTestExecutionListener, org.springframework.test.context.support.DependencyInjectionTestExecutionListener, org.springframework.test.context.support.DirtiesContextTestExecutionListener, org.springframework.test.context.transaction.TransactionalTestExecutionListener, org.springframework.test.context.jdbc.SqlScriptsTestExecutionListener]
01:49:25.121 [Test worker] INFO org.springframework.boot.test.context.SpringBootTestContextBootstrapper - Using TestExecutionListeners: [org.springframework.test.context.web.ServletTestExecutionListener@61dc2b4d, org.springframework.test.context.support.DirtiesContextBeforeModesTestExecutionListener@6536f2c3, org.springframework.boot.test.autoconfigure.SpringBootDependencyInjectionTestExecutionListener@6fc2b752, org.springframework.test.context.support.DirtiesContextTestExecutionListener@c8a74d6, org.springframework.test.context.transaction.TransactionalTestExecutionListener@c8ca049, org.springframework.test.context.jdbc.SqlScriptsTestExecutionListener@5e7eebf1, org.springframework.boot.test.mock.mockito.MockitoTestExecutionListener@247cbf4b, org.springframework.boot.test.autoconfigure.web.client.MockRestServiceServerResetTestExecutionListener@7b8f53d6, org.springframework.boot.test.autoconfigure.web.servlet.MockMvcPrintOnlyOnFailureTestExecutionListener@12682a06, org.springframework.boot.test.autoconfigure.restdocs.RestDocsTestExecutionListener@3be07ad9, org.springframework.boot.test.autoconfigure.web.servlet.WebDriverTestExecutionListener@7aa71c09, org.springframework.boot.test.mock.mockito.ResetMocksTestExecutionListener@7b37f168]
01:49:25.124 [Test worker] DEBUG org.springframework.test.annotation.ProfileValueUtils - Retrieved @ProfileValueSourceConfiguration [null] for test class [com.lsken.lskenapp.LskenappApplicationTests]
01:49:25.125 [Test worker] DEBUG org.springframework.test.annotation.ProfileValueUtils - Retrieved ProfileValueSource type [class org.springframework.test.annotation.SystemProfileValueSource] for class [com.lsken.lskenapp.LskenappApplicationTests]
01:49:25.125 [Test worker] DEBUG org.springframework.test.annotation.ProfileValueUtils - Retrieved @ProfileValueSourceConfiguration [null] for test class [com.lsken.lskenapp.LskenappApplicationTests]
01:49:25.125 [Test worker] DEBUG org.springframework.test.annotation.ProfileValueUtils - Retrieved ProfileValueSource type [class org.springframework.test.annotation.SystemProfileValueSource] for class [com.lsken.lskenapp.LskenappApplicationTests]
01:49:25.131 [Test worker] DEBUG org.springframework.test.context.support.AbstractDirtiesContextTestExecutionListener - Before test class: context [DefaultTestContext@63d8e5e3 testClass = LskenappApplicationTests, testInstance = [null], testMethod = [null], testException = [null], mergedContextConfiguration = [WebMergedContextConfiguration@1ec91ebc testClass = LskenappApplicationTests, locations = '{}', classes = '{class com.lsken.lskenapp.LskenappApplication}', contextInitializerClasses = '[]', activeProfiles = '{}', propertySourceLocations = '{}', propertySourceProperties = '{org.springframework.boot.test.context.SpringBootTestContextBootstrapper=true}', contextCustomizers = set[org.springframework.boot.test.context.SpringBootTestContextCustomizer@7807b659, org.springframework.boot.test.context.filter.ExcludeFilterContextCustomizer@4363c9c9, org.springframework.boot.test.json.DuplicateJsonObjectContextCustomizerFactory$DuplicateJsonObjectContextCustomizer@45b31809, org.springframework.boot.test.mock.mockito.MockitoContextCustomizer@0, org.springframework.boot.test.autoconfigure.properties.PropertyMappingContextCustomizer@0, org.springframework.boot.test.autoconfigure.web.servlet.WebDriverContextCustomizerFactory$Customizer@148c8cbf], resourceBasePath = 'src/main/webapp', contextLoader = 'org.springframework.boot.test.context.SpringBootContextLoader', parent = [null]]], class annotated with @DirtiesContext [false] with mode [null].
01:49:25.132 [Test worker] DEBUG org.springframework.test.annotation.ProfileValueUtils - Retrieved @ProfileValueSourceConfiguration [null] for test class [com.lsken.lskenapp.LskenappApplicationTests]
01:49:25.133 [Test worker] DEBUG org.springframework.test.annotation.ProfileValueUtils - Retrieved ProfileValueSource type [class org.springframework.test.annotation.SystemProfileValueSource] for class [com.lsken.lskenapp.LskenappApplicationTests]
01:49:25.213 [Test worker] DEBUG org.springframework.core.env.StandardEnvironment - Adding PropertySource 'systemProperties' with lowest search precedence
01:49:25.213 [Test worker] DEBUG org.springframework.core.env.StandardEnvironment - Adding PropertySource 'systemEnvironment' with lowest search precedence
01:49:25.214 [Test worker] DEBUG org.springframework.core.env.StandardEnvironment - Initialized StandardEnvironment with PropertySources [MapPropertySource@786109461 {name='systemProperties', properties={java.runtime.name=Java(TM) SE Runtime Environment, sun.boot.library.path=/Library/Java/JavaVirtualMachines/jdk1.8.0_91.jdk/Contents/Home/jre/lib, java.vm.version=25.91-b14, gopherProxySet=false, java.vm.vendor=Oracle Corporation, java.vendor.url=http://java.oracle.com/, path.separator=:, java.vm.name=Java HotSpot(TM) 64-Bit Server VM, file.encoding.pkg=sun.io, sun.java.launcher=SUN_STANDARD, user.country=JP, sun.os.patch.level=unknown, java.vm.specification.name=Java Virtual Machine Specification, user.dir=/Users/hiromitakahashi/oper/gradle/lskenapp, java.runtime.version=1.8.0_91-b14, java.awt.graphicsenv=sun.awt.CGraphicsEnvironment, java.endorsed.dirs=/Library/Java/JavaVirtualMachines/jdk1.8.0_91.jdk/Contents/Home/jre/lib/endorsed, os.arch=x86_64, java.io.tmpdir=/var/folders/1m/v_pnk3kd3hj0558d1z3nsnzh0000gn/T/, line.separator=
, java.vm.specification.vendor=Oracle Corporation, user.variant=, os.name=Mac OS X, sun.jnu.encoding=UTF-8, java.library.path=/Users/hiromitakahashi/Library/Java/Extensions:/Library/Java/Extensions:/Network/Library/Java/Extensions:/System/Library/Java/Extensions:/usr/lib/java:., java.specification.name=Java Platform API Specification, java.class.version=52.0, sun.management.compiler=HotSpot 64-Bit Tiered Compilers, os.version=10.13.1, http.nonProxyHosts=local|*.local|169.254/16|*.169.254/16, user.home=/Users/hiromitakahashi, user.timezone=Asia/Tokyo, java.awt.printerjob=sun.lwawt.macosx.CPrinterJob, file.encoding=UTF-8, java.specification.version=1.8, java.class.path=/Users/hiromitakahashi/oper/gradle/lskenapp/build/classes/test:/Users/hiromitakahashi/oper/gradle/lskenapp/build/resources/test:/Users/hiromitakahashi/oper/gradle/lskenapp/build/classes/main:/Users/hiromitakahashi/oper/gradle/lskenapp/build/resources/main:/Users/hiromitakahashi/.gradle/caches/modules-2/files-2.1/org.springframework.boot/spring-boot-starter-thymeleaf/1.5.7.RELEASE/261807514511fb8c2732b25df6aba53eb0cf7981/spring-boot-starter-thymeleaf-1.5.7.RELEASE.jar:/Users/hiromitakahashi/.gradle/caches/modules-2/files-2.1/net.sourceforge.nekohtml/nekohtml/1.9.22/4f54af68ecb345f2453fb6884672ad08414154e3/nekohtml-1.9.22.jar:/Users/hiromitakahashi/.gradle/caches/modules-2/files-2.1/org.springframework.boot/spring-boot-starter-actuator/1.5.7.RELEASE/c8058080955524edbbacda602f25d1c5fdf2a3a9/spring-boot-starter-actuator-1.5.7.RELEASE.jar:/Users/hiromitakahashi/.gradle/caches/modules-2/files-2.1/org.springframework.boot/spring-boot-starter-data-jpa/1.5.7.RELEASE/ccdf14487724b7c1343e5d2605f7170c026e405/spring-boot-starter-data-jpa-1.5.7.RELEASE.jar:/Users/hiromitakahashi/.gradle/caches/modules-2/files-2.1/org.lazyluke/log4jdbc-remix/0.2.7/3125bf52887910bbcd52dcebf8c443640f3ff709/log4jdbc-remix-0.2.7.jar:/Users/hiromitakahashi/.gradle/caches/modules-2/files-2.1/org.springframework.cloud/spring-cloud-starter-sleuth/1.3.0.RC1/ef85e828badedcb6977044645aac643782f26df/spring-cloud-starter-sleuth-1.3.0.RC1.jar:/Users/hiromitakahashi/.gradle/caches/modules-2/files-2.1/org.springframework.boot/spring-boot-starter-security/1.5.7.RELEASE/e680aa1a8990a6e98e7a843c88f0a8bc378bb4d/spring-boot-starter-security-1.5.7.RELEASE.jar:/Users/hiromitakahashi/.gradle/caches/modules-2/files-2.1/org.springframework.boot/spring-boot-devtools/1.5.7.RELEASE/f433b9ba2fcf598624b5ae930096523f8a22119b/spring-boot-devtools-1.5.7.RELEASE.jar:/Users/hiromitakahashi/.gradle/caches/modules-2/files-2.1/com.h2database/h2/1.4.196/dd0034398d593aa3588c6773faac429bbd9aea0e/h2-1.4.196.jar:/Users/hiromitakahashi/.gradle/caches/modules-2/files-2.1/org.springframework.boot/spring-boot-starter-test/1.5.7.RELEASE/d23f37a72c2d4e46aba66bc69a649213f9cadeee/spring-boot-starter-test-1.5.7.RELEASE.jar:/Users/hiromitakahashi/.gradle/caches/modules-2/files-2.1/org.springframework.boot/spring-boot-starter/1.5.7.RELEASE/b42fe6962dd8b3be4ac8c1d7134d0ca2d0a35c7e/spring-boot-starter-1.5.7.RELEASE.jar:/Users/hiromitakahashi/.gradle/caches/modules-2/files-2.1/org.springframework.boot/spring-boot-starter-web/1.5.7.RELEASE/a862305be8b7512a41f6768d825ed37251ccbbe0/spring-boot-starter-web-1.5.7.RELEASE.jar:/Users/hiromitakahashi/.gradle/caches/modules-2/files-2.1/org.thymeleaf/thymeleaf-spring4/2.1.5.RELEASE/74cb9028e99597b5d71a98e919fd531a7fc290b4/thymeleaf-spring4-2.1.5.RELEASE.jar:/Users/hiromitakahashi/.gradle/caches/modules-2/files-2.1/nz.net.ultraq.thymeleaf/thymeleaf-layout-dialect/1.4.0/8d7810c069ed1534b9631fb1e85c35973546086/thymeleaf-layout-dialect-1.4.0.jar:/Users/hiromitakahashi/.gradle/caches/modules-2/files-2.1/xerces/xercesImpl/2.11.0/9bb329db1cfc4e22462c9d6b43a8432f5850e92c/xercesImpl-2.11.0.jar:/Users/hiromitakahashi/.gradle/caches/modules-2/files-2.1/org.springframework.boot/spring-boot-actuator/1.5.7.RELEASE/ff3124e2359be5e6c0d9cc501bf214413a329fee/spring-boot-actuator-1.5.7.RELEASE.jar:/Users/hiromitakahashi/.gradle/caches/modules-2/files-2.1/org.springframework.boot/spring-boot-starter-aop/1.5.7.RELEASE/189098a72ccc0cca07ea42d6715c10524b5a93d1/spring-boot-starter-aop-1.5.7.RELEASE.jar:/Users/hiromitakahashi/.gradle/caches/modules-2/files-2.1/org.springframework.boot/spring-boot-starter-jdbc/1.5.7.RELEASE/98c652a5461ccbec70b55fd0f7815d9c9a37a082/spring-boot-starter-jdbc-1.5.7.RELEASE.jar:/Users/hiromitakahashi/.gradle/caches/modules-2/files-2.1/org.hibernate/hibernate-core/5.0.12.Final/e58bf1c660e6706d8e2cbb53bae110f574366102/hibernate-core-5.0.12.Final.jar:/Users/hiromitakahashi/.gradle/caches/modules-2/files-2.1/org.hibernate/hibernate-entitymanager/5.0.12.Final/302a526f5058290e9cbd719a5caf9f248d344719/hibernate-entitymanager-5.0.12.Final.jar:/Users/hiromitakahashi/.gradle/caches/modules-2/files-2.1/javax.transaction/javax.transaction-api/1.2/d81aff979d603edd90dcd8db2abc1f4ce6479e3e/javax.transaction-api-1.2.jar:/Users/hiromitakahashi/.gradle/caches/modules-2/files-2.1/org.springframework.data/spring-data-jpa/1.11.7.RELEASE/587051cc7d7a3ddfac6098d623a658abb2f15865/spring-data-jpa-1.11.7.RELEASE.jar:/Users/hiromitakahashi/.gradle/caches/modules-2/files-2.1/org.springframework/spring-aspects/4.3.11.RELEASE/38ab744d37aef58762a03dbe7ab1479070ebadc6/spring-aspects-4.3.11.RELEASE.jar:/Users/hiromitakahashi/.gradle/caches/modules-2/files-2.1/junit/junit/4.12/2973d150c0dc1fefe998f834810d68f278ea58ec/junit-4.12.jar:/Users/hiromitakahashi/.gradle/caches/modules-2/files-2.1/org.slf4j/slf4j-api/1.7.25/da76ca59f6a57ee3102f8f9bd9cee742973efa8a/slf4j-api-1.7.25.jar:/Users/hiromitakahashi/.gradle/caches/modules-2/files-2.1/org.springframework.cloud/spring-cloud-starter/1.3.0.RC1/5d1a2b7743d5039689283e452e97fbacf706b7ee/spring-cloud-starter-1.3.0.RC1.jar:/Users/hiromitakahashi/.gradle/caches/modules-2/files-2.1/org.springframework.cloud/spring-cloud-sleuth-core/1.3.0.RC1/6edaa5700445e5eb8241c3f5ae344a4b9ca26660/spring-cloud-sleuth-core-1.3.0.RC1.jar:/Users/hiromitakahashi/.gradle/caches/modules-2/files-2.1/org.springframework/spring-aop/4.3.11.RELEASE/461d0bb58f1de30203d9331adf4b51de9554de5a/spring-aop-4.3.11.RELEASE.jar:/Users/hiromitakahashi/.gradle/caches/modules-2/files-2.1/org.springframework.security/spring-security-config/4.2.3.RELEASE/9f3771903616e33521836fd999d63efbfebf90d/spring-security-config-4.2.3.RELEASE.jar:/Users/hiromitakahashi/.gradle/caches/modules-2/files-2.1/org.springframework.security/spring-security-web/4.2.3.RELEASE/7a03e737484ca232d7146852f06d067ac21427ac/spring-security-web-4.2.3.RELEASE.jar:/Users/hiromitakahashi/.gradle/caches/modules-2/files-2.1/org.springframework.boot/spring-boot/1.5.7.RELEASE/1006870df7b3dc203df7ce84463c5dd7049fdaa4/spring-boot-1.5.7.RELEASE.jar:/Users/hiromitakahashi/.gradle/caches/modules-2/files-2.1/org.springframework.boot/spring-boot-autoconfigure/1.5.7.RELEASE/e83f1407ff991e9e7eb156f49fa19d868bb73289/spring-boot-autoconfigure-1.5.7.RELEASE.jar:/Users/hiromitakahashi/.gradle/caches/modules-2/files-2.1/org.springframework.boot/spring-boot-test/1.5.7.RELEASE/b8d77445d48f4320f404d8f13f4e5cb95bc36b30/spring-boot-test-1.5.7.RELEASE.jar:/Users/hiromitakahashi/.gradle/caches/modules-2/files-2.1/org.springframework.boot/spring-boot-test-autoconfigure/1.5.7.RELEASE/8bead16b97c9f1b5fe7c47f3e030dd9351a6974d/spring-boot-test-autoconfigure-1.5.7.RELEASE.jar:/Users/hiromitakahashi/.gradle/caches/modules-2/files-2.1/com.jayway.jsonpath/json-path/2.2.0/22290d17944bd239fabf5ac69005a60a7ecbbbcb/json-path-2.2.0.jar:/Users/hiromitakahashi/.gradle/caches/modules-2/files-2.1/org.assertj/assertj-core/3.8.0/b209d90ff2e279bee3e02547ee7b11349c52d0e3/assertj-core-3.8.0.jar:/Users/hiromitakahashi/.gradle/caches/modules-2/files-2.1/org.mockito/mockito-core/1.10.19/e8546f5bef4e061d8dd73895b4e8f40e3fe6effe/mockito-core-1.10.19.jar:/Users/hiromitakahashi/.gradle/caches/modules-2/files-2.1/org.hamcrest/hamcrest-core/1.3/42a25dc3219429f0e5d060061f71acb49bf010a0/hamcrest-core-1.3.jar:/Users/hiromitakahashi/.gradle/caches/modules-2/files-2.1/org.hamcrest/hamcrest-library/1.3/4785a3c21320980282f9f33d0d1264a69040538f/hamcrest-library-1.3.jar:/Users/hiromitakahashi/.gradle/caches/modules-2/files-2.1/org.skyscreamer/jsonassert/1.4.0/9cdbb373a06f6513e51e8c545ee6a5e981463edb/jsonassert-1.4.0.jar:/Users/hiromitakahashi/.gradle/caches/modules-2/files-2.1/org.springframework/spring-core/4.3.11.RELEASE/eb30ed093f628279d3aead068fd478fa343f1dad/spring-core-4.3.11.RELEASE.jar:/Users/hiromitakahashi/.gradle/caches/modules-2/files-2.1/org.springframework/spring-test/4.3.11.RELEASE/cf765b5d6d6bdc38c67522ecae3fe9549da43e1/spring-test-4.3.11.RELEASE.jar:/Users/hiromitakahashi/.gradle/caches/modules-2/files-2.1/org.springframework.boot/spring-boot-starter-logging/1.5.7.RELEASE/c84c4ea09d7f789a0d5e936a961471e5dbd9295e/spring-boot-starter-logging-1.5.7.RELEASE.jar:/Users/hiromitakahashi/.gradle/caches/modules-2/files-2.1/org.yaml/snakeyaml/1.17/7a27ea250c5130b2922b86dea63cbb1cc10a660c/snakeyaml-1.17.jar:/Users/hiromitakahashi/.gradle/caches/modules-2/files-2.1/org.springframework.boot/spring-boot-starter-tomcat/1.5.7.RELEASE/eae533e2a0111a51d812912acb3d3e2368736d1b/spring-boot-starter-tomcat-1.5.7.RELEASE.jar:/Users/hiromitakahashi/.gradle/caches/modules-2/files-2.1/org.hibernate/hibernate-validator/5.3.5.Final/622a9bcef2eed6d41b5b8e0662c36212009e375/hibernate-validator-5.3.5.Final.jar:/Users/hiromitakahashi/.gradle/caches/modules-2/files-2.1/com.fasterxml.jackson.core/jackson-databind/2.8.10/f7b83cb2bc4b88d53961e749e1ad32f49ef017b7/jackson-databind-2.8.10.jar:/Users/hiromitakahashi/.gradle/caches/modules-2/files-2.1/org.springframework/spring-web/4.3.11.RELEASE/50a3dfce550bdf9459dfb2c6282aa104b040258e/spring-web-4.3.11.RELEASE.jar:/Users/hiromitakahashi/.gradle/caches/modules-2/files-2.1/org.springframework/spring-webmvc/4.3.11.RELEASE/814f91ec4dc324e724bbe7cbc5045b234604c539/spring-webmvc-4.3.11.RELEASE.jar:/Users/hiromitakahashi/.gradle/caches/modules-2/files-2.1/org.thymeleaf/thymeleaf/2.1.5.RELEASE/513bffa3daaac277460c1a0a2dccb228fa40569e/thymeleaf-2.1.5.RELEASE.jar:/Users/hiromitakahashi/.gradle/caches/modules-2/files-2.1/org.codehaus.groovy/groovy/2.4.12/a43be367110c491787219f1c128b5b5fc54f1e70/groovy-2.4.12.jar:/Users/hiromitakahashi/.gradle/caches/modules-2/files-2.1/xml-apis/xml-apis/1.4.01/3789d9fada2d3d458c4ba2de349d48780f381ee3/xml-apis-1.4.01.jar:/Users/hiromitakahashi/.gradle/caches/modules-2/files-2.1/org.springframework/spring-context/4.3.11.RELEASE/3efec2d7c7469d49108a2b21c3f15831f7297569/spring-context-4.3.11.RELEASE.jar:/Users/hiromitakahashi/.gradle/caches/modules-2/files-2.1/org.aspectj/aspectjweaver/1.8.10/e198c5fee28988c355f74e06461614eae36b2032/aspectjweaver-1.8.10.jar:/Users/hiromitakahashi/.gradle/caches/modules-2/files-2.1/org.apache.tomcat/tomcat-jdbc/8.5.20/10d0d288d837ddfc92096920e4571054a3934160/tomcat-jdbc-8.5.20.jar:/Users/hiromitakahashi/.gradle/caches/modules-2/files-2.1/org.springframework/spring-jdbc/4.3.11.RELEASE/642ed7497d327f299caccb930af6b65e229864c4/spring-jdbc-4.3.11.RELEASE.jar:/Users/hiromitakahashi/.gradle/caches/modules-2/files-2.1/org.jboss.logging/jboss-logging/3.3.1.Final/c46217ab74b532568c0ed31dc599db3048bd1b67/jboss-logging-3.3.1.Final.jar:/Users/hiromitakahashi/.gradle/caches/modules-2/files-2.1/org.hibernate.javax.persistence/hibernate-jpa-2.1-api/1.0.0.Final/5e731d961297e5a07290bfaf3db1fbc8bbbf405a/hibernate-jpa-2.1-api-1.0.0.Final.jar:/Users/hiromitakahashi/.gradle/caches/modules-2/files-2.1/org.javassist/javassist/3.21.0-GA/598244f595db5c5fb713731eddbb1c91a58d959b/javassist-3.21.0-GA.jar:/Users/hiromitakahashi/.gradle/caches/modules-2/files-2.1/antlr/antlr/2.7.7/83cd2cd674a217ade95a4bb83a8a14f351f48bd0/antlr-2.7.7.jar:/Users/hiromitakahashi/.gradle/caches/modules-2/files-2.1/org.jboss/jandex/2.0.0.Final/3e899258936f94649c777193e1be846387ed54b3/jandex-2.0.0.Final.jar:/Users/hiromitakahashi/.gradle/caches/modules-2/files-2.1/dom4j/dom4j/1.6.1/5d3ccc056b6f056dbf0dddfdf43894b9065a8f94/dom4j-1.6.1.jar:/Users/hiromitakahashi/.gradle/caches/modules-2/files-2.1/org.hibernate.common/hibernate-commons-annotations/5.0.1.Final/71e1cff3fcb20d3b3af4f3363c3ddb24d33c6879/hibernate-commons-annotations-5.0.1.Final.jar:/Users/hiromitakahashi/.gradle/caches/modules-2/files-2.1/org.springframework.data/spring-data-commons/1.13.7.RELEASE/cf4538abda1f0a9cf2323d6e4204df0130aeec73/spring-data-commons-1.13.7.RELEASE.jar:/Users/hiromitakahashi/.gradle/caches/modules-2/files-2.1/org.springframework/spring-orm/4.3.11.RELEASE/7ba1b25ad62b29295aa90ae88f9f35e84861953c/spring-orm-4.3.11.RELEASE.jar:/Users/hiromitakahashi/.gradle/caches/modules-2/files-2.1/org.springframework/spring-tx/4.3.11.RELEASE/c931ee363d2269f03edfeb83d7d7fe23924ab8a1/spring-tx-4.3.11.RELEASE.jar:/Users/hiromitakahashi/.gradle/caches/modules-2/files-2.1/org.springframework/spring-beans/4.3.11.RELEASE/591cc35fd39292adae13f01aa13e978d0bb11936/spring-beans-4.3.11.RELEASE.jar:/Users/hiromitakahashi/.gradle/caches/modules-2/files-2.1/org.slf4j/jcl-over-slf4j/1.7.25/f8c32b13ff142a513eeb5b6330b1588dcb2c0461/jcl-over-slf4j-1.7.25.jar:/Users/hiromitakahashi/.gradle/caches/modules-2/files-2.1/org.springframework.cloud/spring-cloud-context/1.3.0.RC1/6beba80e55d51378b792b019ede03a98a753dabe/spring-cloud-context-1.3.0.RC1.jar:/Users/hiromitakahashi/.gradle/caches/modules-2/files-2.1/org.springframework.cloud/spring-cloud-commons/1.3.0.RC1/a7e14611add4d642fb59b1a5ab2109b603ea4a70/spring-cloud-commons-1.3.0.RC1.jar:/Users/hiromitakahashi/.gradle/caches/modules-2/files-2.1/org.springframework.security/spring-security-rsa/1.0.3.RELEASE/b0b1ee770597b5de1b51e9a889dfd2dc35d251b0/spring-security-rsa-1.0.3.RELEASE.jar:/Users/hiromitakahashi/.gradle/caches/modules-2/files-2.1/org.aspectj/aspectjrt/1.8.10/1a14fe9e912f6e8bdbb5429b78b4090d8b47bc1/aspectjrt-1.8.10.jar:/Users/hiromitakahashi/.gradle/caches/modules-2/files-2.1/org.springframework.security/spring-security-core/4.2.3.RELEASE/5c0e47a47036c94d6fdd02696bf52be6d1adbd4d/spring-security-core-4.2.3.RELEASE.jar:/Users/hiromitakahashi/.gradle/caches/modules-2/files-2.1/org.springframework/spring-expression/4.3.11.RELEASE/fca662a2fccdad90ec22b2aaecb021047dcbe249/spring-expression-4.3.11.RELEASE.jar:/Users/hiromitakahashi/.gradle/caches/modules-2/files-2.1/net.minidev/json-smart/2.2.1/5b9e5df7a62d1279b70dc882b041d249c4f0b002/json-smart-2.2.1.jar:/Users/hiromitakahashi/.gradle/caches/modules-2/files-2.1/org.objenesis/objenesis/2.1/87c0ea803b69252868d09308b4618f766f135a96/objenesis-2.1.jar:/Users/hiromitakahashi/.gradle/caches/modules-2/files-2.1/com.vaadin.external.google/android-json/0.0.20131108.vaadin1/fa26d351fe62a6a17f5cda1287c1c6110dec413f/android-json-0.0.20131108.vaadin1.jar:/Users/hiromitakahashi/.gradle/caches/modules-2/files-2.1/ch.qos.logback/logback-classic/1.1.11/ccedfbacef4a6515d2983e3f89ed753d5d4fb665/logback-classic-1.1.11.jar:/Users/hiromitakahashi/.gradle/caches/modules-2/files-2.1/org.slf4j/jul-to-slf4j/1.7.25/af5364cd6679bfffb114f0dec8a157aaa283b76/jul-to-slf4j-1.7.25.jar:/Users/hiromitakahashi/.gradle/caches/modules-2/files-2.1/org.slf4j/log4j-over-slf4j/1.7.25/a87bb47468f47ee7aabbd54f93e133d4215769c3/log4j-over-slf4j-1.7.25.jar:/Users/hiromitakahashi/.gradle/caches/modules-2/files-2.1/org.apache.tomcat.embed/tomcat-embed-core/8.5.20/b9026ee20f1f6a2b0fc3e51dd806d800901448b0/tomcat-embed-core-8.5.20.jar:/Users/hiromitakahashi/.gradle/caches/modules-2/files-2.1/org.apache.tomcat.embed/tomcat-embed-el/8.5.20/42960f481a8a80f4ffd3b865c2232820e3565bf1/tomcat-embed-el-8.5.20.jar:/Users/hiromitakahashi/.gradle/caches/modules-2/files-2.1/org.apache.tomcat.embed/tomcat-embed-websocket/8.5.20/4df9055507926a2651f691cc9964c50493a0ab29/tomcat-embed-websocket-8.5.20.jar:/Users/hiromitakahashi/.gradle/caches/modules-2/files-2.1/javax.validation/validation-api/1.1.0.Final/8613ae82954779d518631e05daa73a6a954817d5/validation-api-1.1.0.Final.jar:/Users/hiromitakahashi/.gradle/caches/modules-2/files-2.1/com.fasterxml/classmate/1.3.4/3d5f48f10bbe4eb7bd862f10c0583be2e0053c6/classmate-1.3.4.jar:/Users/hiromitakahashi/.gradle/caches/modules-2/files-2.1/com.fasterxml.jackson.core/jackson-annotations/2.8.0/45b426f7796b741035581a176744d91090e2e6fb/jackson-annotations-2.8.0.jar:/Users/hiromitakahashi/.gradle/caches/modules-2/files-2.1/com.fasterxml.jackson.core/jackson-core/2.8.10/eb21a035c66ad307e66ec8fce37f5d50fd62d039/jackson-core-2.8.10.jar:/Users/hiromitakahashi/.gradle/caches/modules-2/files-2.1/ognl/ognl/3.0.8/37e1aebfde7eb7baebc9ad4f85116ef9009c5fc5/ognl-3.0.8.jar:/Users/hiromitakahashi/.gradle/caches/modules-2/files-2.1/org.unbescape/unbescape/1.1.0.RELEASE/ab0db4fe0a6fa89fb8da2a40008a4e63a7f3f5b9/unbescape-1.1.0.RELEASE.jar:/Users/hiromitakahashi/.gradle/caches/modules-2/files-2.1/org.apache.tomcat/tomcat-juli/8.5.20/6c0579d329696059f377585d2a51455bf083d9ee/tomcat-juli-8.5.20.jar:/Users/hiromitakahashi/.gradle/caches/modules-2/files-2.1/org.springframework.security/spring-security-crypto/4.2.3.RELEASE/a5c850acc91bff1970fe751d7407df81c4bce3cc/spring-security-crypto-4.2.3.RELEASE.jar:/Users/hiromitakahashi/.gradle/caches/modules-2/files-2.1/org.apache.httpcomponents/httpclient/4.5.3/d1577ae15f01ef5438c5afc62162457c00a34713/httpclient-4.5.3.jar:/Users/hiromitakahashi/.gradle/caches/modules-2/files-2.1/org.bouncycastle/bcpkix-jdk15on/1.55/6392d8cba22b722c6570d660ca0b3921ff1bae4f/bcpkix-jdk15on-1.55.jar:/Users/hiromitakahashi/.gradle/caches/modules-2/files-2.1/net.minidev/accessors-smart/1.1/a527213f2fea112a04c9bdf0ec0264e34104cd08/accessors-smart-1.1.jar:/Users/hiromitakahashi/.gradle/caches/modules-2/files-2.1/ch.qos.logback/logback-core/1.1.11/88b8df40340eed549fb07e2613879bf6b006704d/logback-core-1.1.11.jar:/Users/hiromitakahashi/.gradle/caches/modules-2/files-2.1/org.apache.httpcomponents/httpcore/4.4.6/e3fd8ced1f52c7574af952e2e6da0df8df08eb82/httpcore-4.4.6.jar:/Users/hiromitakahashi/.gradle/caches/modules-2/files-2.1/commons-codec/commons-codec/1.10/4b95f4897fa13f2cd904aee711aeafc0c5295cd8/commons-codec-1.10.jar:/Users/hiromitakahashi/.gradle/caches/modules-2/files-2.1/org.bouncycastle/bcprov-jdk15on/1.55/935f2e57a00ec2c489cbd2ad830d4a399708f979/bcprov-jdk15on-1.55.jar:/Users/hiromitakahashi/.gradle/caches/modules-2/files-2.1/org.ow2.asm/asm/5.0.3/dcc2193db20e19e1feca8b1240dbbc4e190824fa/asm-5.0.3.jar, user.name=hiromitakahashi, java.vm.specification.version=1.8, sun.java.command=worker.org.gradle.process.internal.worker.GradleWorkerMain 'Gradle Test Executor 1', java.home=/Library/Java/JavaVirtualMachines/jdk1.8.0_91.jdk/Contents/Home/jre, sun.arch.data.model=64, user.language=ja, java.specification.vendor=Oracle Corporation, awt.toolkit=sun.lwawt.macosx.LWCToolkit, java.vm.info=mixed mode, java.version=1.8.0_91, java.ext.dirs=/Users/hiromitakahashi/Library/Java/Extensions:/Library/Java/JavaVirtualMachines/jdk1.8.0_91.jdk/Contents/Home/jre/lib/ext:/Library/Java/Extensions:/Network/Library/Java/Extensions:/System/Library/Java/Extensions:/usr/lib/java, sun.boot.class.path=/Library/Java/JavaVirtualMachines/jdk1.8.0_91.jdk/Contents/Home/jre/lib/resources.jar:/Library/Java/JavaVirtualMachines/jdk1.8.0_91.jdk/Contents/Home/jre/lib/rt.jar:/Library/Java/JavaVirtualMachines/jdk1.8.0_91.jdk/Contents/Home/jre/lib/sunrsasign.jar:/Library/Java/JavaVirtualMachines/jdk1.8.0_91.jdk/Contents/Home/jre/lib/jsse.jar:/Library/Java/JavaVirtualMachines/jdk1.8.0_91.jdk/Contents/Home/jre/lib/jce.jar:/Library/Java/JavaVirtualMachines/jdk1.8.0_91.jdk/Contents/Home/jre/lib/charsets.jar:/Library/Java/JavaVirtualMachines/jdk1.8.0_91.jdk/Contents/Home/jre/lib/jfr.jar:/Library/Java/JavaVirtualMachines/jdk1.8.0_91.jdk/Contents/Home/jre/classes, java.vendor=Oracle Corporation, org.gradle.test.worker=1, file.separator=/, java.vendor.url.bug=http://bugreport.sun.com/bugreport/, sun.io.unicode.encoding=UnicodeBig, sun.cpu.endian=little, socksNonProxyHosts=local|*.local|169.254/16|*.169.254/16, ftp.nonProxyHosts=local|*.local|169.254/16|*.169.254/16, sun.cpu.isalist=}}, SystemEnvironmentPropertySource@1960645983 {name='systemEnvironment', properties={PYENV_SHELL=bash, PATH=/sw/bin:/sw/sbin:/Library/Java/JavaVirtualMachines/jdk1.8.0_91.jdk/Contents/Home/bin:/Users/hiromitakahashi/.sdkman/candidates/groovy/current/bin:/Users/hiromitakahashi/.sdkman/candidates/grails/current/bin:/Users/hiromitakahashi/.sdkman/candidates/gradle/current/bin:/Users/hiromitakahashi/.pyenv/shims:/Users/hiromitakahashi/.pyenv/bin:/Users/hiromitakahashi/.nodebrew/current/bin:/Users/hiromitakahashi/.nodebrew/node/v6.3.1/bin/:/Users/hiromitakahashi/apache-maven-3.3.9/bin:/usr/local/bin:/usr/bin:/bin:/usr/sbin:/sbin:/Users/hiromitakahashi/oper/, SDKMAN_VERSION=5.5.9+231, MANPATH=/sw/share/man/ja:/sw/share/man:/Library/Java/JavaVirtualMachines/jdk1.8.0_91.jdk/Contents/Home/man/ja_JP.UTF-8:/Library/Java/JavaVirtualMachines/jdk1.8.0_91.jdk/Contents/Home/man/ja:/Library/Java/JavaVirtualMachines/jdk1.8.0_91.jdk/Contents/Home/man:/usr/local/share/man:/usr/share/man:/Applications/Xcode.app/Contents/Developer/Platforms/MacOSX.platform/Developer/SDKs/MacOSX10.13.sdk/usr/share/man:/Applications/Xcode.app/Contents/Developer/usr/share/man:/Applications/Xcode.app/Contents/Developer/Toolchains/XcodeDefault.xctoolchain/usr/share/man:/sw/lib/perl5/5.18.2/man, GRAILS_HOME=/Users/hiromitakahashi/.sdkman/candidates/grails/current, JAVA_HOME=/Library/Java/JavaVirtualMachines/jdk1.8.0_91.jdk/Contents/Home, TERM=xterm-256color, LANG=ja_JP.UTF-8, GRADLE_HOME=/Users/hiromitakahashi/.sdkman/candidates/gradle/current, GROOVY_HOME=/Users/hiromitakahashi/.sdkman/candidates/groovy/current, JAVA_MAIN_CLASS_1829=org.gradle.launcher.GradleMain, SDKMAN_DIR=/Users/hiromitakahashi/.sdkman, LOGNAME=hiromitakahashi, M3_HOME=/Users/hiromitakahashi/apache-maven-3.3.9, XPC_SERVICE_NAME=0, PWD=/Users/hiromitakahashi/oper/gradle/lskenapp, TERM_PROGRAM_VERSION=400, APP_ICON_1829=/Users/hiromitakahashi/.sdkman/candidates/gradle/3.5/media/gradle.icns, INFOPATH=/sw/share/info:/sw/info:/usr/share/info, PERL5LIB=/sw/lib/perl5:/sw/lib/perl5/darwin, JAVA_MAIN_CLASS_1843=worker.org.gradle.process.internal.worker.GradleWorkerMain, SDKMAN_CANDIDATES_DIR=/Users/hiromitakahashi/.sdkman/candidates, SDKMAN_LEGACY_API=https://api.sdkman.io/1, SHELL=/bin/bash, TERM_PROGRAM=Apple_Terminal, SECURITYSESSIONID=186a7, SDKMAN_PLATFORM=Darwin, OLDPWD=/Users/hiromitakahashi/.sdkman/candidates/gradle/current, USER=hiromitakahashi, TMPDIR=/var/folders/1m/v_pnk3kd3hj0558d1z3nsnzh0000gn/T/, SSH_AUTH_SOCK=/private/tmp/com.apple.launchd.uFVrPRliR7/Listeners, APP_NAME_1829=Gradle, XPC_FLAGS=0x0, TERM_SESSION_ID=FE8465B8-DC83-40A9-B477-6FAA5422C530, __CF_USER_TEXT_ENCODING=0x1F5:0x1:0xE, Apple_PubSub_Socket_Render=/private/tmp/com.apple.launchd.Xbm1gCYYuN/Render, HOME=/Users/hiromitakahashi, SHLVL=1, SDKMAN_CURRENT_API=https://api.sdkman.io/2}}]
01:49:25.217 [Test worker] DEBUG org.springframework.core.env.MutablePropertySources - Adding PropertySource 'inline' with highest search precedence
01:49:25.225 [Test worker] DEBUG org.springframework.test.context.support.TestPropertySourceUtils - Adding inlined properties to environment: {spring.jmx.enabled=false, org.springframework.boot.test.context.SpringBootTestContextBootstrapper=true, server.port=-1}
01:49:25.225 [Test worker] DEBUG org.springframework.core.env.StandardEnvironment - Adding PropertySource 'Inlined Test Properties' with highest search precedence
2017-11-16 01:49:26.040  INFO [bootstrap,,,] 1843 --- [    Test worker] s.c.a.AnnotationConfigApplicationContext : Refreshing org.springframework.context.annotation.AnnotationConfigApplicationContext@729c5f73: startup date [Thu Nov 16 01:49:26 JST 2017]; root of context hierarchy
2017-11-16 01:49:26.476  INFO [bootstrap,,,] 1843 --- [    Test worker] trationDelegate$BeanPostProcessorChecker : Bean 'configurationPropertiesRebinderAutoConfiguration' of type [org.springframework.cloud.autoconfigure.ConfigurationPropertiesRebinderAutoConfiguration$$EnhancerBySpringCGLIB$$7094ecc1] is not eligible for getting processed by all BeanPostProcessors (for example: not eligible for auto-proxying)

  .   ____          _            __ _ _
 /\\ / ___'_ __ _ _(_)_ __  __ _ \ \ \ \
( ( )\___ | '_ | '_| | '_ \/ _` | \ \ \ \
 \\/  ___)| |_)| | | | | || (_| |  ) ) ) )
  '  |____| .__|_| |_|_| |_\__, | / / / /
 =========|_|==============|___/=/_/_/_/
 :: Spring Boot ::        (v1.5.7.RELEASE)

2017-11-16 01:49:26.879  INFO [-,,,] 1843 --- [    Test worker] c.l.lskenapp.LskenappApplicationTests    : No active profile set, falling back to default profiles: default
2017-11-16 01:49:26.886  INFO [-,,,] 1843 --- [    Test worker] o.s.w.c.s.GenericWebApplicationContext   : Refreshing org.springframework.web.context.support.GenericWebApplicationContext@542c938: startup date [Thu Nov 16 01:49:26 JST 2017]; parent: org.springframework.context.annotation.AnnotationConfigApplicationContext@729c5f73
2017-11-16 01:49:28.429  INFO [-,,,] 1843 --- [    Test worker] o.s.cloud.context.scope.GenericScope     : BeanFactory id=f290c21d-e1da-38c1-80b5-2d197a561b26
2017-11-16 01:49:28.676  INFO [-,,,] 1843 --- [    Test worker] trationDelegate$BeanPostProcessorChecker : Bean 'org.springframework.cloud.sleuth.instrument.async.AsyncDefaultAutoConfiguration$DefaultAsyncConfigurerSupport' of type [org.springframework.cloud.sleuth.instrument.async.AsyncDefaultAutoConfiguration$DefaultAsyncConfigurerSupport$$EnhancerBySpringCGLIB$$91bc8787] is not eligible for getting processed by all BeanPostProcessors (for example: not eligible for auto-proxying)
2017-11-16 01:49:28.753  INFO [-,,,] 1843 --- [    Test worker] trationDelegate$BeanPostProcessorChecker : Bean 'org.springframework.cloud.sleuth.annotation.SleuthAnnotationAutoConfiguration' of type [org.springframework.cloud.sleuth.annotation.SleuthAnnotationAutoConfiguration$$EnhancerBySpringCGLIB$$56e02ff6] is not eligible for getting processed by all BeanPostProcessors (for example: not eligible for auto-proxying)
2017-11-16 01:49:28.974  INFO [-,,,] 1843 --- [    Test worker] trationDelegate$BeanPostProcessorChecker : Bean 'sleuthAdvisorConfig' of type [org.springframework.cloud.sleuth.annotation.SleuthAdvisorConfig] is not eligible for getting processed by all BeanPostProcessors (for example: not eligible for auto-proxying)
2017-11-16 01:49:28.987  INFO [-,,,] 1843 --- [    Test worker] trationDelegate$BeanPostProcessorChecker : Bean 'org.springframework.transaction.annotation.ProxyTransactionManagementConfiguration' of type [org.springframework.transaction.annotation.ProxyTransactionManagementConfiguration$$EnhancerBySpringCGLIB$$547ae9c4] is not eligible for getting processed by all BeanPostProcessors (for example: not eligible for auto-proxying)
2017-11-16 01:49:29.059  INFO [-,,,] 1843 --- [    Test worker] trationDelegate$BeanPostProcessorChecker : Bean 'org.springframework.cloud.autoconfigure.ConfigurationPropertiesRebinderAutoConfiguration' of type [org.springframework.cloud.autoconfigure.ConfigurationPropertiesRebinderAutoConfiguration$$EnhancerBySpringCGLIB$$7094ecc1] is not eligible for getting processed by all BeanPostProcessors (for example: not eligible for auto-proxying)
2017-11-16 01:49:29.104  INFO [-,,,] 1843 --- [    Test worker] trationDelegate$BeanPostProcessorChecker : Bean 'org.springframework.cloud.sleuth.instrument.async.AsyncDefaultAutoConfiguration' of type [org.springframework.cloud.sleuth.instrument.async.AsyncDefaultAutoConfiguration$$EnhancerBySpringCGLIB$$3c5e95e3] is not eligible for getting processed by all BeanPostProcessors (for example: not eligible for auto-proxying)
2017-11-16 01:49:30.216  INFO [-,,,] 1843 --- [    Test worker] jdbc.connection                          : 1. Connection opened
2017-11-16 01:49:30.217  INFO [-,,,] 1843 --- [    Test worker] jdbc.audit                               : 1. Connection.new Connection returned 
2017-11-16 01:49:30.217  INFO [-,,,] 1843 --- [    Test worker] jdbc.connection                          : 2. Connection opened
2017-11-16 01:49:30.218  INFO [-,,,] 1843 --- [    Test worker] jdbc.audit                               : 2. Connection.new Connection returned 
2017-11-16 01:49:30.219  INFO [-,,,] 1843 --- [    Test worker] jdbc.connection                          : 3. Connection opened
2017-11-16 01:49:30.221  INFO [-,,,] 1843 --- [    Test worker] jdbc.audit                               : 3. Connection.new Connection returned 
2017-11-16 01:49:30.222  INFO [-,,,] 1843 --- [    Test worker] jdbc.connection                          : 4. Connection opened
2017-11-16 01:49:30.223  INFO [-,,,] 1843 --- [    Test worker] jdbc.audit                               : 4. Connection.new Connection returned 
2017-11-16 01:49:30.224  INFO [-,,,] 1843 --- [    Test worker] jdbc.connection                          : 5. Connection opened
2017-11-16 01:49:30.224  INFO [-,,,] 1843 --- [    Test worker] jdbc.audit                               : 5. Connection.new Connection returned 
2017-11-16 01:49:30.225  INFO [-,,,] 1843 --- [    Test worker] jdbc.connection                          : 6. Connection opened
2017-11-16 01:49:30.226  INFO [-,,,] 1843 --- [    Test worker] jdbc.audit                               : 6. Connection.new Connection returned 
2017-11-16 01:49:30.230  INFO [-,,,] 1843 --- [    Test worker] jdbc.connection                          : 7. Connection opened
2017-11-16 01:49:30.230  INFO [-,,,] 1843 --- [    Test worker] jdbc.audit                               : 7. Connection.new Connection returned 
2017-11-16 01:49:30.230  INFO [-,,,] 1843 --- [    Test worker] jdbc.connection                          : 8. Connection opened
2017-11-16 01:49:30.231  INFO [-,,,] 1843 --- [    Test worker] jdbc.audit                               : 8. Connection.new Connection returned 
2017-11-16 01:49:30.231  INFO [-,,,] 1843 --- [    Test worker] jdbc.connection                          : 9. Connection opened
2017-11-16 01:49:30.231  INFO [-,,,] 1843 --- [    Test worker] jdbc.audit                               : 9. Connection.new Connection returned 
2017-11-16 01:49:30.232  INFO [-,,,] 1843 --- [    Test worker] jdbc.connection                          : 10. Connection opened
2017-11-16 01:49:30.232  INFO [-,,,] 1843 --- [    Test worker] jdbc.audit                               : 10. Connection.new Connection returned 
2017-11-16 01:49:30.243  INFO [-,,,] 1843 --- [    Test worker] jdbc.audit                               : 10. Connection.getMetaData() returned dbMeta0: conn9: url=jdbc:h2:file:./target/db/testdb user=SA
2017-11-16 01:49:30.305  INFO [-,,,] 1843 --- [    Test worker] j.LocalContainerEntityManagerFactoryBean : Building JPA container EntityManagerFactory for persistence unit 'default'
2017-11-16 01:49:30.326  INFO [-,,,] 1843 --- [    Test worker] o.hibernate.jpa.internal.util.LogHelper  : HHH000204: Processing PersistenceUnitInfo [
	name: default
	...]
2017-11-16 01:49:30.438  INFO [-,,,] 1843 --- [    Test worker] org.hibernate.Version                    : HHH000412: Hibernate Core {5.0.12.Final}
2017-11-16 01:49:30.440  INFO [-,,,] 1843 --- [    Test worker] org.hibernate.cfg.Environment            : HHH000206: hibernate.properties not found
2017-11-16 01:49:30.442  INFO [-,,,] 1843 --- [    Test worker] org.hibernate.cfg.Environment            : HHH000021: Bytecode provider name : javassist
2017-11-16 01:49:30.505  INFO [-,,,] 1843 --- [    Test worker] o.hibernate.annotations.common.Version   : HCANN000001: Hibernate Commons Annotations {5.0.1.Final}
2017-11-16 01:49:30.669  INFO [-,,,] 1843 --- [    Test worker] jdbc.audit                               : 10. Connection.getMetaData() returned dbMeta1: conn9: url=jdbc:h2:file:./target/db/testdb user=SA
2017-11-16 01:49:30.720  INFO [-,,,] 1843 --- [    Test worker] org.hibernate.dialect.Dialect            : HHH000400: Using dialect: org.hibernate.dialect.H2Dialect
2017-11-16 01:49:31.427  INFO [-,,,] 1843 --- [    Test worker] org.hibernate.tool.hbm2ddl.SchemaUpdate  : HHH000228: Running hbm2ddl schema update
2017-11-16 01:49:31.438  INFO [-,,,] 1843 --- [    Test worker] jdbc.audit                               : 10. Statement.new Statement returned 
2017-11-16 01:49:31.438  INFO [-,,,] 1843 --- [    Test worker] jdbc.audit                               : 10. Connection.createStatement() returned net.sf.log4jdbc.StatementSpy@1d7258ab
2017-11-16 01:49:31.445  INFO [-,,,] 1843 --- [    Test worker] jdbc.sqlonly                             : select SEQUENCE_CATALOG, SEQUENCE_SCHEMA, SEQUENCE_NAME, INCREMENT from information_schema.sequences 

2017-11-16 01:49:31.446  INFO [-,,,] 1843 --- [    Test worker] jdbc.sqltiming                           : select SEQUENCE_CATALOG, SEQUENCE_SCHEMA, SEQUENCE_NAME, INCREMENT from information_schema.sequences 
 {executed in 1 msec}
2017-11-16 01:49:31.453  INFO [-,,,] 1843 --- [    Test worker] jdbc.resultset                           : 10. ResultSet.new ResultSet returned 
2017-11-16 01:49:31.453  INFO [-,,,] 1843 --- [    Test worker] jdbc.audit                               : 10. Statement.executeQuery(select SEQUENCE_CATALOG, SEQUENCE_SCHEMA, SEQUENCE_NAME, INCREMENT from information_schema.sequences) returned net.sf.log4jdbc.ResultSetSpy@50fb08ad
2017-11-16 01:49:31.456  INFO [-,,,] 1843 --- [    Test worker] jdbc.resultset                           : 10. ResultSet.next() returned true
2017-11-16 01:49:31.458  INFO [-,,,] 1843 --- [    Test worker] jdbc.resultset                           : 10. ResultSet.getString(SEQUENCE_CATALOG) returned TESTDB
2017-11-16 01:49:31.458  INFO [-,,,] 1843 --- [    Test worker] jdbc.resultset                           : 10. ResultSet.getString(SEQUENCE_SCHEMA) returned PUBLIC
2017-11-16 01:49:31.459  INFO [-,,,] 1843 --- [    Test worker] jdbc.resultset                           : 10. ResultSet.getString(SEQUENCE_NAME) returned SYSTEM_SEQUENCE_3070C505_847D_42E1_A836_53B41B3C6447
2017-11-16 01:49:31.460  INFO [-,,,] 1843 --- [    Test worker] jdbc.resultset                           : 10. ResultSet.getInt(INCREMENT) returned 1
2017-11-16 01:49:31.461  INFO [-,,,] 1843 --- [    Test worker] jdbc.resultsettable                      : |-----------------|----------------|-----------------------------------------------------|----------|
2017-11-16 01:49:31.461  INFO [-,,,] 1843 --- [    Test worker] jdbc.resultsettable                      : |SEQUENCE_CATALOG |SEQUENCE_SCHEMA |SEQUENCE_NAME                                        |INCREMENT |
2017-11-16 01:49:31.462  INFO [-,,,] 1843 --- [    Test worker] jdbc.resultsettable                      : |-----------------|----------------|-----------------------------------------------------|----------|
2017-11-16 01:49:31.462  INFO [-,,,] 1843 --- [    Test worker] jdbc.resultsettable                      : |TESTDB           |PUBLIC          |SYSTEM_SEQUENCE_3070C505_847D_42E1_A836_53B41B3C6447 |1         |
2017-11-16 01:49:31.463  INFO [-,,,] 1843 --- [    Test worker] jdbc.resultsettable                      : |-----------------|----------------|-----------------------------------------------------|----------|
2017-11-16 01:49:31.463  INFO [-,,,] 1843 --- [    Test worker] jdbc.resultset                           : 10. ResultSet.next() returned false
2017-11-16 01:49:31.463  INFO [-,,,] 1843 --- [    Test worker] jdbc.resultset                           : 10. ResultSet.close() returned null
2017-11-16 01:49:31.464  INFO [-,,,] 1843 --- [    Test worker] jdbc.audit                               : 10. Statement.close() returned 
2017-11-16 01:49:31.464  INFO [-,,,] 1843 --- [    Test worker] jdbc.audit                               : 9. Connection.setAutoCommit(true) returned 
2017-11-16 01:49:31.465  INFO [-,,,] 1843 --- [    Test worker] jdbc.audit                               : 9. Statement.new Statement returned 
2017-11-16 01:49:31.466  INFO [-,,,] 1843 --- [    Test worker] jdbc.audit                               : 9. Connection.createStatement() returned net.sf.log4jdbc.StatementSpy@74a840c
2017-11-16 01:49:31.467  INFO [-,,,] 1843 --- [    Test worker] jdbc.audit                               : 10. Connection.getMetaData() returned dbMeta3: conn9: url=jdbc:h2:file:./target/db/testdb user=SA
2017-11-16 01:49:31.501  INFO [-,,,] 1843 --- [    Test worker] jdbc.audit                               : 9. Statement.close() returned 
2017-11-16 01:49:31.559  INFO [-,,,] 1843 --- [    Test worker] j.LocalContainerEntityManagerFactoryBean : Initialized JPA EntityManagerFactory for persistence unit 'default'
2017-11-16 01:49:33.385  INFO [-,,,] 1843 --- [    Test worker] o.s.s.web.DefaultSecurityFilterChain     : Creating filter chain: Ant [pattern='/webjars/**'], []
2017-11-16 01:49:33.386  INFO [-,,,] 1843 --- [    Test worker] o.s.s.web.DefaultSecurityFilterChain     : Creating filter chain: Ant [pattern='/css/**'], []
2017-11-16 01:49:33.386  INFO [-,,,] 1843 --- [    Test worker] o.s.s.web.DefaultSecurityFilterChain     : Creating filter chain: Ant [pattern='/fonts/**'], []
2017-11-16 01:49:33.386  INFO [-,,,] 1843 --- [    Test worker] o.s.s.web.DefaultSecurityFilterChain     : Creating filter chain: Ant [pattern='/html/**'], []
2017-11-16 01:49:33.386  INFO [-,,,] 1843 --- [    Test worker] o.s.s.web.DefaultSecurityFilterChain     : Creating filter chain: Ant [pattern='/images/**'], []
2017-11-16 01:49:33.386  INFO [-,,,] 1843 --- [    Test worker] o.s.s.web.DefaultSecurityFilterChain     : Creating filter chain: Ant [pattern='/js/**'], []
2017-11-16 01:49:33.388  INFO [-,,,] 1843 --- [    Test worker] o.s.s.web.DefaultSecurityFilterChain     : Creating filter chain: Ant [pattern='/messages'], []
2017-11-16 01:49:33.595  INFO [-,,,] 1843 --- [    Test worker] o.s.s.web.DefaultSecurityFilterChain     : Creating filter chain: org.springframework.security.web.util.matcher.AnyRequestMatcher@1, [org.springframework.security.web.context.request.async.WebAsyncManagerIntegrationFilter@b6caa0b, org.springframework.security.web.context.SecurityContextPersistenceFilter@9933abc, org.springframework.security.web.header.HeaderWriterFilter@5969cafe, org.springframework.security.web.csrf.CsrfFilter@721469ad, org.springframework.security.web.authentication.logout.LogoutFilter@687ed7e9, org.springframework.security.web.authentication.UsernamePasswordAuthenticationFilter@7abb8083, org.springframework.security.web.savedrequest.RequestCacheAwareFilter@196d66b8, org.springframework.security.web.servletapi.SecurityContextHolderAwareRequestFilter@22ecdf29, org.springframework.security.web.authentication.AnonymousAuthenticationFilter@1351b012, org.springframework.security.web.session.SessionManagementFilter@5ee29ba9, org.springframework.security.web.access.ExceptionTranslationFilter@59a078f8, org.springframework.security.web.access.intercept.FilterSecurityInterceptor@27eebe2c]
2017-11-16 01:49:33.807  INFO [-,,,] 1843 --- [    Test worker] s.w.s.m.m.a.RequestMappingHandlerMapping : Mapped "{[/],methods=[GET]}" onto public java.lang.String com.lsken.lskenapp.LskenappApplication.home(java.lang.String[])
2017-11-16 01:49:33.812  INFO [-,,,] 1843 --- [    Test worker] s.w.s.m.m.a.RequestMappingHandlerMapping : Mapped "{[/groups/{id}],methods=[GET]}" onto com.lsken.lskenapp.domain.Group com.lsken.lskenapp.api.GroupRestController.getGroup(java.lang.String)
2017-11-16 01:49:33.812  INFO [-,,,] 1843 --- [    Test worker] s.w.s.m.m.a.RequestMappingHandlerMapping : Mapped "{[/groups],methods=[GET]}" onto java.util.List<com.lsken.lskenapp.domain.Group> com.lsken.lskenapp.api.GroupRestController.getGroups()
2017-11-16 01:49:33.813  INFO [-,,,] 1843 --- [    Test worker] s.w.s.m.m.a.RequestMappingHandlerMapping : Mapped "{[/groups],methods=[POST]}" onto com.lsken.lskenapp.domain.Group com.lsken.lskenapp.api.GroupRestController.postGroup(com.lsken.lskenapp.domain.Group)
2017-11-16 01:49:33.814  INFO [-,,,] 1843 --- [    Test worker] s.w.s.m.m.a.RequestMappingHandlerMapping : Mapped "{[/messages/{id}],methods=[GET]}" onto com.lsken.lskenapp.domain.Message com.lsken.lskenapp.api.MessageRestController.getMessage(java.lang.Integer,java.lang.String)
2017-11-16 01:49:33.815  INFO [-,,,] 1843 --- [    Test worker] s.w.s.m.m.a.RequestMappingHandlerMapping : Mapped "{[/messages],methods=[GET]}" onto java.util.List<com.lsken.lskenapp.domain.Message> com.lsken.lskenapp.api.MessageRestController.getMessages(java.lang.String)
2017-11-16 01:49:33.815  INFO [-,,,] 1843 --- [    Test worker] s.w.s.m.m.a.RequestMappingHandlerMapping : Mapped "{[/messages],methods=[POST]}" onto com.lsken.lskenapp.domain.Message com.lsken.lskenapp.api.MessageRestController.postMessage(com.lsken.lskenapp.domain.Message,java.lang.String)
2017-11-16 01:49:33.817  INFO [-,,,] 1843 --- [    Test worker] s.w.s.m.m.a.RequestMappingHandlerMapping : Mapped "{[/stamps/{id}],methods=[GET]}" onto com.lsken.lskenapp.domain.Stamp com.lsken.lskenapp.api.StampRestController.getStamps(java.lang.String)
2017-11-16 01:49:33.817  INFO [-,,,] 1843 --- [    Test worker] s.w.s.m.m.a.RequestMappingHandlerMapping : Mapped "{[/stamps],methods=[GET]}" onto java.util.List<com.lsken.lskenapp.domain.Stamp> com.lsken.lskenapp.api.StampRestController.getStamps()
2017-11-16 01:49:33.818  INFO [-,,,] 1843 --- [    Test worker] s.w.s.m.m.a.RequestMappingHandlerMapping : Mapped "{[/stamps],methods=[POST]}" onto com.lsken.lskenapp.domain.Stamp com.lsken.lskenapp.api.StampRestController.postStamp(com.lsken.lskenapp.domain.Stamp)
2017-11-16 01:49:33.820  INFO [-,,,] 1843 --- [    Test worker] s.w.s.m.m.a.RequestMappingHandlerMapping : Mapped "{[/users/{id}],methods=[GET]}" onto com.lsken.lskenapp.domain.User com.lsken.lskenapp.api.UserRestController.getUser(java.lang.String)
2017-11-16 01:49:33.820  INFO [-,,,] 1843 --- [    Test worker] s.w.s.m.m.a.RequestMappingHandlerMapping : Mapped "{[/users],methods=[POST]}" onto com.lsken.lskenapp.domain.User com.lsken.lskenapp.api.UserRestController.postUser(com.lsken.lskenapp.domain.User)
2017-11-16 01:49:33.820  INFO [-,,,] 1843 --- [    Test worker] s.w.s.m.m.a.RequestMappingHandlerMapping : Mapped "{[/users],methods=[GET]}" onto java.util.List<com.lsken.lskenapp.domain.User> com.lsken.lskenapp.api.UserRestController.getUsers()
2017-11-16 01:49:33.821  INFO [-,,,] 1843 --- [    Test worker] s.w.s.m.m.a.RequestMappingHandlerMapping : Mapped "{[/loginForm]}" onto public java.lang.String com.lsken.lskenapp.web.LoginController.top(org.springframework.ui.Model)
2017-11-16 01:49:33.822  INFO [-,,,] 1843 --- [    Test worker] s.w.s.m.m.a.RequestMappingHandlerMapping : Mapped "{[/messagelist]}" onto public java.lang.String com.lsken.lskenapp.web.MessageListController.index(org.springframework.ui.Model)
2017-11-16 01:49:33.825  INFO [-,,,] 1843 --- [    Test worker] s.w.s.m.m.a.RequestMappingHandlerMapping : Mapped "{[/error]}" onto public org.springframework.http.ResponseEntity<java.util.Map<java.lang.String, java.lang.Object>> org.springframework.boot.autoconfigure.web.BasicErrorController.error(javax.servlet.http.HttpServletRequest)
2017-11-16 01:49:33.826  INFO [-,,,] 1843 --- [    Test worker] s.w.s.m.m.a.RequestMappingHandlerMapping : Mapped "{[/error],produces=[text/html]}" onto public org.springframework.web.servlet.ModelAndView org.springframework.boot.autoconfigure.web.BasicErrorController.errorHtml(javax.servlet.http.HttpServletRequest,javax.servlet.http.HttpServletResponse)
2017-11-16 01:49:33.996  INFO [-,,,] 1843 --- [    Test worker] o.s.w.s.handler.SimpleUrlHandlerMapping  : Mapped URL path [/webjars/**] onto handler of type [class org.springframework.web.servlet.resource.ResourceHttpRequestHandler]
[...]
2017-11-16 01:49:39.166  INFO [-,,,] 1843 --- [    Test worker] jdbc.audit                               : 10. PreparedStatement.setInt(6, 3) returned 
2017-11-16 01:49:39.166  INFO [-,,,] 1843 --- [    Test worker] jdbc.sqlonly                             : update messages set from_user_id='u001', group_id='g001', message_detail='hello hello', post_date='11/16/2017 
01:49:38.823', type='text' where message_id=3 
2017-11-16 01:49:39.167  INFO [-,,,] 1843 --- [    Test worker] jdbc.sqltiming                           : update messages set from_user_id='u001', group_id='g001', message_detail='hello hello', post_date='11/16/2017 
01:49:38.823', type='text' where message_id=3  {executed in 1 msec}
2017-11-16 01:49:39.167  INFO [-,,,] 1843 --- [    Test worker] jdbc.audit                               : 10. PreparedStatement.executeUpdate() returned 1
2017-11-16 01:49:39.168  INFO [-,,,] 1843 --- [    Test worker] jdbc.audit                               : 10. PreparedStatement.getMaxRows() returned 0
2017-11-16 01:49:39.168  INFO [-,,,] 1843 --- [    Test worker] jdbc.audit                               : 10. PreparedStatement.getQueryTimeout() returned 0
2017-11-16 01:49:39.168  INFO [-,,,] 1843 --- [    Test worker] jdbc.audit                               : 10. PreparedStatement.close() returned 
2017-11-16 01:49:39.169  INFO [-,,,] 1843 --- [    Test worker] jdbc.audit                               : 10. Connection.commit() returned 
2017-11-16 01:49:39.169  INFO [-,,,] 1843 --- [    Test worker] jdbc.audit                               : 10. Connection.setAutoCommit(true) returned 
2017-11-16 01:49:39.169  INFO [-,,,] 1843 --- [    Test worker] jdbc.audit                               : 10. Connection.getWarnings() returned null
2017-11-16 01:49:39.169  INFO [-,,,] 1843 --- [    Test worker] jdbc.audit                               : 10. Connection.clearWarnings() returned 
2017-11-16 01:49:39.170  INFO [-,,,] 1843 --- [    Test worker] jdbc.audit                               : 10. Connection.getAutoCommit() returned true
2017-11-16 01:49:39.170  INFO [-,,,] 1843 --- [    Test worker] jdbc.audit                               : 10. Connection.setAutoCommit(false) returned 
2017-11-16 01:49:39.170  INFO [-,,,] 1843 --- [    Test worker] jdbc.audit                               : 10. PreparedStatement.new PreparedStatement returned 
2017-11-16 01:49:39.170  INFO [-,,,] 1843 --- [    Test worker] jdbc.audit                               : 10. Connection.prepareStatement(select message0_.message_id as message_1_1_0_, message0_.from_user_id as from_use2_1_0_, message0_.group_id as group_id3_1_0_, message0_.message_detail as message_4_1_0_, message0_.post_date as post_dat5_1_0_, message0_.type as type6_1_0_ from messages message0_ where message0_.message_id=?) returned net.sf.log4jdbc.PreparedStatementSpy@5fa76662
2017-11-16 01:49:39.171  INFO [-,,,] 1843 --- [    Test worker] jdbc.audit                               : 10. PreparedStatement.setInt(1, 4) returned 
2017-11-16 01:49:39.171  INFO [-,,,] 1843 --- [    Test worker] jdbc.audit                               : 10. PreparedStatement.isWrapperFor(java.sql.CallableStatement) returned false
2017-11-16 01:49:39.171  INFO [-,,,] 1843 --- [    Test worker] jdbc.sqlonly                             : select message0_.message_id as message_1_1_0_, message0_.from_user_id as from_use2_1_0_, message0_.group_id 
as group_id3_1_0_, message0_.message_detail as message_4_1_0_, message0_.post_date as post_dat5_1_0_, 
message0_.type as type6_1_0_ from messages message0_ where message0_.message_id=4 
2017-11-16 01:49:39.171  INFO [-,,,] 1843 --- [    Test worker] jdbc.sqltiming                           : select message0_.message_id as message_1_1_0_, message0_.from_user_id as from_use2_1_0_, message0_.group_id 
as group_id3_1_0_, message0_.message_detail as message_4_1_0_, message0_.post_date as post_dat5_1_0_, 
message0_.type as type6_1_0_ from messages message0_ where message0_.message_id=4  {executed in 0 msec}
2017-11-16 01:49:39.171  INFO [-,,,] 1843 --- [    Test worker] jdbc.resultset                           : 10. ResultSet.new ResultSet returned 
2017-11-16 01:49:39.172  INFO [-,,,] 1843 --- [    Test worker] jdbc.audit                               : 10. PreparedStatement.executeQuery() returned net.sf.log4jdbc.ResultSetSpy@69465693
2017-11-16 01:49:39.172  INFO [-,,,] 1843 --- [    Test worker] jdbc.resultset                           : 10. ResultSet.next() returned true
2017-11-16 01:49:39.172  INFO [-,,,] 1843 --- [    Test worker] jdbc.resultset                           : 10. ResultSet.getString(from_use2_1_0_) returned u001
2017-11-16 01:49:39.172  INFO [-,,,] 1843 --- [    Test worker] jdbc.resultset                           : 10. ResultSet.wasNull() returned false
2017-11-16 01:49:39.172  INFO [-,,,] 1843 --- [    Test worker] jdbc.resultset                           : 10. ResultSet.getString(group_id3_1_0_) returned g001
2017-11-16 01:49:39.172  INFO [-,,,] 1843 --- [    Test worker] jdbc.resultset                           : 10. ResultSet.wasNull() returned false
2017-11-16 01:49:39.172  INFO [-,,,] 1843 --- [    Test worker] jdbc.resultset                           : 10. ResultSet.getString(message_4_1_0_) returned hello hello
2017-11-16 01:49:39.172  INFO [-,,,] 1843 --- [    Test worker] jdbc.resultset                           : 10. ResultSet.wasNull() returned false
2017-11-16 01:49:39.173  INFO [-,,,] 1843 --- [    Test worker] jdbc.resultset                           : 10. ResultSet.getTimestamp(post_dat5_1_0_) returned 2017-11-14 17:17:22.845
2017-11-16 01:49:39.173  INFO [-,,,] 1843 --- [    Test worker] jdbc.resultset                           : 10. ResultSet.wasNull() returned false
2017-11-16 01:49:39.173  INFO [-,,,] 1843 --- [    Test worker] jdbc.resultset                           : 10. ResultSet.getString(type6_1_0_) returned text
2017-11-16 01:49:39.173  INFO [-,,,] 1843 --- [    Test worker] jdbc.resultset                           : 10. ResultSet.wasNull() returned false
2017-11-16 01:49:39.173  INFO [-,,,] 1843 --- [    Test worker] jdbc.resultsettable                      : |-----------|-------------|---------|---------------|------------------------|-----|
2017-11-16 01:49:39.174  INFO [-,,,] 1843 --- [    Test worker] jdbc.resultsettable                      : |MESSAGE_ID |FROM_USER_ID |GROUP_ID |MESSAGE_DETAIL |POST_DATE               |TYPE |
2017-11-16 01:49:39.174  INFO [-,,,] 1843 --- [    Test worker] jdbc.resultsettable                      : |-----------|-------------|---------|---------------|------------------------|-----|
2017-11-16 01:49:39.174  INFO [-,,,] 1843 --- [    Test worker] jdbc.resultsettable                      : |[unread]   |u001         |g001     |hello hello    |2017-11-14 17:17:22.845 |text |
2017-11-16 01:49:39.174  INFO [-,,,] 1843 --- [    Test worker] jdbc.resultsettable                      : |-----------|-------------|---------|---------------|------------------------|-----|
2017-11-16 01:49:39.174  INFO [-,,,] 1843 --- [    Test worker] jdbc.resultset                           : 10. ResultSet.next() returned false
2017-11-16 01:49:39.175  INFO [-,,,] 1843 --- [    Test worker] jdbc.resultset                           : 10. ResultSet.close() returned null
2017-11-16 01:49:39.175  INFO [-,,,] 1843 --- [    Test worker] jdbc.audit                               : 10. PreparedStatement.getMaxRows() returned 0
2017-11-16 01:49:39.175  INFO [-,,,] 1843 --- [    Test worker] jdbc.audit                               : 10. PreparedStatement.getQueryTimeout() returned 0
2017-11-16 01:49:39.175  INFO [-,,,] 1843 --- [    Test worker] jdbc.audit                               : 10. PreparedStatement.close() returned 
2017-11-16 01:49:39.176  INFO [-,,,] 1843 --- [    Test worker] jdbc.audit                               : 10. PreparedStatement.new PreparedStatement returned 
2017-11-16 01:49:39.176  INFO [-,,,] 1843 --- [    Test worker] jdbc.audit                               : 10. Connection.prepareStatement(update messages set from_user_id=?, group_id=?, message_detail=?, post_date=?, type=? where message_id=?) returned net.sf.log4jdbc.PreparedStatementSpy@34afadea
2017-11-16 01:49:39.176  INFO [-,,,] 1843 --- [    Test worker] jdbc.audit                               : 10. PreparedStatement.setString(1, "u001") returned 
2017-11-16 01:49:39.176  INFO [-,,,] 1843 --- [    Test worker] jdbc.audit                               : 10. PreparedStatement.setString(2, "g001") returned 
2017-11-16 01:49:39.176  INFO [-,,,] 1843 --- [    Test worker] jdbc.audit                               : 10. PreparedStatement.setString(3, "hello hello") returned 
2017-11-16 01:49:39.177  INFO [-,,,] 1843 --- [    Test worker] jdbc.audit                               : 10. PreparedStatement.setTimestamp(4, 2017-11-16 01:49:38.823) returned 
2017-11-16 01:49:39.177  INFO [-,,,] 1843 --- [    Test worker] jdbc.audit                               : 10. PreparedStatement.setString(5, "text") returned 
2017-11-16 01:49:39.177  INFO [-,,,] 1843 --- [    Test worker] jdbc.audit                               : 10. PreparedStatement.setInt(6, 4) returned 
2017-11-16 01:49:39.177  INFO [-,,,] 1843 --- [    Test worker] jdbc.sqlonly                             : update messages set from_user_id='u001', group_id='g001', message_detail='hello hello', post_date='11/16/2017 
01:49:38.823', type='text' where message_id=4 
2017-11-16 01:49:39.178  INFO [-,,,] 1843 --- [    Test worker] jdbc.sqltiming                           : update messages set from_user_id='u001', group_id='g001', message_detail='hello hello', post_date='11/16/2017 
01:49:38.823', type='text' where message_id=4  {executed in 1 msec}
2017-11-16 01:49:39.178  INFO [-,,,] 1843 --- [    Test worker] jdbc.audit                               : 10. PreparedStatement.executeUpdate() returned 1
2017-11-16 01:49:39.178  INFO [-,,,] 1843 --- [    Test worker] jdbc.audit                               : 10. PreparedStatement.getMaxRows() returned 0
2017-11-16 01:49:39.178  INFO [-,,,] 1843 --- [    Test worker] jdbc.audit                               : 10. PreparedStatement.getQueryTimeout() returned 0
2017-11-16 01:49:39.178  INFO [-,,,] 1843 --- [    Test worker] jdbc.audit                               : 10. PreparedStatement.close() returned 
2017-11-16 01:49:39.178  INFO [-,,,] 1843 --- [    Test worker] jdbc.audit                               : 10. Connection.commit() returned 
2017-11-16 01:49:39.179  INFO [-,,,] 1843 --- [    Test worker] jdbc.audit                               : 10. Connection.setAutoCommit(true) returned 
2017-11-16 01:49:39.179  INFO [-,,,] 1843 --- [    Test worker] jdbc.audit                               : 10. Connection.getWarnings() returned null
2017-11-16 01:49:39.179  INFO [-,,,] 1843 --- [    Test worker] jdbc.audit                               : 10. Connection.clearWarnings() returned 
2017-11-16 01:49:39.180  INFO [-,,,] 1843 --- [    Test worker] jdbc.audit                               : 10. Connection.getAutoCommit() returned true
2017-11-16 01:49:39.180  INFO [-,,,] 1843 --- [    Test worker] jdbc.audit                               : 10. Connection.setAutoCommit(false) returned 
2017-11-16 01:49:39.182  INFO [-,,,] 1843 --- [    Test worker] jdbc.audit                               : 10. PreparedStatement.new PreparedStatement returned 
2017-11-16 01:49:39.183  INFO [-,,,] 1843 --- [    Test worker] jdbc.audit                               : 10. Connection.prepareStatement(select group0_.group_id as group_id1_0_0_, group0_.group_name as group_na2_0_0_ from groups group0_ where group0_.group_id=?) returned net.sf.log4jdbc.PreparedStatementSpy@17fc51f6
2017-11-16 01:49:39.183  INFO [-,,,] 1843 --- [    Test worker] jdbc.audit                               : 10. PreparedStatement.setString(1, "g001") returned 
2017-11-16 01:49:39.183  INFO [-,,,] 1843 --- [    Test worker] jdbc.audit                               : 10. PreparedStatement.isWrapperFor(java.sql.CallableStatement) returned false
2017-11-16 01:49:39.183  INFO [-,,,] 1843 --- [    Test worker] jdbc.sqlonly                             : select group0_.group_id as group_id1_0_0_, group0_.group_name as group_na2_0_0_ from groups 
group0_ where group0_.group_id='g001' 
2017-11-16 01:49:39.184  INFO [-,,,] 1843 --- [    Test worker] jdbc.sqltiming                           : select group0_.group_id as group_id1_0_0_, group0_.group_name as group_na2_0_0_ from groups 
group0_ where group0_.group_id='g001'  {executed in 1 msec}
2017-11-16 01:49:39.184  INFO [-,,,] 1843 --- [    Test worker] jdbc.resultset                           : 10. ResultSet.new ResultSet returned 
2017-11-16 01:49:39.184  INFO [-,,,] 1843 --- [    Test worker] jdbc.audit                               : 10. PreparedStatement.executeQuery() returned net.sf.log4jdbc.ResultSetSpy@43b9ef4d
2017-11-16 01:49:39.184  INFO [-,,,] 1843 --- [    Test worker] jdbc.resultset                           : 10. ResultSet.next() returned true
2017-11-16 01:49:39.184  INFO [-,,,] 1843 --- [    Test worker] jdbc.resultset                           : 10. ResultSet.getString(group_na2_0_0_) returned LS-007
2017-11-16 01:49:39.184  INFO [-,,,] 1843 --- [    Test worker] jdbc.resultset                           : 10. ResultSet.wasNull() returned false
2017-11-16 01:49:39.185  INFO [-,,,] 1843 --- [    Test worker] jdbc.resultsettable                      : |---------|-----------|
2017-11-16 01:49:39.185  INFO [-,,,] 1843 --- [    Test worker] jdbc.resultsettable                      : |GROUP_ID |GROUP_NAME |
2017-11-16 01:49:39.185  INFO [-,,,] 1843 --- [    Test worker] jdbc.resultsettable                      : |---------|-----------|
2017-11-16 01:49:39.185  INFO [-,,,] 1843 --- [    Test worker] jdbc.resultsettable                      : |[unread] |LS-007     |
2017-11-16 01:49:39.185  INFO [-,,,] 1843 --- [    Test worker] jdbc.resultsettable                      : |---------|-----------|
2017-11-16 01:49:39.186  INFO [-,,,] 1843 --- [    Test worker] jdbc.resultset                           : 10. ResultSet.next() returned false
2017-11-16 01:49:39.186  INFO [-,,,] 1843 --- [    Test worker] jdbc.resultset                           : 10. ResultSet.close() returned null
2017-11-16 01:49:39.186  INFO [-,,,] 1843 --- [    Test worker] jdbc.audit                               : 10. PreparedStatement.getMaxRows() returned 0
2017-11-16 01:49:39.186  INFO [-,,,] 1843 --- [    Test worker] jdbc.audit                               : 10. PreparedStatement.getQueryTimeout() returned 0
2017-11-16 01:49:39.186  INFO [-,,,] 1843 --- [    Test worker] jdbc.audit                               : 10. PreparedStatement.close() returned 
2017-11-16 01:49:39.187  INFO [-,,,] 1843 --- [    Test worker] jdbc.audit                               : 10. Connection.commit() returned 
2017-11-16 01:49:39.187  INFO [-,,,] 1843 --- [    Test worker] jdbc.audit                               : 10. Connection.setAutoCommit(true) returned 
2017-11-16 01:49:39.187  INFO [-,,,] 1843 --- [    Test worker] jdbc.audit                               : 10. Connection.getWarnings() returned null
2017-11-16 01:49:39.188  INFO [-,,,] 1843 --- [    Test worker] jdbc.audit                               : 10. Connection.clearWarnings() returned 
2017-11-16 01:49:39.189  INFO [-,,,] 1843 --- [    Test worker] jdbc.audit                               : 10. Connection.getAutoCommit() returned true
2017-11-16 01:49:39.189  INFO [-,,,] 1843 --- [    Test worker] jdbc.audit                               : 10. Connection.setAutoCommit(false) returned 
2017-11-16 01:49:39.191  INFO [-,,,] 1843 --- [    Test worker] jdbc.audit                               : 10. PreparedStatement.new PreparedStatement returned 
2017-11-16 01:49:39.191  INFO [-,,,] 1843 --- [    Test worker] jdbc.audit                               : 10. Connection.prepareStatement(select user0_.user_id as user_id1_3_0_, user0_.user_name as user_nam2_3_0_ from users user0_ where user0_.user_id=?) returned net.sf.log4jdbc.PreparedStatementSpy@4c3c07cc
2017-11-16 01:49:39.192  INFO [-,,,] 1843 --- [    Test worker] jdbc.audit                               : 10. PreparedStatement.setString(1, "u001") returned 
2017-11-16 01:49:39.192  INFO [-,,,] 1843 --- [    Test worker] jdbc.audit                               : 10. PreparedStatement.isWrapperFor(java.sql.CallableStatement) returned false
2017-11-16 01:49:39.192  INFO [-,,,] 1843 --- [    Test worker] jdbc.sqlonly                             : select user0_.user_id as user_id1_3_0_, user0_.user_name as user_nam2_3_0_ from users user0_ 
where user0_.user_id='u001' 
2017-11-16 01:49:39.192  INFO [-,,,] 1843 --- [    Test worker] jdbc.sqltiming                           : select user0_.user_id as user_id1_3_0_, user0_.user_name as user_nam2_3_0_ from users user0_ 
where user0_.user_id='u001'  {executed in 0 msec}
2017-11-16 01:49:39.193  INFO [-,,,] 1843 --- [    Test worker] jdbc.resultset                           : 10. ResultSet.new ResultSet returned 
2017-11-16 01:49:39.193  INFO [-,,,] 1843 --- [    Test worker] jdbc.audit                               : 10. PreparedStatement.executeQuery() returned net.sf.log4jdbc.ResultSetSpy@58a657ac
2017-11-16 01:49:39.193  INFO [-,,,] 1843 --- [    Test worker] jdbc.resultset                           : 10. ResultSet.next() returned true
2017-11-16 01:49:39.193  INFO [-,,,] 1843 --- [    Test worker] jdbc.resultset                           : 10. ResultSet.getString(user_nam2_3_0_) returned takahashi
2017-11-16 01:49:39.193  INFO [-,,,] 1843 --- [    Test worker] jdbc.resultset                           : 10. ResultSet.wasNull() returned false
2017-11-16 01:49:39.194  INFO [-,,,] 1843 --- [    Test worker] jdbc.resultsettable                      : |---------|----------|
2017-11-16 01:49:39.194  INFO [-,,,] 1843 --- [    Test worker] jdbc.resultsettable                      : |USER_ID  |USER_NAME |
2017-11-16 01:49:39.194  INFO [-,,,] 1843 --- [    Test worker] jdbc.resultsettable                      : |---------|----------|
2017-11-16 01:49:39.194  INFO [-,,,] 1843 --- [    Test worker] jdbc.resultsettable                      : |[unread] |takahashi |
2017-11-16 01:49:39.194  INFO [-,,,] 1843 --- [    Test worker] jdbc.resultsettable                      : |---------|----------|
2017-11-16 01:49:39.195  INFO [-,,,] 1843 --- [    Test worker] jdbc.resultset                           : 10. ResultSet.next() returned false
2017-11-16 01:49:39.195  INFO [-,,,] 1843 --- [    Test worker] jdbc.resultset                           : 10. ResultSet.close() returned null
2017-11-16 01:49:39.196  INFO [-,,,] 1843 --- [    Test worker] jdbc.audit                               : 10. PreparedStatement.getMaxRows() returned 0
2017-11-16 01:49:39.196  INFO [-,,,] 1843 --- [    Test worker] jdbc.audit                               : 10. PreparedStatement.getQueryTimeout() returned 0
2017-11-16 01:49:39.196  INFO [-,,,] 1843 --- [    Test worker] jdbc.audit                               : 10. PreparedStatement.close() returned 
2017-11-16 01:49:39.196  INFO [-,,,] 1843 --- [    Test worker] jdbc.audit                               : 10. Connection.commit() returned 
2017-11-16 01:49:39.197  INFO [-,,,] 1843 --- [    Test worker] jdbc.audit                               : 10. Connection.setAutoCommit(true) returned 
2017-11-16 01:49:39.197  INFO [-,,,] 1843 --- [    Test worker] jdbc.audit                               : 10. Connection.getWarnings() returned null
2017-11-16 01:49:39.197  INFO [-,,,] 1843 --- [    Test worker] jdbc.audit                               : 10. Connection.clearWarnings() returned 
2017-11-16 01:49:39.200  INFO [-,,,] 1843 --- [    Test worker] c.l.lskenapp.LskenappApplicationTests    : Started LskenappApplicationTests in 13.963 seconds (JVM running for 15.023)
]]></system-out>
  <system-err><![CDATA[]]></system-err>
</testsuite>
